[11.155s] DEBUG:colcon:Command line arguments: ['/usr/bin/colcon', 'build']
[11.156s] DEBUG:colcon:Parsed command line arguments: Namespace(log_base=None, log_level=None, verb_name='build', build_base='build', install_base='install', merge_install=False, symlink_install=False, test_result_base=None, continue_on_error=False, executor='parallel', parallel_workers=4, event_handlers=None, ignore_user_meta=False, metas=['./colcon.meta'], base_paths=['.'], packages_ignore=None, packages_ignore_regex=None, paths=None, packages_up_to=None, packages_up_to_regex=None, packages_above=None, packages_above_and_dependencies=None, packages_above_depth=None, packages_select_by_dep=None, packages_skip_by_dep=None, packages_skip_up_to=None, packages_select_build_failed=False, packages_skip_build_finished=False, packages_select_test_failures=False, packages_skip_test_passed=False, packages_select=None, packages_skip=None, packages_select_regex=None, packages_skip_regex=None, packages_start=None, packages_end=None, allow_overriding=[], cmake_args=None, cmake_target=None, cmake_target_skip_unavailable=False, cmake_clean_cache=False, cmake_clean_first=False, cmake_force_configure=False, ament_cmake_args=None, catkin_cmake_args=None, catkin_skip_building_tests=False, verb_parser=<colcon_defaults.argument_parser.defaults.DefaultArgumentsDecorator object at 0xffffb8598340>, verb_extension=<colcon_core.verb.build.BuildVerb object at 0xffffb8944580>, main=<bound method BuildVerb.main of <colcon_core.verb.build.BuildVerb object at 0xffffb8944580>>)
[11.673s] Level 1:colcon.colcon_core.package_discovery:discover_packages(colcon_meta) check parameters
[11.674s] Level 1:colcon.colcon_core.package_discovery:discover_packages(recursive) check parameters
[11.674s] Level 1:colcon.colcon_core.package_discovery:discover_packages(ignore) check parameters
[11.675s] Level 1:colcon.colcon_core.package_discovery:discover_packages(path) check parameters
[11.675s] Level 1:colcon.colcon_core.package_discovery:discover_packages(colcon_meta) discover
[11.676s] Level 1:colcon.colcon_core.package_discovery:discover_packages(recursive) discover
[11.676s] INFO:colcon.colcon_core.package_discovery:Crawling recursively for packages in '/home/vignesh/micronav_ws'
[11.677s] Level 1:colcon.colcon_core.package_identification:_identify(.) by extensions ['ignore', 'ignore_ament_install']
[11.678s] Level 1:colcon.colcon_core.package_identification:_identify(.) by extension 'ignore'
[11.679s] Level 1:colcon.colcon_core.package_identification:_identify(.) by extension 'ignore_ament_install'
[11.680s] Level 1:colcon.colcon_core.package_identification:_identify(.) by extensions ['colcon_pkg']
[11.680s] Level 1:colcon.colcon_core.package_identification:_identify(.) by extension 'colcon_pkg'
[11.681s] Level 1:colcon.colcon_core.package_identification:_identify(.) by extensions ['colcon_meta']
[11.681s] Level 1:colcon.colcon_core.package_identification:_identify(.) by extension 'colcon_meta'
[11.682s] Level 1:colcon.colcon_core.package_identification:_identify(.) by extensions ['ros']
[11.682s] Level 1:colcon.colcon_core.package_identification:_identify(.) by extension 'ros'
[11.842s] Level 1:colcon.colcon_core.package_identification:_identify(.) by extensions ['cmake', 'python']
[11.843s] Level 1:colcon.colcon_core.package_identification:_identify(.) by extension 'cmake'
[11.844s] Level 1:colcon.colcon_core.package_identification:_identify(.) by extension 'python'
[11.844s] Level 1:colcon.colcon_core.package_identification:_identify(.) by extensions ['python_setup_py']
[11.845s] Level 1:colcon.colcon_core.package_identification:_identify(.) by extension 'python_setup_py'
[11.846s] Level 1:colcon.colcon_core.package_identification:_identify(build) by extensions ['ignore', 'ignore_ament_install']
[11.847s] Level 1:colcon.colcon_core.package_identification:_identify(build) by extension 'ignore'
[11.848s] Level 1:colcon.colcon_core.package_identification:_identify(build) ignored
[11.850s] Level 1:colcon.colcon_core.package_identification:_identify(install) by extensions ['ignore', 'ignore_ament_install']
[11.851s] Level 1:colcon.colcon_core.package_identification:_identify(install) by extension 'ignore'
[11.852s] Level 1:colcon.colcon_core.package_identification:_identify(install) ignored
[11.853s] Level 1:colcon.colcon_core.package_identification:_identify(log) by extensions ['ignore', 'ignore_ament_install']
[11.854s] Level 1:colcon.colcon_core.package_identification:_identify(log) by extension 'ignore'
[11.855s] Level 1:colcon.colcon_core.package_identification:_identify(log) ignored
[11.856s] Level 1:colcon.colcon_core.package_identification:_identify(src) by extensions ['ignore', 'ignore_ament_install']
[11.857s] Level 1:colcon.colcon_core.package_identification:_identify(src) by extension 'ignore'
[11.858s] Level 1:colcon.colcon_core.package_identification:_identify(src) by extension 'ignore_ament_install'
[11.859s] Level 1:colcon.colcon_core.package_identification:_identify(src) by extensions ['colcon_pkg']
[11.859s] Level 1:colcon.colcon_core.package_identification:_identify(src) by extension 'colcon_pkg'
[11.860s] Level 1:colcon.colcon_core.package_identification:_identify(src) by extensions ['colcon_meta']
[11.860s] Level 1:colcon.colcon_core.package_identification:_identify(src) by extension 'colcon_meta'
[11.861s] Level 1:colcon.colcon_core.package_identification:_identify(src) by extensions ['ros']
[11.861s] Level 1:colcon.colcon_core.package_identification:_identify(src) by extension 'ros'
[11.862s] Level 1:colcon.colcon_core.package_identification:_identify(src) by extensions ['cmake', 'python']
[11.863s] Level 1:colcon.colcon_core.package_identification:_identify(src) by extension 'cmake'
[11.864s] Level 1:colcon.colcon_core.package_identification:_identify(src) by extension 'python'
[11.865s] Level 1:colcon.colcon_core.package_identification:_identify(src) by extensions ['python_setup_py']
[11.865s] Level 1:colcon.colcon_core.package_identification:_identify(src) by extension 'python_setup_py'
[11.866s] Level 1:colcon.colcon_core.package_identification:_identify(src/camera_controller) by extensions ['ignore', 'ignore_ament_install']
[11.868s] Level 1:colcon.colcon_core.package_identification:_identify(src/camera_controller) by extension 'ignore'
[11.869s] Level 1:colcon.colcon_core.package_identification:_identify(src/camera_controller) by extension 'ignore_ament_install'
[11.869s] Level 1:colcon.colcon_core.package_identification:_identify(src/camera_controller) by extensions ['colcon_pkg']
[11.870s] Level 1:colcon.colcon_core.package_identification:_identify(src/camera_controller) by extension 'colcon_pkg'
[11.871s] Level 1:colcon.colcon_core.package_identification:_identify(src/camera_controller) by extensions ['colcon_meta']
[11.871s] Level 1:colcon.colcon_core.package_identification:_identify(src/camera_controller) by extension 'colcon_meta'
[11.872s] Level 1:colcon.colcon_core.package_identification:_identify(src/camera_controller) by extensions ['ros']
[11.872s] Level 1:colcon.colcon_core.package_identification:_identify(src/camera_controller) by extension 'ros'
[11.901s] DEBUG:colcon.colcon_core.package_identification:Package 'src/camera_controller' with type 'ros.ament_python' and name 'camera_controller'
[11.903s] Level 1:colcon.colcon_core.package_identification:_identify(src/serial_controller) by extensions ['ignore', 'ignore_ament_install']
[11.904s] Level 1:colcon.colcon_core.package_identification:_identify(src/serial_controller) by extension 'ignore'
[11.905s] Level 1:colcon.colcon_core.package_identification:_identify(src/serial_controller) by extension 'ignore_ament_install'
[11.906s] Level 1:colcon.colcon_core.package_identification:_identify(src/serial_controller) by extensions ['colcon_pkg']
[11.906s] Level 1:colcon.colcon_core.package_identification:_identify(src/serial_controller) by extension 'colcon_pkg'
[11.907s] Level 1:colcon.colcon_core.package_identification:_identify(src/serial_controller) by extensions ['colcon_meta']
[11.908s] Level 1:colcon.colcon_core.package_identification:_identify(src/serial_controller) by extension 'colcon_meta'
[11.908s] Level 1:colcon.colcon_core.package_identification:_identify(src/serial_controller) by extensions ['ros']
[11.909s] Level 1:colcon.colcon_core.package_identification:_identify(src/serial_controller) by extension 'ros'
[11.916s] DEBUG:colcon.colcon_core.package_identification:Package 'src/serial_controller' with type 'ros.ament_python' and name 'serial_controller'
[11.917s] Level 1:colcon.colcon_core.package_discovery:discover_packages(recursive) using defaults
[11.918s] Level 1:colcon.colcon_core.package_discovery:discover_packages(ignore) discover
[11.918s] Level 1:colcon.colcon_core.package_discovery:discover_packages(ignore) using defaults
[11.918s] Level 1:colcon.colcon_core.package_discovery:discover_packages(path) discover
[11.919s] Level 1:colcon.colcon_core.package_discovery:discover_packages(path) using defaults
[12.899s] Level 1:colcon.colcon_core.package_discovery:discover_packages(prefix_path) check parameters
[12.899s] Level 1:colcon.colcon_core.package_discovery:discover_packages(prefix_path) discover
[13.221s] DEBUG:colcon.colcon_installed_package_information.package_discovery:Found 2 installed packages in /home/vignesh/micronav_ws/install
[13.391s] DEBUG:colcon.colcon_installed_package_information.package_discovery:Found 183 installed packages in /opt/ros/humble
[13.403s] Level 1:colcon.colcon_core.package_discovery:discover_packages(prefix_path) using defaults
[14.285s] Level 5:colcon.colcon_core.verb:set package 'camera_controller' build argument 'cmake_args' from command line to 'None'
[14.286s] Level 5:colcon.colcon_core.verb:set package 'camera_controller' build argument 'cmake_target' from command line to 'None'
[14.286s] Level 5:colcon.colcon_core.verb:set package 'camera_controller' build argument 'cmake_target_skip_unavailable' from command line to 'False'
[14.286s] Level 5:colcon.colcon_core.verb:set package 'camera_controller' build argument 'cmake_clean_cache' from command line to 'False'
[14.287s] Level 5:colcon.colcon_core.verb:set package 'camera_controller' build argument 'cmake_clean_first' from command line to 'False'
[14.287s] Level 5:colcon.colcon_core.verb:set package 'camera_controller' build argument 'cmake_force_configure' from command line to 'False'
[14.287s] Level 5:colcon.colcon_core.verb:set package 'camera_controller' build argument 'ament_cmake_args' from command line to 'None'
[14.288s] Level 5:colcon.colcon_core.verb:set package 'camera_controller' build argument 'catkin_cmake_args' from command line to 'None'
[14.288s] Level 5:colcon.colcon_core.verb:set package 'camera_controller' build argument 'catkin_skip_building_tests' from command line to 'False'
[14.288s] DEBUG:colcon.colcon_core.verb:Building package 'camera_controller' with the following arguments: {'ament_cmake_args': None, 'build_base': '/home/vignesh/micronav_ws/build/camera_controller', 'catkin_cmake_args': None, 'catkin_skip_building_tests': False, 'cmake_args': None, 'cmake_clean_cache': False, 'cmake_clean_first': False, 'cmake_force_configure': False, 'cmake_target': None, 'cmake_target_skip_unavailable': False, 'install_base': '/home/vignesh/micronav_ws/install/camera_controller', 'merge_install': False, 'path': '/home/vignesh/micronav_ws/src/camera_controller', 'symlink_install': False, 'test_result_base': None}
[14.439s] Level 5:colcon.colcon_core.verb:set package 'serial_controller' build argument 'cmake_args' from command line to 'None'
[14.440s] Level 5:colcon.colcon_core.verb:set package 'serial_controller' build argument 'cmake_target' from command line to 'None'
[14.440s] Level 5:colcon.colcon_core.verb:set package 'serial_controller' build argument 'cmake_target_skip_unavailable' from command line to 'False'
[14.441s] Level 5:colcon.colcon_core.verb:set package 'serial_controller' build argument 'cmake_clean_cache' from command line to 'False'
[14.441s] Level 5:colcon.colcon_core.verb:set package 'serial_controller' build argument 'cmake_clean_first' from command line to 'False'
[14.441s] Level 5:colcon.colcon_core.verb:set package 'serial_controller' build argument 'cmake_force_configure' from command line to 'False'
[14.442s] Level 5:colcon.colcon_core.verb:set package 'serial_controller' build argument 'ament_cmake_args' from command line to 'None'
[14.442s] Level 5:colcon.colcon_core.verb:set package 'serial_controller' build argument 'catkin_cmake_args' from command line to 'None'
[14.442s] Level 5:colcon.colcon_core.verb:set package 'serial_controller' build argument 'catkin_skip_building_tests' from command line to 'False'
[14.443s] DEBUG:colcon.colcon_core.verb:Building package 'serial_controller' with the following arguments: {'ament_cmake_args': None, 'build_base': '/home/vignesh/micronav_ws/build/serial_controller', 'catkin_cmake_args': None, 'catkin_skip_building_tests': False, 'cmake_args': None, 'cmake_clean_cache': False, 'cmake_clean_first': False, 'cmake_force_configure': False, 'cmake_target': None, 'cmake_target_skip_unavailable': False, 'install_base': '/home/vignesh/micronav_ws/install/serial_controller', 'merge_install': False, 'path': '/home/vignesh/micronav_ws/src/serial_controller', 'symlink_install': False, 'test_result_base': None}
[14.594s] INFO:colcon.colcon_core.executor:Executing jobs using 'parallel' executor
[14.756s] DEBUG:colcon.colcon_parallel_executor.executor.parallel:run_until_complete
[14.758s] INFO:colcon.colcon_ros.task.ament_python.build:Building ROS package in '/home/vignesh/micronav_ws/src/camera_controller' with build type 'ament_python'
[14.759s] Level 1:colcon.colcon_core.shell:create_environment_hook('camera_controller', 'ament_prefix_path')
[14.951s] INFO:colcon.colcon_core.plugin_system:Skipping extension 'colcon_core.shell.bat': Not used on non-Windows systems
[14.954s] INFO:colcon.colcon_core.shell:Creating environment hook '/home/vignesh/micronav_ws/install/camera_controller/share/camera_controller/hook/ament_prefix_path.ps1'
[14.970s] INFO:colcon.colcon_core.shell:Creating environment descriptor '/home/vignesh/micronav_ws/install/camera_controller/share/camera_controller/hook/ament_prefix_path.dsv'
[14.976s] INFO:colcon.colcon_core.shell:Creating environment hook '/home/vignesh/micronav_ws/install/camera_controller/share/camera_controller/hook/ament_prefix_path.sh'
[15.149s] INFO:colcon.colcon_core.shell:Skip shell extension 'powershell' for command environment: Not usable outside of PowerShell
[15.149s] DEBUG:colcon.colcon_core.shell:Skip shell extension 'dsv' for command environment
[15.665s] INFO:colcon.colcon_ros.task.ament_python.build:Building ROS package in '/home/vignesh/micronav_ws/src/serial_controller' with build type 'ament_python'
[15.666s] Level 1:colcon.colcon_core.shell:create_environment_hook('serial_controller', 'ament_prefix_path')
[15.838s] INFO:colcon.colcon_core.shell:Creating environment hook '/home/vignesh/micronav_ws/install/serial_controller/share/serial_controller/hook/ament_prefix_path.ps1'
[15.842s] INFO:colcon.colcon_core.shell:Creating environment descriptor '/home/vignesh/micronav_ws/install/serial_controller/share/serial_controller/hook/ament_prefix_path.dsv'
[15.846s] INFO:colcon.colcon_core.shell:Creating environment hook '/home/vignesh/micronav_ws/install/serial_controller/share/serial_controller/hook/ament_prefix_path.sh'
[16.011s] INFO:colcon.colcon_core.shell:Skip shell extension 'powershell' for command environment: Not usable outside of PowerShell
[16.012s] DEBUG:colcon.colcon_core.shell:Skip shell extension 'dsv' for command environment
[19.871s] INFO:colcon.colcon_core.task.python.build:Building Python package in '/home/vignesh/micronav_ws/src/camera_controller'
[20.094s] INFO:colcon.colcon_core.shell:Skip shell extension 'powershell' for command environment: Not usable outside of PowerShell
[20.095s] DEBUG:colcon.colcon_core.shell:Skip shell extension 'dsv' for command environment
[23.796s] INFO:colcon.colcon_core.task.python.build:Building Python package in '/home/vignesh/micronav_ws/src/serial_controller'
[23.958s] INFO:colcon.colcon_core.shell:Skip shell extension 'powershell' for command environment: Not usable outside of PowerShell
[23.959s] DEBUG:colcon.colcon_core.shell:Skip shell extension 'dsv' for command environment
[31.178s] DEBUG:colcon.colcon_core.event_handler.log_command:Invoking command in '/home/vignesh/micronav_ws/build/camera_controller': PYTHONPATH=/home/vignesh/micronav_ws/build/camera_controller/prefix_override:/home/vignesh/micronav_ws/install/camera_controller/lib/python3.10/site-packages:${PYTHONPATH} /usr/bin/python3 setup.py develop --uninstall --editable --build-directory /home/vignesh/micronav_ws/build/camera_controller/build
[31.311s] DEBUG:colcon.colcon_core.event_handler.log_command:Invoking command in '/home/vignesh/micronav_ws/build/serial_controller': PYTHONPATH=/home/vignesh/micronav_ws/build/serial_controller/prefix_override:/home/vignesh/micronav_ws/install/serial_controller/lib/python3.10/site-packages:${PYTHONPATH} /usr/bin/python3 setup.py develop --uninstall --editable --build-directory /home/vignesh/micronav_ws/build/serial_controller/build
[37.271s] DEBUG:colcon.colcon_core.event_handler.log_command:Invoked command in '/home/vignesh/micronav_ws/build/serial_controller' returned '0': PYTHONPATH=/home/vignesh/micronav_ws/build/serial_controller/prefix_override:/home/vignesh/micronav_ws/install/serial_controller/lib/python3.10/site-packages:${PYTHONPATH} /usr/bin/python3 setup.py develop --uninstall --editable --build-directory /home/vignesh/micronav_ws/build/serial_controller/build
[37.315s] DEBUG:colcon.colcon_core.event_handler.log_command:Invoking command in '/home/vignesh/micronav_ws/src/serial_controller': PYTHONPATH=/home/vignesh/micronav_ws/build/serial_controller/prefix_override:/home/vignesh/micronav_ws/install/serial_controller/lib/python3.10/site-packages:${PYTHONPATH} /usr/bin/python3 setup.py egg_info --egg-base ../../build/serial_controller build --build-base /home/vignesh/micronav_ws/build/serial_controller/build install --record /home/vignesh/micronav_ws/build/serial_controller/install.log --single-version-externally-managed
[37.326s] DEBUG:colcon.colcon_core.event_handler.log_command:Invoked command in '/home/vignesh/micronav_ws/build/camera_controller' returned '0': PYTHONPATH=/home/vignesh/micronav_ws/build/camera_controller/prefix_override:/home/vignesh/micronav_ws/install/camera_controller/lib/python3.10/site-packages:${PYTHONPATH} /usr/bin/python3 setup.py develop --uninstall --editable --build-directory /home/vignesh/micronav_ws/build/camera_controller/build
[37.349s] DEBUG:colcon.colcon_core.event_handler.log_command:Invoking command in '/home/vignesh/micronav_ws/src/camera_controller': PYTHONPATH=/home/vignesh/micronav_ws/build/camera_controller/prefix_override:/home/vignesh/micronav_ws/install/camera_controller/lib/python3.10/site-packages:${PYTHONPATH} /usr/bin/python3 setup.py egg_info --egg-base ../../build/camera_controller build --build-base /home/vignesh/micronav_ws/build/camera_controller/build install --record /home/vignesh/micronav_ws/build/camera_controller/install.log --single-version-externally-managed
[41.249s] DEBUG:colcon.colcon_core.event_handler.log_command:Invoked command in '/home/vignesh/micronav_ws/src/serial_controller' returned '0': PYTHONPATH=/home/vignesh/micronav_ws/build/serial_controller/prefix_override:/home/vignesh/micronav_ws/install/serial_controller/lib/python3.10/site-packages:${PYTHONPATH} /usr/bin/python3 setup.py egg_info --egg-base ../../build/serial_controller build --build-base /home/vignesh/micronav_ws/build/serial_controller/build install --record /home/vignesh/micronav_ws/build/serial_controller/install.log --single-version-externally-managed
[41.517s] Level 1:colcon.colcon_core.environment:checking '/home/vignesh/micronav_ws/install/serial_controller' for CMake module files
[41.528s] Level 1:colcon.colcon_core.environment:checking '/home/vignesh/micronav_ws/install/serial_controller' for CMake config files
[41.605s] Level 1:colcon.colcon_core.environment:checking '/home/vignesh/micronav_ws/install/serial_controller/lib'
[41.610s] Level 1:colcon.colcon_core.environment:checking '/home/vignesh/micronav_ws/install/serial_controller/bin'
[41.612s] Level 1:colcon.colcon_core.environment:checking '/home/vignesh/micronav_ws/install/serial_controller/lib/pkgconfig/serial_controller.pc'
[41.616s] Level 1:colcon.colcon_core.environment:checking '/home/vignesh/micronav_ws/install/serial_controller/lib/python3.10/site-packages'
[41.617s] Level 1:colcon.colcon_core.shell:create_environment_hook('serial_controller', 'pythonpath')
[41.781s] INFO:colcon.colcon_core.shell:Creating environment hook '/home/vignesh/micronav_ws/install/serial_controller/share/serial_controller/hook/pythonpath.ps1'
[41.791s] INFO:colcon.colcon_core.shell:Creating environment descriptor '/home/vignesh/micronav_ws/install/serial_controller/share/serial_controller/hook/pythonpath.dsv'
[41.799s] INFO:colcon.colcon_core.shell:Creating environment hook '/home/vignesh/micronav_ws/install/serial_controller/share/serial_controller/hook/pythonpath.sh'
[41.808s] Level 1:colcon.colcon_core.environment:checking '/home/vignesh/micronav_ws/install/serial_controller/bin'
[41.810s] Level 1:colcon.colcon_core.environment:create_environment_scripts_only(serial_controller)
[41.976s] INFO:colcon.colcon_core.shell:Creating package script '/home/vignesh/micronav_ws/install/serial_controller/share/serial_controller/package.ps1'
[41.990s] INFO:colcon.colcon_core.shell:Creating package descriptor '/home/vignesh/micronav_ws/install/serial_controller/share/serial_controller/package.dsv'
[42.001s] INFO:colcon.colcon_core.shell:Creating package script '/home/vignesh/micronav_ws/install/serial_controller/share/serial_controller/package.sh'
[42.012s] INFO:colcon.colcon_core.shell:Creating package script '/home/vignesh/micronav_ws/install/serial_controller/share/serial_controller/package.bash'
[42.026s] INFO:colcon.colcon_core.shell:Creating package script '/home/vignesh/micronav_ws/install/serial_controller/share/serial_controller/package.zsh'
[42.040s] Level 1:colcon.colcon_core.environment:create_file_with_runtime_dependencies(/home/vignesh/micronav_ws/install/serial_controller/share/colcon-core/packages/serial_controller)
[42.082s] DEBUG:colcon.colcon_core.event_handler.log_command:Invoked command in '/home/vignesh/micronav_ws/src/camera_controller' returned '0': PYTHONPATH=/home/vignesh/micronav_ws/build/camera_controller/prefix_override:/home/vignesh/micronav_ws/install/camera_controller/lib/python3.10/site-packages:${PYTHONPATH} /usr/bin/python3 setup.py egg_info --egg-base ../../build/camera_controller build --build-base /home/vignesh/micronav_ws/build/camera_controller/build install --record /home/vignesh/micronav_ws/build/camera_controller/install.log --single-version-externally-managed
[42.244s] Level 1:colcon.colcon_core.environment:checking '/home/vignesh/micronav_ws/install/camera_controller' for CMake module files
[42.250s] Level 1:colcon.colcon_core.environment:checking '/home/vignesh/micronav_ws/install/camera_controller' for CMake config files
[42.259s] Level 1:colcon.colcon_core.environment:checking '/home/vignesh/micronav_ws/install/camera_controller/lib'
[42.261s] Level 1:colcon.colcon_core.environment:checking '/home/vignesh/micronav_ws/install/camera_controller/bin'
[42.262s] Level 1:colcon.colcon_core.environment:checking '/home/vignesh/micronav_ws/install/camera_controller/lib/pkgconfig/camera_controller.pc'
[42.265s] Level 1:colcon.colcon_core.environment:checking '/home/vignesh/micronav_ws/install/camera_controller/lib/python3.10/site-packages'
[42.266s] Level 1:colcon.colcon_core.shell:create_environment_hook('camera_controller', 'pythonpath')
[42.452s] INFO:colcon.colcon_core.shell:Creating environment hook '/home/vignesh/micronav_ws/install/camera_controller/share/camera_controller/hook/pythonpath.ps1'
[42.456s] INFO:colcon.colcon_core.shell:Creating environment descriptor '/home/vignesh/micronav_ws/install/camera_controller/share/camera_controller/hook/pythonpath.dsv'
[42.461s] INFO:colcon.colcon_core.shell:Creating environment hook '/home/vignesh/micronav_ws/install/camera_controller/share/camera_controller/hook/pythonpath.sh'
[42.467s] Level 1:colcon.colcon_core.environment:checking '/home/vignesh/micronav_ws/install/camera_controller/bin'
[42.468s] Level 1:colcon.colcon_core.environment:create_environment_scripts_only(camera_controller)
[42.631s] INFO:colcon.colcon_core.shell:Creating package script '/home/vignesh/micronav_ws/install/camera_controller/share/camera_controller/package.ps1'
[42.637s] INFO:colcon.colcon_core.shell:Creating package descriptor '/home/vignesh/micronav_ws/install/camera_controller/share/camera_controller/package.dsv'
[42.642s] INFO:colcon.colcon_core.shell:Creating package script '/home/vignesh/micronav_ws/install/camera_controller/share/camera_controller/package.sh'
[42.648s] INFO:colcon.colcon_core.shell:Creating package script '/home/vignesh/micronav_ws/install/camera_controller/share/camera_controller/package.bash'
[42.653s] INFO:colcon.colcon_core.shell:Creating package script '/home/vignesh/micronav_ws/install/camera_controller/share/camera_controller/package.zsh'
[42.659s] Level 1:colcon.colcon_core.environment:create_file_with_runtime_dependencies(/home/vignesh/micronav_ws/install/camera_controller/share/colcon-core/packages/camera_controller)
[42.668s] DEBUG:colcon.colcon_parallel_executor.executor.parallel:closing loop
[42.675s] DEBUG:colcon.colcon_parallel_executor.executor.parallel:loop closed
[42.678s] DEBUG:colcon.colcon_parallel_executor.executor.parallel:run_until_complete finished with '0'
[42.679s] DEBUG:colcon.colcon_core.event_reactor:joining thread
[43.021s] INFO:colcon.colcon_core.plugin_system:Skipping extension 'colcon_notification.desktop_notification.notify_send': Could not find 'notify-send'
[43.022s] INFO:colcon.colcon_core.plugin_system:Skipping extension 'colcon_notification.desktop_notification.terminal_notifier': Not used on non-Darwin systems
[43.024s] INFO:colcon.colcon_core.plugin_system:Skipping extension 'colcon_notification.desktop_notification.win32': Not used on non-Windows systems
[43.024s] INFO:colcon.colcon_notification.desktop_notification:Sending desktop notification using 'notify2'
[43.038s] DEBUG:colcon.colcon_notification.desktop_notification.notify2:Failed to initialize notify2: org.freedesktop.DBus.Error.ServiceUnknown: The name org.freedesktop.Notifications was not provided by any .service files
[43.039s] DEBUG:colcon.colcon_core.event_reactor:joined thread
[43.203s] INFO:colcon.colcon_core.shell:Creating prefix script '/home/vignesh/micronav_ws/install/local_setup.ps1'
[43.215s] INFO:colcon.colcon_core.shell:Creating prefix util module '/home/vignesh/micronav_ws/install/_local_setup_util_ps1.py'
[43.233s] INFO:colcon.colcon_core.shell:Creating prefix chain script '/home/vignesh/micronav_ws/install/setup.ps1'
[43.405s] INFO:colcon.colcon_core.shell:Creating prefix script '/home/vignesh/micronav_ws/install/local_setup.sh'
[43.413s] INFO:colcon.colcon_core.shell:Creating prefix util module '/home/vignesh/micronav_ws/install/_local_setup_util_sh.py'
[43.418s] INFO:colcon.colcon_core.shell:Creating prefix chain script '/home/vignesh/micronav_ws/install/setup.sh'
[43.584s] INFO:colcon.colcon_core.shell:Creating prefix script '/home/vignesh/micronav_ws/install/local_setup.bash'
[43.590s] INFO:colcon.colcon_core.shell:Creating prefix chain script '/home/vignesh/micronav_ws/install/setup.bash'
[43.759s] INFO:colcon.colcon_core.shell:Creating prefix script '/home/vignesh/micronav_ws/install/local_setup.zsh'
[43.766s] INFO:colcon.colcon_core.shell:Creating prefix chain script '/home/vignesh/micronav_ws/install/setup.zsh'
