[13.707s] DEBUG:colcon:Command line arguments: ['/usr/bin/colcon', 'build']
[13.708s] DEBUG:colcon:Parsed command line arguments: Namespace(log_base=None, log_level=None, verb_name='build', build_base='build', install_base='install', merge_install=False, symlink_install=False, test_result_base=None, continue_on_error=False, executor='parallel', parallel_workers=4, event_handlers=None, ignore_user_meta=False, metas=['./colcon.meta'], base_paths=['.'], packages_ignore=None, packages_ignore_regex=None, paths=None, packages_up_to=None, packages_up_to_regex=None, packages_above=None, packages_above_and_dependencies=None, packages_above_depth=None, packages_select_by_dep=None, packages_skip_by_dep=None, packages_skip_up_to=None, packages_select_build_failed=False, packages_skip_build_finished=False, packages_select_test_failures=False, packages_skip_test_passed=False, packages_select=None, packages_skip=None, packages_select_regex=None, packages_skip_regex=None, packages_start=None, packages_end=None, allow_overriding=[], cmake_args=None, cmake_target=None, cmake_target_skip_unavailable=False, cmake_clean_cache=False, cmake_clean_first=False, cmake_force_configure=False, ament_cmake_args=None, catkin_cmake_args=None, catkin_skip_building_tests=False, verb_parser=<colcon_defaults.argument_parser.defaults.DefaultArgumentsDecorator object at 0xffffb291fc40>, verb_extension=<colcon_core.verb.build.BuildVerb object at 0xffffb2c5a1d0>, main=<bound method BuildVerb.main of <colcon_core.verb.build.BuildVerb object at 0xffffb2c5a1d0>>)
[14.388s] Level 1:colcon.colcon_core.package_discovery:discover_packages(colcon_meta) check parameters
[14.389s] Level 1:colcon.colcon_core.package_discovery:discover_packages(recursive) check parameters
[14.390s] Level 1:colcon.colcon_core.package_discovery:discover_packages(ignore) check parameters
[14.390s] Level 1:colcon.colcon_core.package_discovery:discover_packages(path) check parameters
[14.390s] Level 1:colcon.colcon_core.package_discovery:discover_packages(colcon_meta) discover
[14.391s] Level 1:colcon.colcon_core.package_discovery:discover_packages(recursive) discover
[14.391s] INFO:colcon.colcon_core.package_discovery:Crawling recursively for packages in '/home/vignesh/micronav_ws'
[14.392s] Level 1:colcon.colcon_core.package_identification:_identify(.) by extensions ['ignore', 'ignore_ament_install']
[14.393s] Level 1:colcon.colcon_core.package_identification:_identify(.) by extension 'ignore'
[14.394s] Level 1:colcon.colcon_core.package_identification:_identify(.) by extension 'ignore_ament_install'
[14.394s] Level 1:colcon.colcon_core.package_identification:_identify(.) by extensions ['colcon_pkg']
[14.395s] Level 1:colcon.colcon_core.package_identification:_identify(.) by extension 'colcon_pkg'
[14.395s] Level 1:colcon.colcon_core.package_identification:_identify(.) by extensions ['colcon_meta']
[14.395s] Level 1:colcon.colcon_core.package_identification:_identify(.) by extension 'colcon_meta'
[14.396s] Level 1:colcon.colcon_core.package_identification:_identify(.) by extensions ['ros']
[14.396s] Level 1:colcon.colcon_core.package_identification:_identify(.) by extension 'ros'
[14.571s] Level 1:colcon.colcon_core.package_identification:_identify(.) by extensions ['cmake', 'python']
[14.572s] Level 1:colcon.colcon_core.package_identification:_identify(.) by extension 'cmake'
[14.573s] Level 1:colcon.colcon_core.package_identification:_identify(.) by extension 'python'
[14.573s] Level 1:colcon.colcon_core.package_identification:_identify(.) by extensions ['python_setup_py']
[14.574s] Level 1:colcon.colcon_core.package_identification:_identify(.) by extension 'python_setup_py'
[14.575s] Level 1:colcon.colcon_core.package_identification:_identify(build) by extensions ['ignore', 'ignore_ament_install']
[14.576s] Level 1:colcon.colcon_core.package_identification:_identify(build) by extension 'ignore'
[14.576s] Level 1:colcon.colcon_core.package_identification:_identify(build) ignored
[14.577s] Level 1:colcon.colcon_core.package_identification:_identify(install) by extensions ['ignore', 'ignore_ament_install']
[14.578s] Level 1:colcon.colcon_core.package_identification:_identify(install) by extension 'ignore'
[14.579s] Level 1:colcon.colcon_core.package_identification:_identify(install) ignored
[14.580s] Level 1:colcon.colcon_core.package_identification:_identify(log) by extensions ['ignore', 'ignore_ament_install']
[14.581s] Level 1:colcon.colcon_core.package_identification:_identify(log) by extension 'ignore'
[14.581s] Level 1:colcon.colcon_core.package_identification:_identify(log) ignored
[14.584s] Level 1:colcon.colcon_core.package_identification:_identify(src) by extensions ['ignore', 'ignore_ament_install']
[14.585s] Level 1:colcon.colcon_core.package_identification:_identify(src) by extension 'ignore'
[14.585s] Level 1:colcon.colcon_core.package_identification:_identify(src) by extension 'ignore_ament_install'
[14.586s] Level 1:colcon.colcon_core.package_identification:_identify(src) by extensions ['colcon_pkg']
[14.586s] Level 1:colcon.colcon_core.package_identification:_identify(src) by extension 'colcon_pkg'
[14.587s] Level 1:colcon.colcon_core.package_identification:_identify(src) by extensions ['colcon_meta']
[14.587s] Level 1:colcon.colcon_core.package_identification:_identify(src) by extension 'colcon_meta'
[14.587s] Level 1:colcon.colcon_core.package_identification:_identify(src) by extensions ['ros']
[14.588s] Level 1:colcon.colcon_core.package_identification:_identify(src) by extension 'ros'
[14.589s] Level 1:colcon.colcon_core.package_identification:_identify(src) by extensions ['cmake', 'python']
[14.589s] Level 1:colcon.colcon_core.package_identification:_identify(src) by extension 'cmake'
[14.590s] Level 1:colcon.colcon_core.package_identification:_identify(src) by extension 'python'
[14.590s] Level 1:colcon.colcon_core.package_identification:_identify(src) by extensions ['python_setup_py']
[14.591s] Level 1:colcon.colcon_core.package_identification:_identify(src) by extension 'python_setup_py'
[14.591s] Level 1:colcon.colcon_core.package_discovery:discover_packages(recursive) using defaults
[14.592s] Level 1:colcon.colcon_core.package_discovery:discover_packages(ignore) discover
[14.592s] Level 1:colcon.colcon_core.package_discovery:discover_packages(ignore) using defaults
[14.592s] Level 1:colcon.colcon_core.package_discovery:discover_packages(path) discover
[14.593s] Level 1:colcon.colcon_core.package_discovery:discover_packages(path) using defaults
[15.637s] Level 1:colcon.colcon_core.package_discovery:discover_packages(prefix_path) check parameters
[15.638s] Level 1:colcon.colcon_core.package_discovery:discover_packages(prefix_path) discover
[15.976s] DEBUG:colcon.colcon_installed_package_information.package_discovery:Found 183 installed packages in /opt/ros/humble
[15.989s] Level 1:colcon.colcon_core.package_discovery:discover_packages(prefix_path) using defaults
[16.987s] INFO:colcon.colcon_core.executor:Executing jobs using 'parallel' executor
[17.143s] DEBUG:colcon.colcon_parallel_executor.executor.parallel:run_until_complete
[17.144s] DEBUG:colcon.colcon_parallel_executor.executor.parallel:closing loop
[17.145s] DEBUG:colcon.colcon_parallel_executor.executor.parallel:loop closed
[17.145s] DEBUG:colcon.colcon_parallel_executor.executor.parallel:run_until_complete finished with '0'
[17.146s] DEBUG:colcon.colcon_core.event_reactor:joining thread
[17.397s] INFO:colcon.colcon_core.plugin_system:Skipping extension 'colcon_notification.desktop_notification.notify_send': Could not find 'notify-send'
[17.398s] INFO:colcon.colcon_core.plugin_system:Skipping extension 'colcon_notification.desktop_notification.terminal_notifier': Not used on non-Darwin systems
[17.399s] INFO:colcon.colcon_core.plugin_system:Skipping extension 'colcon_notification.desktop_notification.win32': Not used on non-Windows systems
[17.399s] INFO:colcon.colcon_notification.desktop_notification:Sending desktop notification using 'notify2'
[17.530s] DEBUG:colcon.colcon_notification.desktop_notification.notify2:Failed to initialize notify2: org.freedesktop.DBus.Error.ServiceUnknown: The name org.freedesktop.Notifications was not provided by any .service files
[17.531s] DEBUG:colcon.colcon_core.event_reactor:joined thread
[17.723s] INFO:colcon.colcon_core.plugin_system:Skipping extension 'colcon_core.shell.bat': Not used on non-Windows systems
[17.726s] INFO:colcon.colcon_core.shell:Creating prefix script '/home/vignesh/micronav_ws/install/local_setup.ps1'
[17.739s] INFO:colcon.colcon_core.shell:Creating prefix util module '/home/vignesh/micronav_ws/install/_local_setup_util_ps1.py'
[17.757s] INFO:colcon.colcon_core.shell:Creating prefix chain script '/home/vignesh/micronav_ws/install/setup.ps1'
[17.914s] INFO:colcon.colcon_core.shell:Creating prefix script '/home/vignesh/micronav_ws/install/local_setup.sh'
[17.921s] INFO:colcon.colcon_core.shell:Creating prefix util module '/home/vignesh/micronav_ws/install/_local_setup_util_sh.py'
[17.926s] INFO:colcon.colcon_core.shell:Creating prefix chain script '/home/vignesh/micronav_ws/install/setup.sh'
[18.083s] INFO:colcon.colcon_core.shell:Creating prefix script '/home/vignesh/micronav_ws/install/local_setup.bash'
[18.090s] INFO:colcon.colcon_core.shell:Creating prefix chain script '/home/vignesh/micronav_ws/install/setup.bash'
[18.247s] INFO:colcon.colcon_core.shell:Creating prefix script '/home/vignesh/micronav_ws/install/local_setup.zsh'
[18.254s] INFO:colcon.colcon_core.shell:Creating prefix chain script '/home/vignesh/micronav_ws/install/setup.zsh'
