[17.559s] Invoking command in '/home/vignesh/micronav_ws/src/camera_controller': PYTHONPATH=/home/vignesh/micronav_ws/build/camera_controller/prefix_override:/home/vignesh/micronav_ws/install/camera_controller/lib/python3.10/site-packages:${PYTHONPATH} /usr/bin/python3 setup.py egg_info --egg-base ../../build/camera_controller build --build-base /home/vignesh/micronav_ws/build/camera_controller/build install --record /home/vignesh/micronav_ws/build/camera_controller/install.log --single-version-externally-managed
[22.187s] running egg_info
[22.192s] writing ../../build/camera_controller/camera_controller.egg-info/PKG-INFO
[22.196s] writing dependency_links to ../../build/camera_controller/camera_controller.egg-info/dependency_links.txt
[22.201s] writing entry points to ../../build/camera_controller/camera_controller.egg-info/entry_points.txt
[22.203s] writing requirements to ../../build/camera_controller/camera_controller.egg-info/requires.txt
[22.206s] writing top-level names to ../../build/camera_controller/camera_controller.egg-info/top_level.txt
[22.226s] reading manifest file '../../build/camera_controller/camera_controller.egg-info/SOURCES.txt'
[22.246s] writing manifest file '../../build/camera_controller/camera_controller.egg-info/SOURCES.txt'
[22.248s] running build
[22.251s] running build_py
[22.257s] copying camera_controller/cam_pub.py -> /home/vignesh/micronav_ws/build/camera_controller/build/lib/camera_controller
[22.258s] running install
[22.260s] running install_lib
[22.265s] copying /home/vignesh/micronav_ws/build/camera_controller/build/lib/camera_controller/cam_pub.py -> /home/vignesh/micronav_ws/install/camera_controller/lib/python3.10/site-packages/camera_controller
[22.273s] byte-compiling /home/vignesh/micronav_ws/install/camera_controller/lib/python3.10/site-packages/camera_controller/cam_pub.py to cam_pub.cpython-310.pyc
[22.280s] running install_data
[22.290s] running install_egg_info
[22.313s] removing '/home/vignesh/micronav_ws/install/camera_controller/lib/python3.10/site-packages/camera_controller-0.0.0-py3.10.egg-info' (and everything under it)
[22.320s] Copying ../../build/camera_controller/camera_controller.egg-info to /home/vignesh/micronav_ws/install/camera_controller/lib/python3.10/site-packages/camera_controller-0.0.0-py3.10.egg-info
[22.338s] running install_scripts
[22.574s] writing list of installed files to '/home/vignesh/micronav_ws/build/camera_controller/install.log'
[23.595s] Invoked command in '/home/vignesh/micronav_ws/src/camera_controller' returned '0': PYTHONPATH=/home/vignesh/micronav_ws/build/camera_controller/prefix_override:/home/vignesh/micronav_ws/install/camera_controller/lib/python3.10/site-packages:${PYTHONPATH} /usr/bin/python3 setup.py egg_info --egg-base ../../build/camera_controller build --build-base /home/vignesh/micronav_ws/build/camera_controller/build install --record /home/vignesh/micronav_ws/build/camera_controller/install.log --single-version-externally-managed
