[0.660s] DEBUG:colcon:Command line arguments: ['/usr/bin/colcon', 'build', '--symlink-install']
[0.660s] DEBUG:colcon:Parsed command line arguments: Namespace(log_base=None, log_level=None, verb_name='build', build_base='build', install_base='install', merge_install=False, symlink_install=True, test_result_base=None, continue_on_error=False, executor='parallel', parallel_workers=16, event_handlers=None, ignore_user_meta=False, metas=['./colcon.meta'], base_paths=['.'], packages_ignore=None, packages_ignore_regex=None, paths=None, packages_up_to=None, packages_up_to_regex=None, packages_above=None, packages_above_and_dependencies=None, packages_above_depth=None, packages_select_by_dep=None, packages_skip_by_dep=None, packages_skip_up_to=None, packages_select_build_failed=False, packages_skip_build_finished=False, packages_select_test_failures=False, packages_skip_test_passed=False, packages_select=None, packages_skip=None, packages_select_regex=None, packages_skip_regex=None, packages_start=None, packages_end=None, allow_overriding=[], cmake_args=None, cmake_target=None, cmake_target_skip_unavailable=False, cmake_clean_cache=False, cmake_clean_first=False, cmake_force_configure=False, ament_cmake_args=None, catkin_cmake_args=None, catkin_skip_building_tests=False, verb_parser=<colcon_defaults.argument_parser.defaults.DefaultArgumentsDecorator object at 0x7efeb441a890>, verb_extension=<colcon_core.verb.build.BuildVerb object at 0x7efeb487b790>, main=<bound method BuildVerb.main of <colcon_core.verb.build.BuildVerb object at 0x7efeb487b790>>)
[0.689s] Level 1:colcon.colcon_core.package_discovery:discover_packages(colcon_meta) check parameters
[0.689s] Level 1:colcon.colcon_core.package_discovery:discover_packages(recursive) check parameters
[0.689s] Level 1:colcon.colcon_core.package_discovery:discover_packages(ignore) check parameters
[0.689s] Level 1:colcon.colcon_core.package_discovery:discover_packages(path) check parameters
[0.689s] Level 1:colcon.colcon_core.package_discovery:discover_packages(colcon_meta) discover
[0.689s] Level 1:colcon.colcon_core.package_discovery:discover_packages(recursive) discover
[0.689s] INFO:colcon.colcon_core.package_discovery:Crawling recursively for packages in '/home/loga/micronav_ws'
[0.689s] Level 1:colcon.colcon_core.package_identification:_identify(.) by extensions ['ignore', 'ignore_ament_install']
[0.689s] Level 1:colcon.colcon_core.package_identification:_identify(.) by extension 'ignore'
[0.689s] Level 1:colcon.colcon_core.package_identification:_identify(.) by extension 'ignore_ament_install'
[0.689s] Level 1:colcon.colcon_core.package_identification:_identify(.) by extensions ['colcon_pkg']
[0.689s] Level 1:colcon.colcon_core.package_identification:_identify(.) by extension 'colcon_pkg'
[0.689s] Level 1:colcon.colcon_core.package_identification:_identify(.) by extensions ['colcon_meta']
[0.689s] Level 1:colcon.colcon_core.package_identification:_identify(.) by extension 'colcon_meta'
[0.689s] Level 1:colcon.colcon_core.package_identification:_identify(.) by extensions ['ros']
[0.689s] Level 1:colcon.colcon_core.package_identification:_identify(.) by extension 'ros'
[0.697s] Level 1:colcon.colcon_core.package_identification:_identify(.) by extensions ['cmake', 'python']
[0.697s] Level 1:colcon.colcon_core.package_identification:_identify(.) by extension 'cmake'
[0.697s] Level 1:colcon.colcon_core.package_identification:_identify(.) by extension 'python'
[0.697s] Level 1:colcon.colcon_core.package_identification:_identify(.) by extensions ['python_setup_py']
[0.697s] Level 1:colcon.colcon_core.package_identification:_identify(.) by extension 'python_setup_py'
[0.697s] Level 1:colcon.colcon_core.package_identification:_identify(build) by extensions ['ignore', 'ignore_ament_install']
[0.697s] Level 1:colcon.colcon_core.package_identification:_identify(build) by extension 'ignore'
[0.697s] Level 1:colcon.colcon_core.package_identification:_identify(build) ignored
[0.697s] Level 1:colcon.colcon_core.package_identification:_identify(install) by extensions ['ignore', 'ignore_ament_install']
[0.697s] Level 1:colcon.colcon_core.package_identification:_identify(install) by extension 'ignore'
[0.697s] Level 1:colcon.colcon_core.package_identification:_identify(install) ignored
[0.697s] Level 1:colcon.colcon_core.package_identification:_identify(log) by extensions ['ignore', 'ignore_ament_install']
[0.697s] Level 1:colcon.colcon_core.package_identification:_identify(log) by extension 'ignore'
[0.697s] Level 1:colcon.colcon_core.package_identification:_identify(log) ignored
[0.697s] Level 1:colcon.colcon_core.package_identification:_identify(src) by extensions ['ignore', 'ignore_ament_install']
[0.697s] Level 1:colcon.colcon_core.package_identification:_identify(src) by extension 'ignore'
[0.697s] Level 1:colcon.colcon_core.package_identification:_identify(src) by extension 'ignore_ament_install'
[0.697s] Level 1:colcon.colcon_core.package_identification:_identify(src) by extensions ['colcon_pkg']
[0.697s] Level 1:colcon.colcon_core.package_identification:_identify(src) by extension 'colcon_pkg'
[0.697s] Level 1:colcon.colcon_core.package_identification:_identify(src) by extensions ['colcon_meta']
[0.697s] Level 1:colcon.colcon_core.package_identification:_identify(src) by extension 'colcon_meta'
[0.697s] Level 1:colcon.colcon_core.package_identification:_identify(src) by extensions ['ros']
[0.697s] Level 1:colcon.colcon_core.package_identification:_identify(src) by extension 'ros'
[0.697s] Level 1:colcon.colcon_core.package_identification:_identify(src) by extensions ['cmake', 'python']
[0.698s] Level 1:colcon.colcon_core.package_identification:_identify(src) by extension 'cmake'
[0.698s] Level 1:colcon.colcon_core.package_identification:_identify(src) by extension 'python'
[0.698s] Level 1:colcon.colcon_core.package_identification:_identify(src) by extensions ['python_setup_py']
[0.698s] Level 1:colcon.colcon_core.package_identification:_identify(src) by extension 'python_setup_py'
[0.698s] Level 1:colcon.colcon_core.package_identification:_identify(src/camera_controller) by extensions ['ignore', 'ignore_ament_install']
[0.698s] Level 1:colcon.colcon_core.package_identification:_identify(src/camera_controller) by extension 'ignore'
[0.698s] Level 1:colcon.colcon_core.package_identification:_identify(src/camera_controller) by extension 'ignore_ament_install'
[0.698s] Level 1:colcon.colcon_core.package_identification:_identify(src/camera_controller) by extensions ['colcon_pkg']
[0.698s] Level 1:colcon.colcon_core.package_identification:_identify(src/camera_controller) by extension 'colcon_pkg'
[0.698s] Level 1:colcon.colcon_core.package_identification:_identify(src/camera_controller) by extensions ['colcon_meta']
[0.698s] Level 1:colcon.colcon_core.package_identification:_identify(src/camera_controller) by extension 'colcon_meta'
[0.698s] Level 1:colcon.colcon_core.package_identification:_identify(src/camera_controller) by extensions ['ros']
[0.698s] Level 1:colcon.colcon_core.package_identification:_identify(src/camera_controller) by extension 'ros'
[0.699s] DEBUG:colcon.colcon_core.package_identification:Package 'src/camera_controller' with type 'ros.ament_python' and name 'camera_controller'
[0.700s] Level 1:colcon.colcon_core.package_identification:_identify(src/serial_controller) by extensions ['ignore', 'ignore_ament_install']
[0.700s] Level 1:colcon.colcon_core.package_identification:_identify(src/serial_controller) by extension 'ignore'
[0.700s] Level 1:colcon.colcon_core.package_identification:_identify(src/serial_controller) by extension 'ignore_ament_install'
[0.700s] Level 1:colcon.colcon_core.package_identification:_identify(src/serial_controller) by extensions ['colcon_pkg']
[0.700s] Level 1:colcon.colcon_core.package_identification:_identify(src/serial_controller) by extension 'colcon_pkg'
[0.700s] Level 1:colcon.colcon_core.package_identification:_identify(src/serial_controller) by extensions ['colcon_meta']
[0.700s] Level 1:colcon.colcon_core.package_identification:_identify(src/serial_controller) by extension 'colcon_meta'
[0.700s] Level 1:colcon.colcon_core.package_identification:_identify(src/serial_controller) by extensions ['ros']
[0.700s] Level 1:colcon.colcon_core.package_identification:_identify(src/serial_controller) by extension 'ros'
[0.700s] DEBUG:colcon.colcon_core.package_identification:Package 'src/serial_controller' with type 'ros.ament_python' and name 'serial_controller'
[0.700s] Level 1:colcon.colcon_core.package_discovery:discover_packages(recursive) using defaults
[0.700s] Level 1:colcon.colcon_core.package_discovery:discover_packages(ignore) discover
[0.700s] Level 1:colcon.colcon_core.package_discovery:discover_packages(ignore) using defaults
[0.700s] Level 1:colcon.colcon_core.package_discovery:discover_packages(path) discover
[0.700s] Level 1:colcon.colcon_core.package_discovery:discover_packages(path) using defaults
[0.756s] Level 1:colcon.colcon_core.package_discovery:discover_packages(prefix_path) check parameters
[0.756s] Level 1:colcon.colcon_core.package_discovery:discover_packages(prefix_path) discover
[0.776s] DEBUG:colcon.colcon_installed_package_information.package_discovery:Found 311 installed packages in /opt/ros/humble
[0.777s] Level 1:colcon.colcon_core.package_discovery:discover_packages(prefix_path) using defaults
[0.839s] Level 5:colcon.colcon_core.verb:set package 'camera_controller' build argument 'cmake_args' from command line to 'None'
[0.839s] Level 5:colcon.colcon_core.verb:set package 'camera_controller' build argument 'cmake_target' from command line to 'None'
[0.839s] Level 5:colcon.colcon_core.verb:set package 'camera_controller' build argument 'cmake_target_skip_unavailable' from command line to 'False'
[0.839s] Level 5:colcon.colcon_core.verb:set package 'camera_controller' build argument 'cmake_clean_cache' from command line to 'False'
[0.839s] Level 5:colcon.colcon_core.verb:set package 'camera_controller' build argument 'cmake_clean_first' from command line to 'False'
[0.839s] Level 5:colcon.colcon_core.verb:set package 'camera_controller' build argument 'cmake_force_configure' from command line to 'False'
[0.839s] Level 5:colcon.colcon_core.verb:set package 'camera_controller' build argument 'ament_cmake_args' from command line to 'None'
[0.840s] Level 5:colcon.colcon_core.verb:set package 'camera_controller' build argument 'catkin_cmake_args' from command line to 'None'
[0.840s] Level 5:colcon.colcon_core.verb:set package 'camera_controller' build argument 'catkin_skip_building_tests' from command line to 'False'
[0.840s] DEBUG:colcon.colcon_core.verb:Building package 'camera_controller' with the following arguments: {'ament_cmake_args': None, 'build_base': '/home/loga/micronav_ws/build/camera_controller', 'catkin_cmake_args': None, 'catkin_skip_building_tests': False, 'cmake_args': None, 'cmake_clean_cache': False, 'cmake_clean_first': False, 'cmake_force_configure': False, 'cmake_target': None, 'cmake_target_skip_unavailable': False, 'install_base': '/home/loga/micronav_ws/install/camera_controller', 'merge_install': False, 'path': '/home/loga/micronav_ws/src/camera_controller', 'symlink_install': True, 'test_result_base': None}
[0.848s] Level 5:colcon.colcon_core.verb:set package 'serial_controller' build argument 'cmake_args' from command line to 'None'
[0.848s] Level 5:colcon.colcon_core.verb:set package 'serial_controller' build argument 'cmake_target' from command line to 'None'
[0.848s] Level 5:colcon.colcon_core.verb:set package 'serial_controller' build argument 'cmake_target_skip_unavailable' from command line to 'False'
[0.848s] Level 5:colcon.colcon_core.verb:set package 'serial_controller' build argument 'cmake_clean_cache' from command line to 'False'
[0.848s] Level 5:colcon.colcon_core.verb:set package 'serial_controller' build argument 'cmake_clean_first' from command line to 'False'
[0.848s] Level 5:colcon.colcon_core.verb:set package 'serial_controller' build argument 'cmake_force_configure' from command line to 'False'
[0.848s] Level 5:colcon.colcon_core.verb:set package 'serial_controller' build argument 'ament_cmake_args' from command line to 'None'
[0.848s] Level 5:colcon.colcon_core.verb:set package 'serial_controller' build argument 'catkin_cmake_args' from command line to 'None'
[0.848s] Level 5:colcon.colcon_core.verb:set package 'serial_controller' build argument 'catkin_skip_building_tests' from command line to 'False'
[0.848s] DEBUG:colcon.colcon_core.verb:Building package 'serial_controller' with the following arguments: {'ament_cmake_args': None, 'build_base': '/home/loga/micronav_ws/build/serial_controller', 'catkin_cmake_args': None, 'catkin_skip_building_tests': False, 'cmake_args': None, 'cmake_clean_cache': False, 'cmake_clean_first': False, 'cmake_force_configure': False, 'cmake_target': None, 'cmake_target_skip_unavailable': False, 'install_base': '/home/loga/micronav_ws/install/serial_controller', 'merge_install': False, 'path': '/home/loga/micronav_ws/src/serial_controller', 'symlink_install': True, 'test_result_base': None}
[0.857s] INFO:colcon.colcon_core.executor:Executing jobs using 'parallel' executor
[0.866s] DEBUG:colcon.colcon_parallel_executor.executor.parallel:run_until_complete
[0.866s] INFO:colcon.colcon_ros.task.ament_python.build:Building ROS package in '/home/loga/micronav_ws/src/camera_controller' with build type 'ament_python'
[0.866s] Level 1:colcon.colcon_core.shell:create_environment_hook('camera_controller', 'ament_prefix_path')
[0.877s] INFO:colcon.colcon_core.plugin_system:Skipping extension 'colcon_core.shell.bat': Not used on non-Windows systems
[0.877s] INFO:colcon.colcon_core.shell:Creating environment hook '/home/loga/micronav_ws/install/camera_controller/share/camera_controller/hook/ament_prefix_path.ps1'
[0.877s] INFO:colcon.colcon_core.shell:Creating environment descriptor '/home/loga/micronav_ws/install/camera_controller/share/camera_controller/hook/ament_prefix_path.dsv'
[0.878s] INFO:colcon.colcon_core.shell:Creating environment hook '/home/loga/micronav_ws/install/camera_controller/share/camera_controller/hook/ament_prefix_path.sh'
[0.887s] INFO:colcon.colcon_core.shell:Skip shell extension 'powershell' for command environment: Not usable outside of PowerShell
[0.887s] DEBUG:colcon.colcon_core.shell:Skip shell extension 'dsv' for command environment
[0.906s] INFO:colcon.colcon_ros.task.ament_python.build:Building ROS package in '/home/loga/micronav_ws/src/serial_controller' with build type 'ament_python'
[0.906s] Level 1:colcon.colcon_core.shell:create_environment_hook('serial_controller', 'ament_prefix_path')
[0.916s] INFO:colcon.colcon_core.shell:Creating environment hook '/home/loga/micronav_ws/install/serial_controller/share/serial_controller/hook/ament_prefix_path.ps1'
[0.916s] INFO:colcon.colcon_core.shell:Creating environment descriptor '/home/loga/micronav_ws/install/serial_controller/share/serial_controller/hook/ament_prefix_path.dsv'
[0.916s] INFO:colcon.colcon_core.shell:Creating environment hook '/home/loga/micronav_ws/install/serial_controller/share/serial_controller/hook/ament_prefix_path.sh'
[0.925s] INFO:colcon.colcon_core.shell:Skip shell extension 'powershell' for command environment: Not usable outside of PowerShell
[0.925s] DEBUG:colcon.colcon_core.shell:Skip shell extension 'dsv' for command environment
[1.109s] INFO:colcon.colcon_core.task.python.build:Building Python package in '/home/loga/micronav_ws/src/camera_controller'
[1.118s] INFO:colcon.colcon_core.shell:Skip shell extension 'powershell' for command environment: Not usable outside of PowerShell
[1.118s] DEBUG:colcon.colcon_core.shell:Skip shell extension 'dsv' for command environment
[1.301s] INFO:colcon.colcon_core.task.python.build:Building Python package in '/home/loga/micronav_ws/src/serial_controller'
[1.318s] INFO:colcon.colcon_core.shell:Skip shell extension 'powershell' for command environment: Not usable outside of PowerShell
[1.318s] DEBUG:colcon.colcon_core.shell:Skip shell extension 'dsv' for command environment
[1.572s] DEBUG:colcon.colcon_core.event_handler.log_command:Invoking command in '/home/loga/micronav_ws/build/serial_controller': PYTHONPATH=/home/loga/micronav_ws/build/serial_controller/prefix_override:/home/loga/micronav_ws/install/serial_controller/lib/python3.10/site-packages:${PYTHONPATH} /usr/bin/python3 setup.py develop --editable --build-directory /home/loga/micronav_ws/build/serial_controller/build --no-deps install_data
[1.574s] DEBUG:colcon.colcon_core.event_handler.log_command:Invoking command in '/home/loga/micronav_ws/build/camera_controller': PYTHONPATH=/home/loga/micronav_ws/build/camera_controller/prefix_override:/home/loga/micronav_ws/install/camera_controller/lib/python3.10/site-packages:${PYTHONPATH} /usr/bin/python3 setup.py develop --editable --build-directory /home/loga/micronav_ws/build/camera_controller/build --no-deps install_data
[1.858s] Level 1:colcon.colcon_core.shell:create_environment_hook('serial_controller', 'pythonpath_develop')
[1.858s] DEBUG:colcon.colcon_core.event_handler.log_command:Invoked command in '/home/loga/micronav_ws/build/serial_controller' returned '0': PYTHONPATH=/home/loga/micronav_ws/build/serial_controller/prefix_override:/home/loga/micronav_ws/install/serial_controller/lib/python3.10/site-packages:${PYTHONPATH} /usr/bin/python3 setup.py develop --editable --build-directory /home/loga/micronav_ws/build/serial_controller/build --no-deps install_data
[1.867s] INFO:colcon.colcon_core.shell:Creating environment hook '/home/loga/micronav_ws/build/serial_controller/share/serial_controller/hook/pythonpath_develop.ps1'
[1.868s] INFO:colcon.colcon_core.shell:Creating environment descriptor '/home/loga/micronav_ws/build/serial_controller/share/serial_controller/hook/pythonpath_develop.dsv'
[1.868s] INFO:colcon.colcon_core.shell:Creating environment hook '/home/loga/micronav_ws/build/serial_controller/share/serial_controller/hook/pythonpath_develop.sh'
[1.878s] Level 1:colcon.colcon_core.environment:checking '/home/loga/micronav_ws/install/serial_controller' for CMake module files
[1.879s] Level 1:colcon.colcon_core.environment:checking '/home/loga/micronav_ws/install/serial_controller' for CMake config files
[1.879s] Level 1:colcon.colcon_core.environment:checking '/home/loga/micronav_ws/install/serial_controller/lib'
[1.879s] Level 1:colcon.colcon_core.environment:checking '/home/loga/micronav_ws/install/serial_controller/bin'
[1.879s] Level 1:colcon.colcon_core.environment:checking '/home/loga/micronav_ws/install/serial_controller/lib/pkgconfig/serial_controller.pc'
[1.879s] Level 1:colcon.colcon_core.environment:checking '/home/loga/micronav_ws/install/serial_controller/lib/python3.10/site-packages'
[1.879s] Level 1:colcon.colcon_core.shell:create_environment_hook('serial_controller', 'pythonpath')
[1.888s] INFO:colcon.colcon_core.shell:Creating environment hook '/home/loga/micronav_ws/install/serial_controller/share/serial_controller/hook/pythonpath.ps1'
[1.888s] INFO:colcon.colcon_core.shell:Creating environment descriptor '/home/loga/micronav_ws/install/serial_controller/share/serial_controller/hook/pythonpath.dsv'
[1.888s] INFO:colcon.colcon_core.shell:Creating environment hook '/home/loga/micronav_ws/install/serial_controller/share/serial_controller/hook/pythonpath.sh'
[1.889s] Level 1:colcon.colcon_core.environment:checking '/home/loga/micronav_ws/install/serial_controller/bin'
[1.889s] Level 1:colcon.colcon_core.environment:create_environment_scripts_only(serial_controller)
[1.898s] INFO:colcon.colcon_core.shell:Creating package script '/home/loga/micronav_ws/install/serial_controller/share/serial_controller/package.ps1'
[1.898s] INFO:colcon.colcon_core.shell:Creating package descriptor '/home/loga/micronav_ws/install/serial_controller/share/serial_controller/package.dsv'
[1.899s] INFO:colcon.colcon_core.shell:Creating package script '/home/loga/micronav_ws/install/serial_controller/share/serial_controller/package.sh'
[1.899s] INFO:colcon.colcon_core.shell:Creating package script '/home/loga/micronav_ws/install/serial_controller/share/serial_controller/package.bash'
[1.900s] INFO:colcon.colcon_core.shell:Creating package script '/home/loga/micronav_ws/install/serial_controller/share/serial_controller/package.zsh'
[1.900s] Level 1:colcon.colcon_core.environment:create_file_with_runtime_dependencies(/home/loga/micronav_ws/install/serial_controller/share/colcon-core/packages/serial_controller)
[1.901s] Level 1:colcon.colcon_core.shell:create_environment_hook('camera_controller', 'pythonpath_develop')
[1.902s] DEBUG:colcon.colcon_core.event_handler.log_command:Invoked command in '/home/loga/micronav_ws/build/camera_controller' returned '0': PYTHONPATH=/home/loga/micronav_ws/build/camera_controller/prefix_override:/home/loga/micronav_ws/install/camera_controller/lib/python3.10/site-packages:${PYTHONPATH} /usr/bin/python3 setup.py develop --editable --build-directory /home/loga/micronav_ws/build/camera_controller/build --no-deps install_data
[1.911s] INFO:colcon.colcon_core.shell:Creating environment hook '/home/loga/micronav_ws/build/camera_controller/share/camera_controller/hook/pythonpath_develop.ps1'
[1.911s] INFO:colcon.colcon_core.shell:Creating environment descriptor '/home/loga/micronav_ws/build/camera_controller/share/camera_controller/hook/pythonpath_develop.dsv'
[1.911s] INFO:colcon.colcon_core.shell:Creating environment hook '/home/loga/micronav_ws/build/camera_controller/share/camera_controller/hook/pythonpath_develop.sh'
[1.920s] Level 1:colcon.colcon_core.environment:checking '/home/loga/micronav_ws/install/camera_controller' for CMake module files
[1.920s] Level 1:colcon.colcon_core.environment:checking '/home/loga/micronav_ws/install/camera_controller' for CMake config files
[1.921s] Level 1:colcon.colcon_core.environment:checking '/home/loga/micronav_ws/install/camera_controller/lib'
[1.921s] Level 1:colcon.colcon_core.environment:checking '/home/loga/micronav_ws/install/camera_controller/bin'
[1.921s] Level 1:colcon.colcon_core.environment:checking '/home/loga/micronav_ws/install/camera_controller/lib/pkgconfig/camera_controller.pc'
[1.921s] Level 1:colcon.colcon_core.environment:checking '/home/loga/micronav_ws/install/camera_controller/lib/python3.10/site-packages'
[1.921s] Level 1:colcon.colcon_core.shell:create_environment_hook('camera_controller', 'pythonpath')
[1.930s] INFO:colcon.colcon_core.shell:Creating environment hook '/home/loga/micronav_ws/install/camera_controller/share/camera_controller/hook/pythonpath.ps1'
[1.930s] INFO:colcon.colcon_core.shell:Creating environment descriptor '/home/loga/micronav_ws/install/camera_controller/share/camera_controller/hook/pythonpath.dsv'
[1.930s] INFO:colcon.colcon_core.shell:Creating environment hook '/home/loga/micronav_ws/install/camera_controller/share/camera_controller/hook/pythonpath.sh'
[1.930s] Level 1:colcon.colcon_core.environment:checking '/home/loga/micronav_ws/install/camera_controller/bin'
[1.931s] Level 1:colcon.colcon_core.environment:create_environment_scripts_only(camera_controller)
[1.940s] INFO:colcon.colcon_core.shell:Creating package script '/home/loga/micronav_ws/install/camera_controller/share/camera_controller/package.ps1'
[1.940s] INFO:colcon.colcon_core.shell:Creating package descriptor '/home/loga/micronav_ws/install/camera_controller/share/camera_controller/package.dsv'
[1.940s] INFO:colcon.colcon_core.shell:Creating package script '/home/loga/micronav_ws/install/camera_controller/share/camera_controller/package.sh'
[1.940s] INFO:colcon.colcon_core.shell:Creating package script '/home/loga/micronav_ws/install/camera_controller/share/camera_controller/package.bash'
[1.941s] INFO:colcon.colcon_core.shell:Creating package script '/home/loga/micronav_ws/install/camera_controller/share/camera_controller/package.zsh'
[1.941s] Level 1:colcon.colcon_core.environment:create_file_with_runtime_dependencies(/home/loga/micronav_ws/install/camera_controller/share/colcon-core/packages/camera_controller)
[1.941s] DEBUG:colcon.colcon_parallel_executor.executor.parallel:closing loop
[1.942s] DEBUG:colcon.colcon_parallel_executor.executor.parallel:loop closed
[1.942s] DEBUG:colcon.colcon_parallel_executor.executor.parallel:run_until_complete finished with '0'
[1.942s] DEBUG:colcon.colcon_core.event_reactor:joining thread
[1.976s] INFO:colcon.colcon_core.plugin_system:Skipping extension 'colcon_notification.desktop_notification.notify_send': Could not find 'notify-send'
[1.977s] INFO:colcon.colcon_core.plugin_system:Skipping extension 'colcon_notification.desktop_notification.terminal_notifier': Not used on non-Darwin systems
[1.977s] INFO:colcon.colcon_core.plugin_system:Skipping extension 'colcon_notification.desktop_notification.win32': Not used on non-Windows systems
[1.977s] INFO:colcon.colcon_notification.desktop_notification:Sending desktop notification using 'notify2'
[1.978s] DEBUG:colcon.colcon_notification.desktop_notification.notify2:Failed to initialize notify2: org.freedesktop.DBus.Error.ServiceUnknown: The name org.freedesktop.Notifications was not provided by any .service files
[1.978s] DEBUG:colcon.colcon_core.event_reactor:joined thread
[1.987s] INFO:colcon.colcon_core.shell:Creating prefix script '/home/loga/micronav_ws/install/local_setup.ps1'
[1.987s] INFO:colcon.colcon_core.shell:Creating prefix util module '/home/loga/micronav_ws/install/_local_setup_util_ps1.py'
[1.988s] INFO:colcon.colcon_core.shell:Creating prefix chain script '/home/loga/micronav_ws/install/setup.ps1'
[1.997s] INFO:colcon.colcon_core.shell:Creating prefix script '/home/loga/micronav_ws/install/local_setup.sh'
[1.997s] INFO:colcon.colcon_core.shell:Creating prefix util module '/home/loga/micronav_ws/install/_local_setup_util_sh.py'
[1.997s] INFO:colcon.colcon_core.shell:Creating prefix chain script '/home/loga/micronav_ws/install/setup.sh'
[2.006s] INFO:colcon.colcon_core.shell:Creating prefix script '/home/loga/micronav_ws/install/local_setup.bash'
[2.007s] INFO:colcon.colcon_core.shell:Creating prefix chain script '/home/loga/micronav_ws/install/setup.bash'
[2.015s] INFO:colcon.colcon_core.shell:Creating prefix script '/home/loga/micronav_ws/install/local_setup.zsh'
[2.015s] INFO:colcon.colcon_core.shell:Creating prefix chain script '/home/loga/micronav_ws/install/setup.zsh'
