[16.906s] Invoking command in '/home/vignesh/micronav_ws/src/camera_controller': PYTHONPATH=/home/vignesh/micronav_ws/build/camera_controller/prefix_override:/home/vignesh/micronav_ws/install/camera_controller/lib/python3.10/site-packages:${PYTHONPATH} /usr/bin/python3 setup.py egg_info --egg-base ../../build/camera_controller build --build-base /home/vignesh/micronav_ws/build/camera_controller/build install --record /home/vignesh/micronav_ws/build/camera_controller/install.log --single-version-externally-managed
[20.566s] running egg_info
[20.569s] writing ../../build/camera_controller/camera_controller.egg-info/PKG-INFO
[20.577s] writing dependency_links to ../../build/camera_controller/camera_controller.egg-info/dependency_links.txt
[20.586s] writing entry points to ../../build/camera_controller/camera_controller.egg-info/entry_points.txt
[20.587s] writing requirements to ../../build/camera_controller/camera_controller.egg-info/requires.txt
[20.590s] writing top-level names to ../../build/camera_controller/camera_controller.egg-info/top_level.txt
[20.605s] reading manifest file '../../build/camera_controller/camera_controller.egg-info/SOURCES.txt'
[20.621s] writing manifest file '../../build/camera_controller/camera_controller.egg-info/SOURCES.txt'
[20.625s] running build
[20.628s] running build_py
[20.640s] running install
[20.643s] running install_lib
[20.659s] running install_data
[20.671s] running install_egg_info
[20.696s] removing '/home/vignesh/micronav_ws/install/camera_controller/lib/python3.10/site-packages/camera_controller-0.0.0-py3.10.egg-info' (and everything under it)
[20.707s] Copying ../../build/camera_controller/camera_controller.egg-info to /home/vignesh/micronav_ws/install/camera_controller/lib/python3.10/site-packages/camera_controller-0.0.0-py3.10.egg-info
[20.729s] running install_scripts
[20.971s] writing list of installed files to '/home/vignesh/micronav_ws/build/camera_controller/install.log'
[21.330s] Invoked command in '/home/vignesh/micronav_ws/src/camera_controller' returned '0': PYTHONPATH=/home/vignesh/micronav_ws/build/camera_controller/prefix_override:/home/vignesh/micronav_ws/install/camera_controller/lib/python3.10/site-packages:${PYTHONPATH} /usr/bin/python3 setup.py egg_info --egg-base ../../build/camera_controller build --build-base /home/vignesh/micronav_ws/build/camera_controller/build install --record /home/vignesh/micronav_ws/build/camera_controller/install.log --single-version-externally-managed
