[16.064s] Invoking command in '/home/vignesh/micronav_ws/src/serial_controller': PYTHONPATH=/home/vignesh/micronav_ws/build/serial_controller/prefix_override:/home/vignesh/micronav_ws/install/serial_controller/lib/python3.10/site-packages:${PYTHONPATH} /usr/bin/python3 setup.py egg_info --egg-base ../../build/serial_controller build --build-base /home/vignesh/micronav_ws/build/serial_controller/build install --record /home/vignesh/micronav_ws/build/serial_controller/install.log --single-version-externally-managed
[19.615s] running egg_info
[19.623s] writing ../../build/serial_controller/serial_controller.egg-info/PKG-INFO
[19.631s] writing dependency_links to ../../build/serial_controller/serial_controller.egg-info/dependency_links.txt
[19.635s] writing entry points to ../../build/serial_controller/serial_controller.egg-info/entry_points.txt
[19.640s] writing requirements to ../../build/serial_controller/serial_controller.egg-info/requires.txt
[19.643s] writing top-level names to ../../build/serial_controller/serial_controller.egg-info/top_level.txt
[19.655s] reading manifest file '../../build/serial_controller/serial_controller.egg-info/SOURCES.txt'
[19.670s] writing manifest file '../../build/serial_controller/serial_controller.egg-info/SOURCES.txt'
[19.681s] running build
[19.687s] running build_py
[19.688s] copying serial_controller/serial_node.py -> /home/vignesh/micronav_ws/build/serial_controller/build/lib/serial_controller
[19.690s] running install
[19.691s] running install_lib
[19.706s] copying /home/vignesh/micronav_ws/build/serial_controller/build/lib/serial_controller/serial_node.py -> /home/vignesh/micronav_ws/install/serial_controller/lib/python3.10/site-packages/serial_controller
[19.709s] byte-compiling /home/vignesh/micronav_ws/install/serial_controller/lib/python3.10/site-packages/serial_controller/serial_node.py to serial_node.cpython-310.pyc
[19.721s] running install_data
[19.734s] running install_egg_info
[19.774s] removing '/home/vignesh/micronav_ws/install/serial_controller/lib/python3.10/site-packages/serial_controller-0.0.0-py3.10.egg-info' (and everything under it)
[19.784s] Copying ../../build/serial_controller/serial_controller.egg-info to /home/vignesh/micronav_ws/install/serial_controller/lib/python3.10/site-packages/serial_controller-0.0.0-py3.10.egg-info
[19.811s] running install_scripts
[20.032s] Installing serilcom script to /home/vignesh/micronav_ws/install/serial_controller/lib/serial_controller
[20.037s] writing list of installed files to '/home/vignesh/micronav_ws/build/serial_controller/install.log'
[21.225s] Invoked command in '/home/vignesh/micronav_ws/src/serial_controller' returned '0': PYTHONPATH=/home/vignesh/micronav_ws/build/serial_controller/prefix_override:/home/vignesh/micronav_ws/install/serial_controller/lib/python3.10/site-packages:${PYTHONPATH} /usr/bin/python3 setup.py egg_info --egg-base ../../build/serial_controller build --build-base /home/vignesh/micronav_ws/build/serial_controller/build install --record /home/vignesh/micronav_ws/build/serial_controller/install.log --single-version-externally-managed
