[11.548s] DEBUG:colcon:Command line arguments: ['/usr/bin/colcon', 'build', '--symlink-install']
[11.549s] DEBUG:colcon:Parsed command line arguments: Namespace(log_base=None, log_level=None, verb_name='build', build_base='build', install_base='install', merge_install=False, symlink_install=True, test_result_base=None, continue_on_error=False, executor='parallel', parallel_workers=4, event_handlers=None, ignore_user_meta=False, metas=['./colcon.meta'], base_paths=['.'], packages_ignore=None, packages_ignore_regex=None, paths=None, packages_up_to=None, packages_up_to_regex=None, packages_above=None, packages_above_and_dependencies=None, packages_above_depth=None, packages_select_by_dep=None, packages_skip_by_dep=None, packages_skip_up_to=None, packages_select_build_failed=False, packages_skip_build_finished=False, packages_select_test_failures=False, packages_skip_test_passed=False, packages_select=None, packages_skip=None, packages_select_regex=None, packages_skip_regex=None, packages_start=None, packages_end=None, allow_overriding=[], cmake_args=None, cmake_target=None, cmake_target_skip_unavailable=False, cmake_clean_cache=False, cmake_clean_first=False, cmake_force_configure=False, ament_cmake_args=None, catkin_cmake_args=None, catkin_skip_building_tests=False, verb_parser=<colcon_defaults.argument_parser.defaults.DefaultArgumentsDecorator object at 0xffffbb8eb940>, verb_extension=<colcon_core.verb.build.BuildVerb object at 0xffffbbc94580>, main=<bound method BuildVerb.main of <colcon_core.verb.build.BuildVerb object at 0xffffbbc94580>>)
[12.091s] Level 1:colcon.colcon_core.package_discovery:discover_packages(colcon_meta) check parameters
[12.092s] Level 1:colcon.colcon_core.package_discovery:discover_packages(recursive) check parameters
[12.092s] Level 1:colcon.colcon_core.package_discovery:discover_packages(ignore) check parameters
[12.093s] Level 1:colcon.colcon_core.package_discovery:discover_packages(path) check parameters
[12.093s] Level 1:colcon.colcon_core.package_discovery:discover_packages(colcon_meta) discover
[12.094s] Level 1:colcon.colcon_core.package_discovery:discover_packages(recursive) discover
[12.094s] INFO:colcon.colcon_core.package_discovery:Crawling recursively for packages in '/home/vignesh/micronav_ws'
[12.095s] Level 1:colcon.colcon_core.package_identification:_identify(.) by extensions ['ignore', 'ignore_ament_install']
[12.096s] Level 1:colcon.colcon_core.package_identification:_identify(.) by extension 'ignore'
[12.097s] Level 1:colcon.colcon_core.package_identification:_identify(.) by extension 'ignore_ament_install'
[12.098s] Level 1:colcon.colcon_core.package_identification:_identify(.) by extensions ['colcon_pkg']
[12.098s] Level 1:colcon.colcon_core.package_identification:_identify(.) by extension 'colcon_pkg'
[12.099s] Level 1:colcon.colcon_core.package_identification:_identify(.) by extensions ['colcon_meta']
[12.099s] Level 1:colcon.colcon_core.package_identification:_identify(.) by extension 'colcon_meta'
[12.100s] Level 1:colcon.colcon_core.package_identification:_identify(.) by extensions ['ros']
[12.100s] Level 1:colcon.colcon_core.package_identification:_identify(.) by extension 'ros'
[12.297s] Level 1:colcon.colcon_core.package_identification:_identify(.) by extensions ['cmake', 'python']
[12.298s] Level 1:colcon.colcon_core.package_identification:_identify(.) by extension 'cmake'
[12.298s] Level 1:colcon.colcon_core.package_identification:_identify(.) by extension 'python'
[12.299s] Level 1:colcon.colcon_core.package_identification:_identify(.) by extensions ['python_setup_py']
[12.299s] Level 1:colcon.colcon_core.package_identification:_identify(.) by extension 'python_setup_py'
[12.301s] Level 1:colcon.colcon_core.package_identification:_identify(build) by extensions ['ignore', 'ignore_ament_install']
[12.302s] Level 1:colcon.colcon_core.package_identification:_identify(build) by extension 'ignore'
[12.303s] Level 1:colcon.colcon_core.package_identification:_identify(build) ignored
[12.304s] Level 1:colcon.colcon_core.package_identification:_identify(install) by extensions ['ignore', 'ignore_ament_install']
[12.306s] Level 1:colcon.colcon_core.package_identification:_identify(install) by extension 'ignore'
[12.306s] Level 1:colcon.colcon_core.package_identification:_identify(install) ignored
[12.308s] Level 1:colcon.colcon_core.package_identification:_identify(log) by extensions ['ignore', 'ignore_ament_install']
[12.309s] Level 1:colcon.colcon_core.package_identification:_identify(log) by extension 'ignore'
[12.310s] Level 1:colcon.colcon_core.package_identification:_identify(log) ignored
[12.311s] Level 1:colcon.colcon_core.package_identification:_identify(src) by extensions ['ignore', 'ignore_ament_install']
[12.312s] Level 1:colcon.colcon_core.package_identification:_identify(src) by extension 'ignore'
[12.313s] Level 1:colcon.colcon_core.package_identification:_identify(src) by extension 'ignore_ament_install'
[12.313s] Level 1:colcon.colcon_core.package_identification:_identify(src) by extensions ['colcon_pkg']
[12.314s] Level 1:colcon.colcon_core.package_identification:_identify(src) by extension 'colcon_pkg'
[12.315s] Level 1:colcon.colcon_core.package_identification:_identify(src) by extensions ['colcon_meta']
[12.315s] Level 1:colcon.colcon_core.package_identification:_identify(src) by extension 'colcon_meta'
[12.316s] Level 1:colcon.colcon_core.package_identification:_identify(src) by extensions ['ros']
[12.316s] Level 1:colcon.colcon_core.package_identification:_identify(src) by extension 'ros'
[12.317s] Level 1:colcon.colcon_core.package_identification:_identify(src) by extensions ['cmake', 'python']
[12.318s] Level 1:colcon.colcon_core.package_identification:_identify(src) by extension 'cmake'
[12.319s] Level 1:colcon.colcon_core.package_identification:_identify(src) by extension 'python'
[12.319s] Level 1:colcon.colcon_core.package_identification:_identify(src) by extensions ['python_setup_py']
[12.320s] Level 1:colcon.colcon_core.package_identification:_identify(src) by extension 'python_setup_py'
[12.321s] Level 1:colcon.colcon_core.package_identification:_identify(src/camera_controller) by extensions ['ignore', 'ignore_ament_install']
[12.322s] Level 1:colcon.colcon_core.package_identification:_identify(src/camera_controller) by extension 'ignore'
[12.323s] Level 1:colcon.colcon_core.package_identification:_identify(src/camera_controller) by extension 'ignore_ament_install'
[12.324s] Level 1:colcon.colcon_core.package_identification:_identify(src/camera_controller) by extensions ['colcon_pkg']
[12.324s] Level 1:colcon.colcon_core.package_identification:_identify(src/camera_controller) by extension 'colcon_pkg'
[12.325s] Level 1:colcon.colcon_core.package_identification:_identify(src/camera_controller) by extensions ['colcon_meta']
[12.326s] Level 1:colcon.colcon_core.package_identification:_identify(src/camera_controller) by extension 'colcon_meta'
[12.326s] Level 1:colcon.colcon_core.package_identification:_identify(src/camera_controller) by extensions ['ros']
[12.327s] Level 1:colcon.colcon_core.package_identification:_identify(src/camera_controller) by extension 'ros'
[12.362s] DEBUG:colcon.colcon_core.package_identification:Package 'src/camera_controller' with type 'ros.ament_python' and name 'camera_controller'
[12.363s] Level 1:colcon.colcon_core.package_identification:_identify(src/serial_controller) by extensions ['ignore', 'ignore_ament_install']
[12.365s] Level 1:colcon.colcon_core.package_identification:_identify(src/serial_controller) by extension 'ignore'
[12.365s] Level 1:colcon.colcon_core.package_identification:_identify(src/serial_controller) by extension 'ignore_ament_install'
[12.366s] Level 1:colcon.colcon_core.package_identification:_identify(src/serial_controller) by extensions ['colcon_pkg']
[12.367s] Level 1:colcon.colcon_core.package_identification:_identify(src/serial_controller) by extension 'colcon_pkg'
[12.368s] Level 1:colcon.colcon_core.package_identification:_identify(src/serial_controller) by extensions ['colcon_meta']
[12.368s] Level 1:colcon.colcon_core.package_identification:_identify(src/serial_controller) by extension 'colcon_meta'
[12.369s] Level 1:colcon.colcon_core.package_identification:_identify(src/serial_controller) by extensions ['ros']
[12.370s] Level 1:colcon.colcon_core.package_identification:_identify(src/serial_controller) by extension 'ros'
[12.378s] DEBUG:colcon.colcon_core.package_identification:Package 'src/serial_controller' with type 'ros.ament_python' and name 'serial_controller'
[12.379s] Level 1:colcon.colcon_core.package_discovery:discover_packages(recursive) using defaults
[12.379s] Level 1:colcon.colcon_core.package_discovery:discover_packages(ignore) discover
[12.380s] Level 1:colcon.colcon_core.package_discovery:discover_packages(ignore) using defaults
[12.380s] Level 1:colcon.colcon_core.package_discovery:discover_packages(path) discover
[12.380s] Level 1:colcon.colcon_core.package_discovery:discover_packages(path) using defaults
[13.476s] Level 1:colcon.colcon_core.package_discovery:discover_packages(prefix_path) check parameters
[13.476s] Level 1:colcon.colcon_core.package_discovery:discover_packages(prefix_path) discover
[13.813s] DEBUG:colcon.colcon_installed_package_information.package_discovery:Found 2 installed packages in /home/vignesh/micronav_ws/install
[13.987s] DEBUG:colcon.colcon_installed_package_information.package_discovery:Found 183 installed packages in /opt/ros/humble
[13.999s] Level 1:colcon.colcon_core.package_discovery:discover_packages(prefix_path) using defaults
[14.936s] Level 5:colcon.colcon_core.verb:set package 'camera_controller' build argument 'cmake_args' from command line to 'None'
[14.937s] Level 5:colcon.colcon_core.verb:set package 'camera_controller' build argument 'cmake_target' from command line to 'None'
[14.938s] Level 5:colcon.colcon_core.verb:set package 'camera_controller' build argument 'cmake_target_skip_unavailable' from command line to 'False'
[14.938s] Level 5:colcon.colcon_core.verb:set package 'camera_controller' build argument 'cmake_clean_cache' from command line to 'False'
[14.938s] Level 5:colcon.colcon_core.verb:set package 'camera_controller' build argument 'cmake_clean_first' from command line to 'False'
[14.939s] Level 5:colcon.colcon_core.verb:set package 'camera_controller' build argument 'cmake_force_configure' from command line to 'False'
[14.939s] Level 5:colcon.colcon_core.verb:set package 'camera_controller' build argument 'ament_cmake_args' from command line to 'None'
[14.939s] Level 5:colcon.colcon_core.verb:set package 'camera_controller' build argument 'catkin_cmake_args' from command line to 'None'
[14.939s] Level 5:colcon.colcon_core.verb:set package 'camera_controller' build argument 'catkin_skip_building_tests' from command line to 'False'
[14.940s] DEBUG:colcon.colcon_core.verb:Building package 'camera_controller' with the following arguments: {'ament_cmake_args': None, 'build_base': '/home/vignesh/micronav_ws/build/camera_controller', 'catkin_cmake_args': None, 'catkin_skip_building_tests': False, 'cmake_args': None, 'cmake_clean_cache': False, 'cmake_clean_first': False, 'cmake_force_configure': False, 'cmake_target': None, 'cmake_target_skip_unavailable': False, 'install_base': '/home/vignesh/micronav_ws/install/camera_controller', 'merge_install': False, 'path': '/home/vignesh/micronav_ws/src/camera_controller', 'symlink_install': True, 'test_result_base': None}
[15.094s] Level 5:colcon.colcon_core.verb:set package 'serial_controller' build argument 'cmake_args' from command line to 'None'
[15.094s] Level 5:colcon.colcon_core.verb:set package 'serial_controller' build argument 'cmake_target' from command line to 'None'
[15.095s] Level 5:colcon.colcon_core.verb:set package 'serial_controller' build argument 'cmake_target_skip_unavailable' from command line to 'False'
[15.095s] Level 5:colcon.colcon_core.verb:set package 'serial_controller' build argument 'cmake_clean_cache' from command line to 'False'
[15.095s] Level 5:colcon.colcon_core.verb:set package 'serial_controller' build argument 'cmake_clean_first' from command line to 'False'
[15.095s] Level 5:colcon.colcon_core.verb:set package 'serial_controller' build argument 'cmake_force_configure' from command line to 'False'
[15.096s] Level 5:colcon.colcon_core.verb:set package 'serial_controller' build argument 'ament_cmake_args' from command line to 'None'
[15.096s] Level 5:colcon.colcon_core.verb:set package 'serial_controller' build argument 'catkin_cmake_args' from command line to 'None'
[15.096s] Level 5:colcon.colcon_core.verb:set package 'serial_controller' build argument 'catkin_skip_building_tests' from command line to 'False'
[15.097s] DEBUG:colcon.colcon_core.verb:Building package 'serial_controller' with the following arguments: {'ament_cmake_args': None, 'build_base': '/home/vignesh/micronav_ws/build/serial_controller', 'catkin_cmake_args': None, 'catkin_skip_building_tests': False, 'cmake_args': None, 'cmake_clean_cache': False, 'cmake_clean_first': False, 'cmake_force_configure': False, 'cmake_target': None, 'cmake_target_skip_unavailable': False, 'install_base': '/home/vignesh/micronav_ws/install/serial_controller', 'merge_install': False, 'path': '/home/vignesh/micronav_ws/src/serial_controller', 'symlink_install': True, 'test_result_base': None}
[15.255s] INFO:colcon.colcon_core.executor:Executing jobs using 'parallel' executor
[15.419s] DEBUG:colcon.colcon_parallel_executor.executor.parallel:run_until_complete
[15.422s] INFO:colcon.colcon_ros.task.ament_python.build:Building ROS package in '/home/vignesh/micronav_ws/src/camera_controller' with build type 'ament_python'
[15.423s] Level 1:colcon.colcon_core.shell:create_environment_hook('camera_controller', 'ament_prefix_path')
[15.622s] INFO:colcon.colcon_core.plugin_system:Skipping extension 'colcon_core.shell.bat': Not used on non-Windows systems
[15.625s] INFO:colcon.colcon_core.shell:Creating environment hook '/home/vignesh/micronav_ws/install/camera_controller/share/camera_controller/hook/ament_prefix_path.ps1'
[15.641s] INFO:colcon.colcon_core.shell:Creating environment descriptor '/home/vignesh/micronav_ws/install/camera_controller/share/camera_controller/hook/ament_prefix_path.dsv'
[15.647s] INFO:colcon.colcon_core.shell:Creating environment hook '/home/vignesh/micronav_ws/install/camera_controller/share/camera_controller/hook/ament_prefix_path.sh'
[15.813s] INFO:colcon.colcon_core.shell:Skip shell extension 'powershell' for command environment: Not usable outside of PowerShell
[15.813s] DEBUG:colcon.colcon_core.shell:Skip shell extension 'dsv' for command environment
[16.333s] INFO:colcon.colcon_ros.task.ament_python.build:Building ROS package in '/home/vignesh/micronav_ws/src/serial_controller' with build type 'ament_python'
[16.335s] Level 1:colcon.colcon_core.shell:create_environment_hook('serial_controller', 'ament_prefix_path')
[16.514s] INFO:colcon.colcon_core.shell:Creating environment hook '/home/vignesh/micronav_ws/install/serial_controller/share/serial_controller/hook/ament_prefix_path.ps1'
[16.518s] INFO:colcon.colcon_core.shell:Creating environment descriptor '/home/vignesh/micronav_ws/install/serial_controller/share/serial_controller/hook/ament_prefix_path.dsv'
[16.522s] INFO:colcon.colcon_core.shell:Creating environment hook '/home/vignesh/micronav_ws/install/serial_controller/share/serial_controller/hook/ament_prefix_path.sh'
[16.693s] INFO:colcon.colcon_core.shell:Skip shell extension 'powershell' for command environment: Not usable outside of PowerShell
[16.694s] DEBUG:colcon.colcon_core.shell:Skip shell extension 'dsv' for command environment
[20.811s] INFO:colcon.colcon_core.task.python.build:Building Python package in '/home/vignesh/micronav_ws/src/camera_controller'
[20.979s] INFO:colcon.colcon_core.shell:Skip shell extension 'powershell' for command environment: Not usable outside of PowerShell
[20.980s] DEBUG:colcon.colcon_core.shell:Skip shell extension 'dsv' for command environment
[24.634s] INFO:colcon.colcon_core.task.python.build:Building Python package in '/home/vignesh/micronav_ws/src/serial_controller'
[24.796s] INFO:colcon.colcon_core.shell:Skip shell extension 'powershell' for command environment: Not usable outside of PowerShell
[24.797s] DEBUG:colcon.colcon_core.shell:Skip shell extension 'dsv' for command environment
[32.058s] DEBUG:colcon.colcon_core.event_handler.log_command:Invoking command in '/home/vignesh/micronav_ws/build/camera_controller': PYTHONPATH=/home/vignesh/micronav_ws/build/camera_controller/prefix_override:/home/vignesh/micronav_ws/install/camera_controller/lib/python3.10/site-packages:${PYTHONPATH} /usr/bin/python3 setup.py develop --editable --build-directory /home/vignesh/micronav_ws/build/camera_controller/build --no-deps install_data
[32.178s] DEBUG:colcon.colcon_core.event_handler.log_command:Invoking command in '/home/vignesh/micronav_ws/build/serial_controller': PYTHONPATH=/home/vignesh/micronav_ws/build/serial_controller/prefix_override:/home/vignesh/micronav_ws/install/serial_controller/lib/python3.10/site-packages:${PYTHONPATH} /usr/bin/python3 setup.py develop --editable --build-directory /home/vignesh/micronav_ws/build/serial_controller/build --no-deps install_data
[38.352s] Level 1:colcon.colcon_core.shell:create_environment_hook('serial_controller', 'pythonpath_develop')
[38.357s] DEBUG:colcon.colcon_core.event_handler.log_command:Invoked command in '/home/vignesh/micronav_ws/build/serial_controller' returned '0': PYTHONPATH=/home/vignesh/micronav_ws/build/serial_controller/prefix_override:/home/vignesh/micronav_ws/install/serial_controller/lib/python3.10/site-packages:${PYTHONPATH} /usr/bin/python3 setup.py develop --editable --build-directory /home/vignesh/micronav_ws/build/serial_controller/build --no-deps install_data
[38.535s] INFO:colcon.colcon_core.shell:Creating environment hook '/home/vignesh/micronav_ws/build/serial_controller/share/serial_controller/hook/pythonpath_develop.ps1'
[38.544s] INFO:colcon.colcon_core.shell:Creating environment descriptor '/home/vignesh/micronav_ws/build/serial_controller/share/serial_controller/hook/pythonpath_develop.dsv'
[38.550s] INFO:colcon.colcon_core.shell:Creating environment hook '/home/vignesh/micronav_ws/build/serial_controller/share/serial_controller/hook/pythonpath_develop.sh'
[38.886s] Level 1:colcon.colcon_core.environment:checking '/home/vignesh/micronav_ws/install/serial_controller' for CMake module files
[38.896s] Level 1:colcon.colcon_core.environment:checking '/home/vignesh/micronav_ws/install/serial_controller' for CMake config files
[38.967s] Level 1:colcon.colcon_core.environment:checking '/home/vignesh/micronav_ws/install/serial_controller/lib'
[38.972s] Level 1:colcon.colcon_core.environment:checking '/home/vignesh/micronav_ws/install/serial_controller/bin'
[38.974s] Level 1:colcon.colcon_core.environment:checking '/home/vignesh/micronav_ws/install/serial_controller/lib/pkgconfig/serial_controller.pc'
[38.978s] Level 1:colcon.colcon_core.environment:checking '/home/vignesh/micronav_ws/install/serial_controller/lib/python3.10/site-packages'
[38.979s] Level 1:colcon.colcon_core.shell:create_environment_hook('serial_controller', 'pythonpath')
[39.150s] INFO:colcon.colcon_core.shell:Creating environment hook '/home/vignesh/micronav_ws/install/serial_controller/share/serial_controller/hook/pythonpath.ps1'
[39.155s] INFO:colcon.colcon_core.shell:Creating environment descriptor '/home/vignesh/micronav_ws/install/serial_controller/share/serial_controller/hook/pythonpath.dsv'
[39.159s] INFO:colcon.colcon_core.shell:Creating environment hook '/home/vignesh/micronav_ws/install/serial_controller/share/serial_controller/hook/pythonpath.sh'
[39.165s] Level 1:colcon.colcon_core.environment:checking '/home/vignesh/micronav_ws/install/serial_controller/bin'
[39.167s] Level 1:colcon.colcon_core.environment:create_environment_scripts_only(serial_controller)
[39.339s] INFO:colcon.colcon_core.shell:Creating package script '/home/vignesh/micronav_ws/install/serial_controller/share/serial_controller/package.ps1'
[39.354s] INFO:colcon.colcon_core.shell:Creating package descriptor '/home/vignesh/micronav_ws/install/serial_controller/share/serial_controller/package.dsv'
[39.362s] INFO:colcon.colcon_core.shell:Creating package script '/home/vignesh/micronav_ws/install/serial_controller/share/serial_controller/package.sh'
[39.377s] INFO:colcon.colcon_core.shell:Creating package script '/home/vignesh/micronav_ws/install/serial_controller/share/serial_controller/package.bash'
[39.391s] INFO:colcon.colcon_core.shell:Creating package script '/home/vignesh/micronav_ws/install/serial_controller/share/serial_controller/package.zsh'
[39.402s] Level 1:colcon.colcon_core.environment:create_file_with_runtime_dependencies(/home/vignesh/micronav_ws/install/serial_controller/share/colcon-core/packages/serial_controller)
[39.422s] Level 1:colcon.colcon_core.shell:create_environment_hook('camera_controller', 'pythonpath_develop')
[39.435s] DEBUG:colcon.colcon_core.event_handler.log_command:Invoked command in '/home/vignesh/micronav_ws/build/camera_controller' returned '0': PYTHONPATH=/home/vignesh/micronav_ws/build/camera_controller/prefix_override:/home/vignesh/micronav_ws/install/camera_controller/lib/python3.10/site-packages:${PYTHONPATH} /usr/bin/python3 setup.py develop --editable --build-directory /home/vignesh/micronav_ws/build/camera_controller/build --no-deps install_data
[39.597s] INFO:colcon.colcon_core.shell:Creating environment hook '/home/vignesh/micronav_ws/build/camera_controller/share/camera_controller/hook/pythonpath_develop.ps1'
[39.602s] INFO:colcon.colcon_core.shell:Creating environment descriptor '/home/vignesh/micronav_ws/build/camera_controller/share/camera_controller/hook/pythonpath_develop.dsv'
[39.606s] INFO:colcon.colcon_core.shell:Creating environment hook '/home/vignesh/micronav_ws/build/camera_controller/share/camera_controller/hook/pythonpath_develop.sh'
[39.787s] Level 1:colcon.colcon_core.environment:checking '/home/vignesh/micronav_ws/install/camera_controller' for CMake module files
[39.798s] Level 1:colcon.colcon_core.environment:checking '/home/vignesh/micronav_ws/install/camera_controller' for CMake config files
[39.815s] Level 1:colcon.colcon_core.environment:checking '/home/vignesh/micronav_ws/install/camera_controller/lib'
[39.817s] Level 1:colcon.colcon_core.environment:checking '/home/vignesh/micronav_ws/install/camera_controller/bin'
[39.818s] Level 1:colcon.colcon_core.environment:checking '/home/vignesh/micronav_ws/install/camera_controller/lib/pkgconfig/camera_controller.pc'
[39.821s] Level 1:colcon.colcon_core.environment:checking '/home/vignesh/micronav_ws/install/camera_controller/lib/python3.10/site-packages'
[39.822s] Level 1:colcon.colcon_core.shell:create_environment_hook('camera_controller', 'pythonpath')
[40.019s] INFO:colcon.colcon_core.shell:Creating environment hook '/home/vignesh/micronav_ws/install/camera_controller/share/camera_controller/hook/pythonpath.ps1'
[40.024s] INFO:colcon.colcon_core.shell:Creating environment descriptor '/home/vignesh/micronav_ws/install/camera_controller/share/camera_controller/hook/pythonpath.dsv'
[40.030s] INFO:colcon.colcon_core.shell:Creating environment hook '/home/vignesh/micronav_ws/install/camera_controller/share/camera_controller/hook/pythonpath.sh'
[40.037s] Level 1:colcon.colcon_core.environment:checking '/home/vignesh/micronav_ws/install/camera_controller/bin'
[40.038s] Level 1:colcon.colcon_core.environment:create_environment_scripts_only(camera_controller)
[40.198s] INFO:colcon.colcon_core.shell:Creating package script '/home/vignesh/micronav_ws/install/camera_controller/share/camera_controller/package.ps1'
[40.205s] INFO:colcon.colcon_core.shell:Creating package descriptor '/home/vignesh/micronav_ws/install/camera_controller/share/camera_controller/package.dsv'
[40.212s] INFO:colcon.colcon_core.shell:Creating package script '/home/vignesh/micronav_ws/install/camera_controller/share/camera_controller/package.sh'
[40.219s] INFO:colcon.colcon_core.shell:Creating package script '/home/vignesh/micronav_ws/install/camera_controller/share/camera_controller/package.bash'
[40.224s] INFO:colcon.colcon_core.shell:Creating package script '/home/vignesh/micronav_ws/install/camera_controller/share/camera_controller/package.zsh'
[40.229s] Level 1:colcon.colcon_core.environment:create_file_with_runtime_dependencies(/home/vignesh/micronav_ws/install/camera_controller/share/colcon-core/packages/camera_controller)
[40.233s] DEBUG:colcon.colcon_parallel_executor.executor.parallel:closing loop
[40.242s] DEBUG:colcon.colcon_parallel_executor.executor.parallel:loop closed
[40.243s] DEBUG:colcon.colcon_parallel_executor.executor.parallel:run_until_complete finished with '0'
[40.244s] DEBUG:colcon.colcon_core.event_reactor:joining thread
[40.591s] INFO:colcon.colcon_core.plugin_system:Skipping extension 'colcon_notification.desktop_notification.notify_send': Could not find 'notify-send'
[40.593s] INFO:colcon.colcon_core.plugin_system:Skipping extension 'colcon_notification.desktop_notification.terminal_notifier': Not used on non-Darwin systems
[40.594s] INFO:colcon.colcon_core.plugin_system:Skipping extension 'colcon_notification.desktop_notification.win32': Not used on non-Windows systems
[40.595s] INFO:colcon.colcon_notification.desktop_notification:Sending desktop notification using 'notify2'
[40.615s] DEBUG:colcon.colcon_notification.desktop_notification.notify2:Failed to initialize notify2: org.freedesktop.DBus.Error.ServiceUnknown: The name org.freedesktop.Notifications was not provided by any .service files
[40.616s] DEBUG:colcon.colcon_core.event_reactor:joined thread
[40.788s] INFO:colcon.colcon_core.shell:Creating prefix script '/home/vignesh/micronav_ws/install/local_setup.ps1'
[40.798s] INFO:colcon.colcon_core.shell:Creating prefix util module '/home/vignesh/micronav_ws/install/_local_setup_util_ps1.py'
[40.819s] INFO:colcon.colcon_core.shell:Creating prefix chain script '/home/vignesh/micronav_ws/install/setup.ps1'
[40.982s] INFO:colcon.colcon_core.shell:Creating prefix script '/home/vignesh/micronav_ws/install/local_setup.sh'
[40.990s] INFO:colcon.colcon_core.shell:Creating prefix util module '/home/vignesh/micronav_ws/install/_local_setup_util_sh.py'
[40.996s] INFO:colcon.colcon_core.shell:Creating prefix chain script '/home/vignesh/micronav_ws/install/setup.sh'
[41.158s] INFO:colcon.colcon_core.shell:Creating prefix script '/home/vignesh/micronav_ws/install/local_setup.bash'
[41.165s] INFO:colcon.colcon_core.shell:Creating prefix chain script '/home/vignesh/micronav_ws/install/setup.bash'
[41.332s] INFO:colcon.colcon_core.shell:Creating prefix script '/home/vignesh/micronav_ws/install/local_setup.zsh'
[41.340s] INFO:colcon.colcon_core.shell:Creating prefix chain script '/home/vignesh/micronav_ws/install/setup.zsh'
