[11.632s] DEBUG:colcon:Command line arguments: ['/usr/bin/colcon', 'build']
[11.633s] DEBUG:colcon:Parsed command line arguments: Namespace(log_base=None, log_level=None, verb_name='build', build_base='build', install_base='install', merge_install=False, symlink_install=False, test_result_base=None, continue_on_error=False, executor='parallel', parallel_workers=4, event_handlers=None, ignore_user_meta=False, metas=['./colcon.meta'], base_paths=['.'], packages_ignore=None, packages_ignore_regex=None, paths=None, packages_up_to=None, packages_up_to_regex=None, packages_above=None, packages_above_and_dependencies=None, packages_above_depth=None, packages_select_by_dep=None, packages_skip_by_dep=None, packages_skip_up_to=None, packages_select_build_failed=False, packages_skip_build_finished=False, packages_select_test_failures=False, packages_skip_test_passed=False, packages_select=None, packages_skip=None, packages_select_regex=None, packages_skip_regex=None, packages_start=None, packages_end=None, allow_overriding=[], cmake_args=None, cmake_target=None, cmake_target_skip_unavailable=False, cmake_clean_cache=False, cmake_clean_first=False, cmake_force_configure=False, ament_cmake_args=None, catkin_cmake_args=None, catkin_skip_building_tests=False, verb_parser=<colcon_defaults.argument_parser.defaults.DefaultArgumentsDecorator object at 0xffffa3d996f0>, verb_extension=<colcon_core.verb.build.BuildVerb object at 0xffffa41404f0>, main=<bound method BuildVerb.main of <colcon_core.verb.build.BuildVerb object at 0xffffa41404f0>>)
[12.404s] Level 1:colcon.colcon_core.package_discovery:discover_packages(colcon_meta) check parameters
[12.406s] Level 1:colcon.colcon_core.package_discovery:discover_packages(recursive) check parameters
[12.407s] Level 1:colcon.colcon_core.package_discovery:discover_packages(ignore) check parameters
[12.407s] Level 1:colcon.colcon_core.package_discovery:discover_packages(path) check parameters
[12.408s] Level 1:colcon.colcon_core.package_discovery:discover_packages(colcon_meta) discover
[12.408s] Level 1:colcon.colcon_core.package_discovery:discover_packages(recursive) discover
[12.409s] INFO:colcon.colcon_core.package_discovery:Crawling recursively for packages in '/home/vignesh/micronav_ws'
[12.410s] Level 1:colcon.colcon_core.package_identification:_identify(.) by extensions ['ignore', 'ignore_ament_install']
[12.411s] Level 1:colcon.colcon_core.package_identification:_identify(.) by extension 'ignore'
[12.412s] Level 1:colcon.colcon_core.package_identification:_identify(.) by extension 'ignore_ament_install'
[12.413s] Level 1:colcon.colcon_core.package_identification:_identify(.) by extensions ['colcon_pkg']
[12.414s] Level 1:colcon.colcon_core.package_identification:_identify(.) by extension 'colcon_pkg'
[12.414s] Level 1:colcon.colcon_core.package_identification:_identify(.) by extensions ['colcon_meta']
[12.415s] Level 1:colcon.colcon_core.package_identification:_identify(.) by extension 'colcon_meta'
[12.416s] Level 1:colcon.colcon_core.package_identification:_identify(.) by extensions ['ros']
[12.416s] Level 1:colcon.colcon_core.package_identification:_identify(.) by extension 'ros'
[12.590s] Level 1:colcon.colcon_core.package_identification:_identify(.) by extensions ['cmake', 'python']
[12.591s] Level 1:colcon.colcon_core.package_identification:_identify(.) by extension 'cmake'
[12.592s] Level 1:colcon.colcon_core.package_identification:_identify(.) by extension 'python'
[12.592s] Level 1:colcon.colcon_core.package_identification:_identify(.) by extensions ['python_setup_py']
[12.593s] Level 1:colcon.colcon_core.package_identification:_identify(.) by extension 'python_setup_py'
[12.594s] Level 1:colcon.colcon_core.package_identification:_identify(build) by extensions ['ignore', 'ignore_ament_install']
[12.595s] Level 1:colcon.colcon_core.package_identification:_identify(build) by extension 'ignore'
[12.596s] Level 1:colcon.colcon_core.package_identification:_identify(build) ignored
[12.598s] Level 1:colcon.colcon_core.package_identification:_identify(install) by extensions ['ignore', 'ignore_ament_install']
[12.599s] Level 1:colcon.colcon_core.package_identification:_identify(install) by extension 'ignore'
[12.600s] Level 1:colcon.colcon_core.package_identification:_identify(install) ignored
[12.602s] Level 1:colcon.colcon_core.package_identification:_identify(log) by extensions ['ignore', 'ignore_ament_install']
[12.603s] Level 1:colcon.colcon_core.package_identification:_identify(log) by extension 'ignore'
[12.603s] Level 1:colcon.colcon_core.package_identification:_identify(log) ignored
[12.605s] Level 1:colcon.colcon_core.package_identification:_identify(src) by extensions ['ignore', 'ignore_ament_install']
[12.606s] Level 1:colcon.colcon_core.package_identification:_identify(src) by extension 'ignore'
[12.607s] Level 1:colcon.colcon_core.package_identification:_identify(src) by extension 'ignore_ament_install'
[12.608s] Level 1:colcon.colcon_core.package_identification:_identify(src) by extensions ['colcon_pkg']
[12.608s] Level 1:colcon.colcon_core.package_identification:_identify(src) by extension 'colcon_pkg'
[12.609s] Level 1:colcon.colcon_core.package_identification:_identify(src) by extensions ['colcon_meta']
[12.610s] Level 1:colcon.colcon_core.package_identification:_identify(src) by extension 'colcon_meta'
[12.610s] Level 1:colcon.colcon_core.package_identification:_identify(src) by extensions ['ros']
[12.611s] Level 1:colcon.colcon_core.package_identification:_identify(src) by extension 'ros'
[12.612s] Level 1:colcon.colcon_core.package_identification:_identify(src) by extensions ['cmake', 'python']
[12.612s] Level 1:colcon.colcon_core.package_identification:_identify(src) by extension 'cmake'
[12.613s] Level 1:colcon.colcon_core.package_identification:_identify(src) by extension 'python'
[12.614s] Level 1:colcon.colcon_core.package_identification:_identify(src) by extensions ['python_setup_py']
[12.615s] Level 1:colcon.colcon_core.package_identification:_identify(src) by extension 'python_setup_py'
[12.616s] Level 1:colcon.colcon_core.package_identification:_identify(src/camera_controller) by extensions ['ignore', 'ignore_ament_install']
[12.617s] Level 1:colcon.colcon_core.package_identification:_identify(src/camera_controller) by extension 'ignore'
[12.619s] Level 1:colcon.colcon_core.package_identification:_identify(src/camera_controller) by extension 'ignore_ament_install'
[12.620s] Level 1:colcon.colcon_core.package_identification:_identify(src/camera_controller) by extensions ['colcon_pkg']
[12.621s] Level 1:colcon.colcon_core.package_identification:_identify(src/camera_controller) by extension 'colcon_pkg'
[12.622s] Level 1:colcon.colcon_core.package_identification:_identify(src/camera_controller) by extensions ['colcon_meta']
[12.623s] Level 1:colcon.colcon_core.package_identification:_identify(src/camera_controller) by extension 'colcon_meta'
[12.624s] Level 1:colcon.colcon_core.package_identification:_identify(src/camera_controller) by extensions ['ros']
[12.625s] Level 1:colcon.colcon_core.package_identification:_identify(src/camera_controller) by extension 'ros'
[12.664s] DEBUG:colcon.colcon_core.package_identification:Package 'src/camera_controller' with type 'ros.ament_python' and name 'camera_controller'
[12.665s] Level 1:colcon.colcon_core.package_identification:_identify(src/serial_controller) by extensions ['ignore', 'ignore_ament_install']
[12.667s] Level 1:colcon.colcon_core.package_identification:_identify(src/serial_controller) by extension 'ignore'
[12.667s] Level 1:colcon.colcon_core.package_identification:_identify(src/serial_controller) by extension 'ignore_ament_install'
[12.669s] Level 1:colcon.colcon_core.package_identification:_identify(src/serial_controller) by extensions ['colcon_pkg']
[12.669s] Level 1:colcon.colcon_core.package_identification:_identify(src/serial_controller) by extension 'colcon_pkg'
[12.670s] Level 1:colcon.colcon_core.package_identification:_identify(src/serial_controller) by extensions ['colcon_meta']
[12.670s] Level 1:colcon.colcon_core.package_identification:_identify(src/serial_controller) by extension 'colcon_meta'
[12.671s] Level 1:colcon.colcon_core.package_identification:_identify(src/serial_controller) by extensions ['ros']
[12.672s] Level 1:colcon.colcon_core.package_identification:_identify(src/serial_controller) by extension 'ros'
[12.680s] DEBUG:colcon.colcon_core.package_identification:Package 'src/serial_controller' with type 'ros.ament_python' and name 'serial_controller'
[12.680s] Level 1:colcon.colcon_core.package_discovery:discover_packages(recursive) using defaults
[12.681s] Level 1:colcon.colcon_core.package_discovery:discover_packages(ignore) discover
[12.682s] Level 1:colcon.colcon_core.package_discovery:discover_packages(ignore) using defaults
[12.682s] Level 1:colcon.colcon_core.package_discovery:discover_packages(path) discover
[12.682s] Level 1:colcon.colcon_core.package_discovery:discover_packages(path) using defaults
[13.824s] Level 1:colcon.colcon_core.package_discovery:discover_packages(prefix_path) check parameters
[13.825s] Level 1:colcon.colcon_core.package_discovery:discover_packages(prefix_path) discover
[14.162s] DEBUG:colcon.colcon_installed_package_information.package_discovery:Found 2 installed packages in /home/vignesh/micronav_ws/install
[14.346s] DEBUG:colcon.colcon_installed_package_information.package_discovery:Found 183 installed packages in /opt/ros/humble
[14.358s] Level 1:colcon.colcon_core.package_discovery:discover_packages(prefix_path) using defaults
[15.188s] Level 5:colcon.colcon_core.verb:set package 'camera_controller' build argument 'cmake_args' from command line to 'None'
[15.189s] Level 5:colcon.colcon_core.verb:set package 'camera_controller' build argument 'cmake_target' from command line to 'None'
[15.189s] Level 5:colcon.colcon_core.verb:set package 'camera_controller' build argument 'cmake_target_skip_unavailable' from command line to 'False'
[15.190s] Level 5:colcon.colcon_core.verb:set package 'camera_controller' build argument 'cmake_clean_cache' from command line to 'False'
[15.190s] Level 5:colcon.colcon_core.verb:set package 'camera_controller' build argument 'cmake_clean_first' from command line to 'False'
[15.190s] Level 5:colcon.colcon_core.verb:set package 'camera_controller' build argument 'cmake_force_configure' from command line to 'False'
[15.190s] Level 5:colcon.colcon_core.verb:set package 'camera_controller' build argument 'ament_cmake_args' from command line to 'None'
[15.191s] Level 5:colcon.colcon_core.verb:set package 'camera_controller' build argument 'catkin_cmake_args' from command line to 'None'
[15.191s] Level 5:colcon.colcon_core.verb:set package 'camera_controller' build argument 'catkin_skip_building_tests' from command line to 'False'
[15.192s] DEBUG:colcon.colcon_core.verb:Building package 'camera_controller' with the following arguments: {'ament_cmake_args': None, 'build_base': '/home/vignesh/micronav_ws/build/camera_controller', 'catkin_cmake_args': None, 'catkin_skip_building_tests': False, 'cmake_args': None, 'cmake_clean_cache': False, 'cmake_clean_first': False, 'cmake_force_configure': False, 'cmake_target': None, 'cmake_target_skip_unavailable': False, 'install_base': '/home/vignesh/micronav_ws/install/camera_controller', 'merge_install': False, 'path': '/home/vignesh/micronav_ws/src/camera_controller', 'symlink_install': False, 'test_result_base': None}
[15.350s] Level 5:colcon.colcon_core.verb:set package 'serial_controller' build argument 'cmake_args' from command line to 'None'
[15.351s] Level 5:colcon.colcon_core.verb:set package 'serial_controller' build argument 'cmake_target' from command line to 'None'
[15.351s] Level 5:colcon.colcon_core.verb:set package 'serial_controller' build argument 'cmake_target_skip_unavailable' from command line to 'False'
[15.351s] Level 5:colcon.colcon_core.verb:set package 'serial_controller' build argument 'cmake_clean_cache' from command line to 'False'
[15.352s] Level 5:colcon.colcon_core.verb:set package 'serial_controller' build argument 'cmake_clean_first' from command line to 'False'
[15.352s] Level 5:colcon.colcon_core.verb:set package 'serial_controller' build argument 'cmake_force_configure' from command line to 'False'
[15.352s] Level 5:colcon.colcon_core.verb:set package 'serial_controller' build argument 'ament_cmake_args' from command line to 'None'
[15.353s] Level 5:colcon.colcon_core.verb:set package 'serial_controller' build argument 'catkin_cmake_args' from command line to 'None'
[15.354s] Level 5:colcon.colcon_core.verb:set package 'serial_controller' build argument 'catkin_skip_building_tests' from command line to 'False'
[15.354s] DEBUG:colcon.colcon_core.verb:Building package 'serial_controller' with the following arguments: {'ament_cmake_args': None, 'build_base': '/home/vignesh/micronav_ws/build/serial_controller', 'catkin_cmake_args': None, 'catkin_skip_building_tests': False, 'cmake_args': None, 'cmake_clean_cache': False, 'cmake_clean_first': False, 'cmake_force_configure': False, 'cmake_target': None, 'cmake_target_skip_unavailable': False, 'install_base': '/home/vignesh/micronav_ws/install/serial_controller', 'merge_install': False, 'path': '/home/vignesh/micronav_ws/src/serial_controller', 'symlink_install': False, 'test_result_base': None}
[15.507s] INFO:colcon.colcon_core.executor:Executing jobs using 'parallel' executor
[15.668s] DEBUG:colcon.colcon_parallel_executor.executor.parallel:run_until_complete
[15.671s] INFO:colcon.colcon_ros.task.ament_python.build:Building ROS package in '/home/vignesh/micronav_ws/src/camera_controller' with build type 'ament_python'
[15.672s] Level 1:colcon.colcon_core.shell:create_environment_hook('camera_controller', 'ament_prefix_path')
[15.888s] INFO:colcon.colcon_core.plugin_system:Skipping extension 'colcon_core.shell.bat': Not used on non-Windows systems
[15.891s] INFO:colcon.colcon_core.shell:Creating environment hook '/home/vignesh/micronav_ws/install/camera_controller/share/camera_controller/hook/ament_prefix_path.ps1'
[15.912s] INFO:colcon.colcon_core.shell:Creating environment descriptor '/home/vignesh/micronav_ws/install/camera_controller/share/camera_controller/hook/ament_prefix_path.dsv'
[15.920s] INFO:colcon.colcon_core.shell:Creating environment hook '/home/vignesh/micronav_ws/install/camera_controller/share/camera_controller/hook/ament_prefix_path.sh'
[16.088s] INFO:colcon.colcon_core.shell:Skip shell extension 'powershell' for command environment: Not usable outside of PowerShell
[16.088s] DEBUG:colcon.colcon_core.shell:Skip shell extension 'dsv' for command environment
[16.622s] INFO:colcon.colcon_ros.task.ament_python.build:Building ROS package in '/home/vignesh/micronav_ws/src/serial_controller' with build type 'ament_python'
[16.625s] Level 1:colcon.colcon_core.shell:create_environment_hook('serial_controller', 'ament_prefix_path')
[16.795s] INFO:colcon.colcon_core.shell:Creating environment hook '/home/vignesh/micronav_ws/install/serial_controller/share/serial_controller/hook/ament_prefix_path.ps1'
[16.800s] INFO:colcon.colcon_core.shell:Creating environment descriptor '/home/vignesh/micronav_ws/install/serial_controller/share/serial_controller/hook/ament_prefix_path.dsv'
[16.805s] INFO:colcon.colcon_core.shell:Creating environment hook '/home/vignesh/micronav_ws/install/serial_controller/share/serial_controller/hook/ament_prefix_path.sh'
[16.971s] INFO:colcon.colcon_core.shell:Skip shell extension 'powershell' for command environment: Not usable outside of PowerShell
[16.972s] DEBUG:colcon.colcon_core.shell:Skip shell extension 'dsv' for command environment
[21.092s] INFO:colcon.colcon_core.task.python.build:Building Python package in '/home/vignesh/micronav_ws/src/camera_controller'
[21.266s] INFO:colcon.colcon_core.shell:Skip shell extension 'powershell' for command environment: Not usable outside of PowerShell
[21.266s] DEBUG:colcon.colcon_core.shell:Skip shell extension 'dsv' for command environment
[24.971s] INFO:colcon.colcon_core.task.python.build:Building Python package in '/home/vignesh/micronav_ws/src/serial_controller'
[25.139s] INFO:colcon.colcon_core.shell:Skip shell extension 'powershell' for command environment: Not usable outside of PowerShell
[25.140s] DEBUG:colcon.colcon_core.shell:Skip shell extension 'dsv' for command environment
[32.583s] DEBUG:colcon.colcon_core.event_handler.log_command:Invoking command in '/home/vignesh/micronav_ws/src/camera_controller': PYTHONPATH=/home/vignesh/micronav_ws/build/camera_controller/prefix_override:/home/vignesh/micronav_ws/install/camera_controller/lib/python3.10/site-packages:${PYTHONPATH} /usr/bin/python3 setup.py egg_info --egg-base ../../build/camera_controller build --build-base /home/vignesh/micronav_ws/build/camera_controller/build install --record /home/vignesh/micronav_ws/build/camera_controller/install.log --single-version-externally-managed
[32.688s] DEBUG:colcon.colcon_core.event_handler.log_command:Invoking command in '/home/vignesh/micronav_ws/src/serial_controller': PYTHONPATH=/home/vignesh/micronav_ws/build/serial_controller/prefix_override:/home/vignesh/micronav_ws/install/serial_controller/lib/python3.10/site-packages:${PYTHONPATH} /usr/bin/python3 setup.py egg_info --egg-base ../../build/serial_controller build --build-base /home/vignesh/micronav_ws/build/serial_controller/build install --record /home/vignesh/micronav_ws/build/serial_controller/install.log --single-version-externally-managed
[37.006s] DEBUG:colcon.colcon_core.event_handler.log_command:Invoked command in '/home/vignesh/micronav_ws/src/camera_controller' returned '0': PYTHONPATH=/home/vignesh/micronav_ws/build/camera_controller/prefix_override:/home/vignesh/micronav_ws/install/camera_controller/lib/python3.10/site-packages:${PYTHONPATH} /usr/bin/python3 setup.py egg_info --egg-base ../../build/camera_controller build --build-base /home/vignesh/micronav_ws/build/camera_controller/build install --record /home/vignesh/micronav_ws/build/camera_controller/install.log --single-version-externally-managed
[37.336s] Level 1:colcon.colcon_core.environment:checking '/home/vignesh/micronav_ws/install/camera_controller' for CMake module files
[37.348s] Level 1:colcon.colcon_core.environment:checking '/home/vignesh/micronav_ws/install/camera_controller' for CMake config files
[37.381s] Level 1:colcon.colcon_core.environment:checking '/home/vignesh/micronav_ws/install/camera_controller/lib'
[37.385s] Level 1:colcon.colcon_core.environment:checking '/home/vignesh/micronav_ws/install/camera_controller/bin'
[37.386s] Level 1:colcon.colcon_core.environment:checking '/home/vignesh/micronav_ws/install/camera_controller/lib/pkgconfig/camera_controller.pc'
[37.390s] Level 1:colcon.colcon_core.environment:checking '/home/vignesh/micronav_ws/install/camera_controller/lib/python3.10/site-packages'
[37.391s] Level 1:colcon.colcon_core.shell:create_environment_hook('camera_controller', 'pythonpath')
[37.554s] INFO:colcon.colcon_core.shell:Creating environment hook '/home/vignesh/micronav_ws/install/camera_controller/share/camera_controller/hook/pythonpath.ps1'
[37.562s] INFO:colcon.colcon_core.shell:Creating environment descriptor '/home/vignesh/micronav_ws/install/camera_controller/share/camera_controller/hook/pythonpath.dsv'
[37.567s] INFO:colcon.colcon_core.shell:Creating environment hook '/home/vignesh/micronav_ws/install/camera_controller/share/camera_controller/hook/pythonpath.sh'
[37.575s] Level 1:colcon.colcon_core.environment:checking '/home/vignesh/micronav_ws/install/camera_controller/bin'
[37.577s] Level 1:colcon.colcon_core.environment:create_environment_scripts_only(camera_controller)
[37.738s] INFO:colcon.colcon_core.shell:Creating package script '/home/vignesh/micronav_ws/install/camera_controller/share/camera_controller/package.ps1'
[37.768s] INFO:colcon.colcon_core.shell:Creating package descriptor '/home/vignesh/micronav_ws/install/camera_controller/share/camera_controller/package.dsv'
[37.778s] INFO:colcon.colcon_core.shell:Creating package script '/home/vignesh/micronav_ws/install/camera_controller/share/camera_controller/package.sh'
[37.789s] INFO:colcon.colcon_core.shell:Creating package script '/home/vignesh/micronav_ws/install/camera_controller/share/camera_controller/package.bash'
[37.800s] INFO:colcon.colcon_core.shell:Creating package script '/home/vignesh/micronav_ws/install/camera_controller/share/camera_controller/package.zsh'
[37.814s] Level 1:colcon.colcon_core.environment:create_file_with_runtime_dependencies(/home/vignesh/micronav_ws/install/camera_controller/share/colcon-core/packages/camera_controller)
[37.850s] DEBUG:colcon.colcon_core.event_handler.log_command:Invoked command in '/home/vignesh/micronav_ws/src/serial_controller' returned '0': PYTHONPATH=/home/vignesh/micronav_ws/build/serial_controller/prefix_override:/home/vignesh/micronav_ws/install/serial_controller/lib/python3.10/site-packages:${PYTHONPATH} /usr/bin/python3 setup.py egg_info --egg-base ../../build/serial_controller build --build-base /home/vignesh/micronav_ws/build/serial_controller/build install --record /home/vignesh/micronav_ws/build/serial_controller/install.log --single-version-externally-managed
[38.010s] Level 1:colcon.colcon_core.environment:checking '/home/vignesh/micronav_ws/install/serial_controller' for CMake module files
[38.019s] Level 1:colcon.colcon_core.environment:checking '/home/vignesh/micronav_ws/install/serial_controller' for CMake config files
[38.031s] Level 1:colcon.colcon_core.environment:checking '/home/vignesh/micronav_ws/install/serial_controller/lib'
[38.033s] Level 1:colcon.colcon_core.environment:checking '/home/vignesh/micronav_ws/install/serial_controller/bin'
[38.034s] Level 1:colcon.colcon_core.environment:checking '/home/vignesh/micronav_ws/install/serial_controller/lib/pkgconfig/serial_controller.pc'
[38.037s] Level 1:colcon.colcon_core.environment:checking '/home/vignesh/micronav_ws/install/serial_controller/lib/python3.10/site-packages'
[38.038s] Level 1:colcon.colcon_core.shell:create_environment_hook('serial_controller', 'pythonpath')
[38.207s] INFO:colcon.colcon_core.shell:Creating environment hook '/home/vignesh/micronav_ws/install/serial_controller/share/serial_controller/hook/pythonpath.ps1'
[38.211s] INFO:colcon.colcon_core.shell:Creating environment descriptor '/home/vignesh/micronav_ws/install/serial_controller/share/serial_controller/hook/pythonpath.dsv'
[38.216s] INFO:colcon.colcon_core.shell:Creating environment hook '/home/vignesh/micronav_ws/install/serial_controller/share/serial_controller/hook/pythonpath.sh'
[38.222s] Level 1:colcon.colcon_core.environment:checking '/home/vignesh/micronav_ws/install/serial_controller/bin'
[38.223s] Level 1:colcon.colcon_core.environment:create_environment_scripts_only(serial_controller)
[38.396s] INFO:colcon.colcon_core.shell:Creating package script '/home/vignesh/micronav_ws/install/serial_controller/share/serial_controller/package.ps1'
[38.402s] INFO:colcon.colcon_core.shell:Creating package descriptor '/home/vignesh/micronav_ws/install/serial_controller/share/serial_controller/package.dsv'
[38.408s] INFO:colcon.colcon_core.shell:Creating package script '/home/vignesh/micronav_ws/install/serial_controller/share/serial_controller/package.sh'
[38.413s] INFO:colcon.colcon_core.shell:Creating package script '/home/vignesh/micronav_ws/install/serial_controller/share/serial_controller/package.bash'
[38.418s] INFO:colcon.colcon_core.shell:Creating package script '/home/vignesh/micronav_ws/install/serial_controller/share/serial_controller/package.zsh'
[38.422s] Level 1:colcon.colcon_core.environment:create_file_with_runtime_dependencies(/home/vignesh/micronav_ws/install/serial_controller/share/colcon-core/packages/serial_controller)
[38.427s] DEBUG:colcon.colcon_parallel_executor.executor.parallel:closing loop
[38.436s] DEBUG:colcon.colcon_parallel_executor.executor.parallel:loop closed
[38.438s] DEBUG:colcon.colcon_parallel_executor.executor.parallel:run_until_complete finished with '0'
[38.439s] DEBUG:colcon.colcon_core.event_reactor:joining thread
[38.788s] INFO:colcon.colcon_core.plugin_system:Skipping extension 'colcon_notification.desktop_notification.notify_send': Could not find 'notify-send'
[38.789s] INFO:colcon.colcon_core.plugin_system:Skipping extension 'colcon_notification.desktop_notification.terminal_notifier': Not used on non-Darwin systems
[38.790s] INFO:colcon.colcon_core.plugin_system:Skipping extension 'colcon_notification.desktop_notification.win32': Not used on non-Windows systems
[38.791s] INFO:colcon.colcon_notification.desktop_notification:Sending desktop notification using 'notify2'
[38.806s] DEBUG:colcon.colcon_notification.desktop_notification.notify2:Failed to initialize notify2: org.freedesktop.DBus.Error.ServiceUnknown: The name org.freedesktop.Notifications was not provided by any .service files
[38.807s] DEBUG:colcon.colcon_core.event_reactor:joined thread
[38.980s] INFO:colcon.colcon_core.shell:Creating prefix script '/home/vignesh/micronav_ws/install/local_setup.ps1'
[38.992s] INFO:colcon.colcon_core.shell:Creating prefix util module '/home/vignesh/micronav_ws/install/_local_setup_util_ps1.py'
[39.011s] INFO:colcon.colcon_core.shell:Creating prefix chain script '/home/vignesh/micronav_ws/install/setup.ps1'
[39.183s] INFO:colcon.colcon_core.shell:Creating prefix script '/home/vignesh/micronav_ws/install/local_setup.sh'
[39.192s] INFO:colcon.colcon_core.shell:Creating prefix util module '/home/vignesh/micronav_ws/install/_local_setup_util_sh.py'
[39.198s] INFO:colcon.colcon_core.shell:Creating prefix chain script '/home/vignesh/micronav_ws/install/setup.sh'
[39.375s] INFO:colcon.colcon_core.shell:Creating prefix script '/home/vignesh/micronav_ws/install/local_setup.bash'
[39.382s] INFO:colcon.colcon_core.shell:Creating prefix chain script '/home/vignesh/micronav_ws/install/setup.bash'
[39.554s] INFO:colcon.colcon_core.shell:Creating prefix script '/home/vignesh/micronav_ws/install/local_setup.zsh'
[39.563s] INFO:colcon.colcon_core.shell:Creating prefix chain script '/home/vignesh/micronav_ws/install/setup.zsh'
