[11.525s] DEBUG:colcon:Command line arguments: ['/usr/bin/colcon', 'build']
[11.526s] DEBUG:colcon:Parsed command line arguments: Namespace(log_base=None, log_level=None, verb_name='build', build_base='build', install_base='install', merge_install=False, symlink_install=False, test_result_base=None, continue_on_error=False, executor='parallel', parallel_workers=4, event_handlers=None, ignore_user_meta=False, metas=['./colcon.meta'], base_paths=['.'], packages_ignore=None, packages_ignore_regex=None, paths=None, packages_up_to=None, packages_up_to_regex=None, packages_above=None, packages_above_and_dependencies=None, packages_above_depth=None, packages_select_by_dep=None, packages_skip_by_dep=None, packages_skip_up_to=None, packages_select_build_failed=False, packages_skip_build_finished=False, packages_select_test_failures=False, packages_skip_test_passed=False, packages_select=None, packages_skip=None, packages_select_regex=None, packages_skip_regex=None, packages_start=None, packages_end=None, allow_overriding=[], cmake_args=None, cmake_target=None, cmake_target_skip_unavailable=False, cmake_clean_cache=False, cmake_clean_first=False, cmake_force_configure=False, ament_cmake_args=None, catkin_cmake_args=None, catkin_skip_building_tests=False, verb_parser=<colcon_defaults.argument_parser.defaults.DefaultArgumentsDecorator object at 0xffff9a98bb20>, verb_extension=<colcon_core.verb.build.BuildVerb object at 0xffff9ad384f0>, main=<bound method BuildVerb.main of <colcon_core.verb.build.BuildVerb object at 0xffff9ad384f0>>)
[12.049s] Level 1:colcon.colcon_core.package_discovery:discover_packages(colcon_meta) check parameters
[12.050s] Level 1:colcon.colcon_core.package_discovery:discover_packages(recursive) check parameters
[12.051s] Level 1:colcon.colcon_core.package_discovery:discover_packages(ignore) check parameters
[12.051s] Level 1:colcon.colcon_core.package_discovery:discover_packages(path) check parameters
[12.051s] Level 1:colcon.colcon_core.package_discovery:discover_packages(colcon_meta) discover
[12.052s] Level 1:colcon.colcon_core.package_discovery:discover_packages(recursive) discover
[12.052s] INFO:colcon.colcon_core.package_discovery:Crawling recursively for packages in '/home/vignesh/micronav_ws'
[12.053s] Level 1:colcon.colcon_core.package_identification:_identify(.) by extensions ['ignore', 'ignore_ament_install']
[12.055s] Level 1:colcon.colcon_core.package_identification:_identify(.) by extension 'ignore'
[12.055s] Level 1:colcon.colcon_core.package_identification:_identify(.) by extension 'ignore_ament_install'
[12.056s] Level 1:colcon.colcon_core.package_identification:_identify(.) by extensions ['colcon_pkg']
[12.057s] Level 1:colcon.colcon_core.package_identification:_identify(.) by extension 'colcon_pkg'
[12.057s] Level 1:colcon.colcon_core.package_identification:_identify(.) by extensions ['colcon_meta']
[12.058s] Level 1:colcon.colcon_core.package_identification:_identify(.) by extension 'colcon_meta'
[12.059s] Level 1:colcon.colcon_core.package_identification:_identify(.) by extensions ['ros']
[12.059s] Level 1:colcon.colcon_core.package_identification:_identify(.) by extension 'ros'
[12.229s] Level 1:colcon.colcon_core.package_identification:_identify(.) by extensions ['cmake', 'python']
[12.230s] Level 1:colcon.colcon_core.package_identification:_identify(.) by extension 'cmake'
[12.231s] Level 1:colcon.colcon_core.package_identification:_identify(.) by extension 'python'
[12.231s] Level 1:colcon.colcon_core.package_identification:_identify(.) by extensions ['python_setup_py']
[12.232s] Level 1:colcon.colcon_core.package_identification:_identify(.) by extension 'python_setup_py'
[12.233s] Level 1:colcon.colcon_core.package_identification:_identify(build) by extensions ['ignore', 'ignore_ament_install']
[12.234s] Level 1:colcon.colcon_core.package_identification:_identify(build) by extension 'ignore'
[12.235s] Level 1:colcon.colcon_core.package_identification:_identify(build) ignored
[12.237s] Level 1:colcon.colcon_core.package_identification:_identify(install) by extensions ['ignore', 'ignore_ament_install']
[12.238s] Level 1:colcon.colcon_core.package_identification:_identify(install) by extension 'ignore'
[12.239s] Level 1:colcon.colcon_core.package_identification:_identify(install) ignored
[12.240s] Level 1:colcon.colcon_core.package_identification:_identify(log) by extensions ['ignore', 'ignore_ament_install']
[12.241s] Level 1:colcon.colcon_core.package_identification:_identify(log) by extension 'ignore'
[12.242s] Level 1:colcon.colcon_core.package_identification:_identify(log) ignored
[12.243s] Level 1:colcon.colcon_core.package_identification:_identify(src) by extensions ['ignore', 'ignore_ament_install']
[12.244s] Level 1:colcon.colcon_core.package_identification:_identify(src) by extension 'ignore'
[12.245s] Level 1:colcon.colcon_core.package_identification:_identify(src) by extension 'ignore_ament_install'
[12.246s] Level 1:colcon.colcon_core.package_identification:_identify(src) by extensions ['colcon_pkg']
[12.246s] Level 1:colcon.colcon_core.package_identification:_identify(src) by extension 'colcon_pkg'
[12.247s] Level 1:colcon.colcon_core.package_identification:_identify(src) by extensions ['colcon_meta']
[12.247s] Level 1:colcon.colcon_core.package_identification:_identify(src) by extension 'colcon_meta'
[12.248s] Level 1:colcon.colcon_core.package_identification:_identify(src) by extensions ['ros']
[12.248s] Level 1:colcon.colcon_core.package_identification:_identify(src) by extension 'ros'
[12.249s] Level 1:colcon.colcon_core.package_identification:_identify(src) by extensions ['cmake', 'python']
[12.250s] Level 1:colcon.colcon_core.package_identification:_identify(src) by extension 'cmake'
[12.251s] Level 1:colcon.colcon_core.package_identification:_identify(src) by extension 'python'
[12.252s] Level 1:colcon.colcon_core.package_identification:_identify(src) by extensions ['python_setup_py']
[12.252s] Level 1:colcon.colcon_core.package_identification:_identify(src) by extension 'python_setup_py'
[12.254s] Level 1:colcon.colcon_core.package_identification:_identify(src/camera_controller) by extensions ['ignore', 'ignore_ament_install']
[12.255s] Level 1:colcon.colcon_core.package_identification:_identify(src/camera_controller) by extension 'ignore'
[12.256s] Level 1:colcon.colcon_core.package_identification:_identify(src/camera_controller) by extension 'ignore_ament_install'
[12.257s] Level 1:colcon.colcon_core.package_identification:_identify(src/camera_controller) by extensions ['colcon_pkg']
[12.257s] Level 1:colcon.colcon_core.package_identification:_identify(src/camera_controller) by extension 'colcon_pkg'
[12.258s] Level 1:colcon.colcon_core.package_identification:_identify(src/camera_controller) by extensions ['colcon_meta']
[12.258s] Level 1:colcon.colcon_core.package_identification:_identify(src/camera_controller) by extension 'colcon_meta'
[12.259s] Level 1:colcon.colcon_core.package_identification:_identify(src/camera_controller) by extensions ['ros']
[12.259s] Level 1:colcon.colcon_core.package_identification:_identify(src/camera_controller) by extension 'ros'
[12.288s] DEBUG:colcon.colcon_core.package_identification:Package 'src/camera_controller' with type 'ros.ament_python' and name 'camera_controller'
[12.290s] Level 1:colcon.colcon_core.package_identification:_identify(src/serial_controller) by extensions ['ignore', 'ignore_ament_install']
[12.291s] Level 1:colcon.colcon_core.package_identification:_identify(src/serial_controller) by extension 'ignore'
[12.291s] Level 1:colcon.colcon_core.package_identification:_identify(src/serial_controller) by extension 'ignore_ament_install'
[12.292s] Level 1:colcon.colcon_core.package_identification:_identify(src/serial_controller) by extensions ['colcon_pkg']
[12.293s] Level 1:colcon.colcon_core.package_identification:_identify(src/serial_controller) by extension 'colcon_pkg'
[12.293s] Level 1:colcon.colcon_core.package_identification:_identify(src/serial_controller) by extensions ['colcon_meta']
[12.294s] Level 1:colcon.colcon_core.package_identification:_identify(src/serial_controller) by extension 'colcon_meta'
[12.295s] Level 1:colcon.colcon_core.package_identification:_identify(src/serial_controller) by extensions ['ros']
[12.295s] Level 1:colcon.colcon_core.package_identification:_identify(src/serial_controller) by extension 'ros'
[12.304s] DEBUG:colcon.colcon_core.package_identification:Package 'src/serial_controller' with type 'ros.ament_python' and name 'serial_controller'
[12.305s] Level 1:colcon.colcon_core.package_discovery:discover_packages(recursive) using defaults
[12.305s] Level 1:colcon.colcon_core.package_discovery:discover_packages(ignore) discover
[12.306s] Level 1:colcon.colcon_core.package_discovery:discover_packages(ignore) using defaults
[12.306s] Level 1:colcon.colcon_core.package_discovery:discover_packages(path) discover
[12.307s] Level 1:colcon.colcon_core.package_discovery:discover_packages(path) using defaults
[13.321s] Level 1:colcon.colcon_core.package_discovery:discover_packages(prefix_path) check parameters
[13.321s] Level 1:colcon.colcon_core.package_discovery:discover_packages(prefix_path) discover
[13.657s] DEBUG:colcon.colcon_installed_package_information.package_discovery:Found 2 installed packages in /home/vignesh/micronav_ws/install
[13.832s] DEBUG:colcon.colcon_installed_package_information.package_discovery:Found 183 installed packages in /opt/ros/humble
[13.844s] Level 1:colcon.colcon_core.package_discovery:discover_packages(prefix_path) using defaults
[14.883s] Level 5:colcon.colcon_core.verb:set package 'camera_controller' build argument 'cmake_args' from command line to 'None'
[14.883s] Level 5:colcon.colcon_core.verb:set package 'camera_controller' build argument 'cmake_target' from command line to 'None'
[14.884s] Level 5:colcon.colcon_core.verb:set package 'camera_controller' build argument 'cmake_target_skip_unavailable' from command line to 'False'
[14.884s] Level 5:colcon.colcon_core.verb:set package 'camera_controller' build argument 'cmake_clean_cache' from command line to 'False'
[14.884s] Level 5:colcon.colcon_core.verb:set package 'camera_controller' build argument 'cmake_clean_first' from command line to 'False'
[14.884s] Level 5:colcon.colcon_core.verb:set package 'camera_controller' build argument 'cmake_force_configure' from command line to 'False'
[14.885s] Level 5:colcon.colcon_core.verb:set package 'camera_controller' build argument 'ament_cmake_args' from command line to 'None'
[14.885s] Level 5:colcon.colcon_core.verb:set package 'camera_controller' build argument 'catkin_cmake_args' from command line to 'None'
[14.885s] Level 5:colcon.colcon_core.verb:set package 'camera_controller' build argument 'catkin_skip_building_tests' from command line to 'False'
[14.886s] DEBUG:colcon.colcon_core.verb:Building package 'camera_controller' with the following arguments: {'ament_cmake_args': None, 'build_base': '/home/vignesh/micronav_ws/build/camera_controller', 'catkin_cmake_args': None, 'catkin_skip_building_tests': False, 'cmake_args': None, 'cmake_clean_cache': False, 'cmake_clean_first': False, 'cmake_force_configure': False, 'cmake_target': None, 'cmake_target_skip_unavailable': False, 'install_base': '/home/vignesh/micronav_ws/install/camera_controller', 'merge_install': False, 'path': '/home/vignesh/micronav_ws/src/camera_controller', 'symlink_install': False, 'test_result_base': None}
[15.055s] Level 5:colcon.colcon_core.verb:set package 'serial_controller' build argument 'cmake_args' from command line to 'None'
[15.055s] Level 5:colcon.colcon_core.verb:set package 'serial_controller' build argument 'cmake_target' from command line to 'None'
[15.056s] Level 5:colcon.colcon_core.verb:set package 'serial_controller' build argument 'cmake_target_skip_unavailable' from command line to 'False'
[15.056s] Level 5:colcon.colcon_core.verb:set package 'serial_controller' build argument 'cmake_clean_cache' from command line to 'False'
[15.056s] Level 5:colcon.colcon_core.verb:set package 'serial_controller' build argument 'cmake_clean_first' from command line to 'False'
[15.057s] Level 5:colcon.colcon_core.verb:set package 'serial_controller' build argument 'cmake_force_configure' from command line to 'False'
[15.057s] Level 5:colcon.colcon_core.verb:set package 'serial_controller' build argument 'ament_cmake_args' from command line to 'None'
[15.057s] Level 5:colcon.colcon_core.verb:set package 'serial_controller' build argument 'catkin_cmake_args' from command line to 'None'
[15.058s] Level 5:colcon.colcon_core.verb:set package 'serial_controller' build argument 'catkin_skip_building_tests' from command line to 'False'
[15.058s] DEBUG:colcon.colcon_core.verb:Building package 'serial_controller' with the following arguments: {'ament_cmake_args': None, 'build_base': '/home/vignesh/micronav_ws/build/serial_controller', 'catkin_cmake_args': None, 'catkin_skip_building_tests': False, 'cmake_args': None, 'cmake_clean_cache': False, 'cmake_clean_first': False, 'cmake_force_configure': False, 'cmake_target': None, 'cmake_target_skip_unavailable': False, 'install_base': '/home/vignesh/micronav_ws/install/serial_controller', 'merge_install': False, 'path': '/home/vignesh/micronav_ws/src/serial_controller', 'symlink_install': False, 'test_result_base': None}
[15.218s] INFO:colcon.colcon_core.executor:Executing jobs using 'parallel' executor
[15.382s] DEBUG:colcon.colcon_parallel_executor.executor.parallel:run_until_complete
[15.384s] INFO:colcon.colcon_ros.task.ament_python.build:Building ROS package in '/home/vignesh/micronav_ws/src/camera_controller' with build type 'ament_python'
[15.385s] Level 1:colcon.colcon_core.shell:create_environment_hook('camera_controller', 'ament_prefix_path')
[15.583s] INFO:colcon.colcon_core.plugin_system:Skipping extension 'colcon_core.shell.bat': Not used on non-Windows systems
[15.587s] INFO:colcon.colcon_core.shell:Creating environment hook '/home/vignesh/micronav_ws/install/camera_controller/share/camera_controller/hook/ament_prefix_path.ps1'
[15.604s] INFO:colcon.colcon_core.shell:Creating environment descriptor '/home/vignesh/micronav_ws/install/camera_controller/share/camera_controller/hook/ament_prefix_path.dsv'
[15.609s] INFO:colcon.colcon_core.shell:Creating environment hook '/home/vignesh/micronav_ws/install/camera_controller/share/camera_controller/hook/ament_prefix_path.sh'
[15.785s] INFO:colcon.colcon_core.shell:Skip shell extension 'powershell' for command environment: Not usable outside of PowerShell
[15.786s] DEBUG:colcon.colcon_core.shell:Skip shell extension 'dsv' for command environment
[16.313s] INFO:colcon.colcon_ros.task.ament_python.build:Building ROS package in '/home/vignesh/micronav_ws/src/serial_controller' with build type 'ament_python'
[16.314s] Level 1:colcon.colcon_core.shell:create_environment_hook('serial_controller', 'ament_prefix_path')
[16.485s] INFO:colcon.colcon_core.shell:Creating environment hook '/home/vignesh/micronav_ws/install/serial_controller/share/serial_controller/hook/ament_prefix_path.ps1'
[16.489s] INFO:colcon.colcon_core.shell:Creating environment descriptor '/home/vignesh/micronav_ws/install/serial_controller/share/serial_controller/hook/ament_prefix_path.dsv'
[16.494s] INFO:colcon.colcon_core.shell:Creating environment hook '/home/vignesh/micronav_ws/install/serial_controller/share/serial_controller/hook/ament_prefix_path.sh'
[16.669s] INFO:colcon.colcon_core.shell:Skip shell extension 'powershell' for command environment: Not usable outside of PowerShell
[16.669s] DEBUG:colcon.colcon_core.shell:Skip shell extension 'dsv' for command environment
[20.391s] INFO:colcon.colcon_core.task.python.build:Building Python package in '/home/vignesh/micronav_ws/src/camera_controller'
[20.564s] INFO:colcon.colcon_core.shell:Skip shell extension 'powershell' for command environment: Not usable outside of PowerShell
[20.564s] DEBUG:colcon.colcon_core.shell:Skip shell extension 'dsv' for command environment
[24.262s] INFO:colcon.colcon_core.task.python.build:Building Python package in '/home/vignesh/micronav_ws/src/serial_controller'
[24.444s] INFO:colcon.colcon_core.shell:Skip shell extension 'powershell' for command environment: Not usable outside of PowerShell
[24.444s] DEBUG:colcon.colcon_core.shell:Skip shell extension 'dsv' for command environment
[31.513s] DEBUG:colcon.colcon_core.event_handler.log_command:Invoking command in '/home/vignesh/micronav_ws/src/camera_controller': PYTHONPATH=/home/vignesh/micronav_ws/build/camera_controller/prefix_override:/home/vignesh/micronav_ws/install/camera_controller/lib/python3.10/site-packages:${PYTHONPATH} /usr/bin/python3 setup.py egg_info --egg-base ../../build/camera_controller build --build-base /home/vignesh/micronav_ws/build/camera_controller/build install --record /home/vignesh/micronav_ws/build/camera_controller/install.log --single-version-externally-managed
[31.656s] DEBUG:colcon.colcon_core.event_handler.log_command:Invoking command in '/home/vignesh/micronav_ws/src/serial_controller': PYTHONPATH=/home/vignesh/micronav_ws/build/serial_controller/prefix_override:/home/vignesh/micronav_ws/install/serial_controller/lib/python3.10/site-packages:${PYTHONPATH} /usr/bin/python3 setup.py egg_info --egg-base ../../build/serial_controller build --build-base /home/vignesh/micronav_ws/build/serial_controller/build install --record /home/vignesh/micronav_ws/build/serial_controller/install.log --single-version-externally-managed
[35.666s] DEBUG:colcon.colcon_core.event_handler.log_command:Invoked command in '/home/vignesh/micronav_ws/src/camera_controller' returned '0': PYTHONPATH=/home/vignesh/micronav_ws/build/camera_controller/prefix_override:/home/vignesh/micronav_ws/install/camera_controller/lib/python3.10/site-packages:${PYTHONPATH} /usr/bin/python3 setup.py egg_info --egg-base ../../build/camera_controller build --build-base /home/vignesh/micronav_ws/build/camera_controller/build install --record /home/vignesh/micronav_ws/build/camera_controller/install.log --single-version-externally-managed
[35.952s] Level 1:colcon.colcon_core.environment:checking '/home/vignesh/micronav_ws/install/camera_controller' for CMake module files
[35.965s] Level 1:colcon.colcon_core.environment:checking '/home/vignesh/micronav_ws/install/camera_controller' for CMake config files
[36.030s] Level 1:colcon.colcon_core.environment:checking '/home/vignesh/micronav_ws/install/camera_controller/lib'
[36.035s] Level 1:colcon.colcon_core.environment:checking '/home/vignesh/micronav_ws/install/camera_controller/bin'
[36.036s] Level 1:colcon.colcon_core.environment:checking '/home/vignesh/micronav_ws/install/camera_controller/lib/pkgconfig/camera_controller.pc'
[36.040s] Level 1:colcon.colcon_core.environment:checking '/home/vignesh/micronav_ws/install/camera_controller/lib/python3.10/site-packages'
[36.041s] Level 1:colcon.colcon_core.shell:create_environment_hook('camera_controller', 'pythonpath')
[36.211s] INFO:colcon.colcon_core.shell:Creating environment hook '/home/vignesh/micronav_ws/install/camera_controller/share/camera_controller/hook/pythonpath.ps1'
[36.221s] INFO:colcon.colcon_core.shell:Creating environment descriptor '/home/vignesh/micronav_ws/install/camera_controller/share/camera_controller/hook/pythonpath.dsv'
[36.229s] INFO:colcon.colcon_core.shell:Creating environment hook '/home/vignesh/micronav_ws/install/camera_controller/share/camera_controller/hook/pythonpath.sh'
[36.237s] Level 1:colcon.colcon_core.environment:checking '/home/vignesh/micronav_ws/install/camera_controller/bin'
[36.238s] Level 1:colcon.colcon_core.environment:create_environment_scripts_only(camera_controller)
[36.405s] INFO:colcon.colcon_core.shell:Creating package script '/home/vignesh/micronav_ws/install/camera_controller/share/camera_controller/package.ps1'
[36.418s] INFO:colcon.colcon_core.shell:Creating package descriptor '/home/vignesh/micronav_ws/install/camera_controller/share/camera_controller/package.dsv'
[36.426s] INFO:colcon.colcon_core.shell:Creating package script '/home/vignesh/micronav_ws/install/camera_controller/share/camera_controller/package.sh'
[36.436s] INFO:colcon.colcon_core.shell:Creating package script '/home/vignesh/micronav_ws/install/camera_controller/share/camera_controller/package.bash'
[36.450s] INFO:colcon.colcon_core.shell:Creating package script '/home/vignesh/micronav_ws/install/camera_controller/share/camera_controller/package.zsh'
[36.463s] Level 1:colcon.colcon_core.environment:create_file_with_runtime_dependencies(/home/vignesh/micronav_ws/install/camera_controller/share/colcon-core/packages/camera_controller)
[36.497s] DEBUG:colcon.colcon_core.event_handler.log_command:Invoked command in '/home/vignesh/micronav_ws/src/serial_controller' returned '0': PYTHONPATH=/home/vignesh/micronav_ws/build/serial_controller/prefix_override:/home/vignesh/micronav_ws/install/serial_controller/lib/python3.10/site-packages:${PYTHONPATH} /usr/bin/python3 setup.py egg_info --egg-base ../../build/serial_controller build --build-base /home/vignesh/micronav_ws/build/serial_controller/build install --record /home/vignesh/micronav_ws/build/serial_controller/install.log --single-version-externally-managed
[36.667s] Level 1:colcon.colcon_core.environment:checking '/home/vignesh/micronav_ws/install/serial_controller' for CMake module files
[36.677s] Level 1:colcon.colcon_core.environment:checking '/home/vignesh/micronav_ws/install/serial_controller' for CMake config files
[36.689s] Level 1:colcon.colcon_core.environment:checking '/home/vignesh/micronav_ws/install/serial_controller/lib'
[36.690s] Level 1:colcon.colcon_core.environment:checking '/home/vignesh/micronav_ws/install/serial_controller/bin'
[36.691s] Level 1:colcon.colcon_core.environment:checking '/home/vignesh/micronav_ws/install/serial_controller/lib/pkgconfig/serial_controller.pc'
[36.694s] Level 1:colcon.colcon_core.environment:checking '/home/vignesh/micronav_ws/install/serial_controller/lib/python3.10/site-packages'
[36.695s] Level 1:colcon.colcon_core.shell:create_environment_hook('serial_controller', 'pythonpath')
[36.857s] INFO:colcon.colcon_core.shell:Creating environment hook '/home/vignesh/micronav_ws/install/serial_controller/share/serial_controller/hook/pythonpath.ps1'
[36.861s] INFO:colcon.colcon_core.shell:Creating environment descriptor '/home/vignesh/micronav_ws/install/serial_controller/share/serial_controller/hook/pythonpath.dsv'
[36.865s] INFO:colcon.colcon_core.shell:Creating environment hook '/home/vignesh/micronav_ws/install/serial_controller/share/serial_controller/hook/pythonpath.sh'
[36.871s] Level 1:colcon.colcon_core.environment:checking '/home/vignesh/micronav_ws/install/serial_controller/bin'
[36.872s] Level 1:colcon.colcon_core.environment:create_environment_scripts_only(serial_controller)
[37.044s] INFO:colcon.colcon_core.shell:Creating package script '/home/vignesh/micronav_ws/install/serial_controller/share/serial_controller/package.ps1'
[37.049s] INFO:colcon.colcon_core.shell:Creating package descriptor '/home/vignesh/micronav_ws/install/serial_controller/share/serial_controller/package.dsv'
[37.054s] INFO:colcon.colcon_core.shell:Creating package script '/home/vignesh/micronav_ws/install/serial_controller/share/serial_controller/package.sh'
[37.059s] INFO:colcon.colcon_core.shell:Creating package script '/home/vignesh/micronav_ws/install/serial_controller/share/serial_controller/package.bash'
[37.063s] INFO:colcon.colcon_core.shell:Creating package script '/home/vignesh/micronav_ws/install/serial_controller/share/serial_controller/package.zsh'
[37.068s] Level 1:colcon.colcon_core.environment:create_file_with_runtime_dependencies(/home/vignesh/micronav_ws/install/serial_controller/share/colcon-core/packages/serial_controller)
[37.075s] DEBUG:colcon.colcon_parallel_executor.executor.parallel:closing loop
[37.080s] DEBUG:colcon.colcon_parallel_executor.executor.parallel:loop closed
[37.085s] DEBUG:colcon.colcon_parallel_executor.executor.parallel:run_until_complete finished with '0'
[37.087s] DEBUG:colcon.colcon_core.event_reactor:joining thread
[37.429s] INFO:colcon.colcon_core.plugin_system:Skipping extension 'colcon_notification.desktop_notification.notify_send': Could not find 'notify-send'
[37.430s] INFO:colcon.colcon_core.plugin_system:Skipping extension 'colcon_notification.desktop_notification.terminal_notifier': Not used on non-Darwin systems
[37.431s] INFO:colcon.colcon_core.plugin_system:Skipping extension 'colcon_notification.desktop_notification.win32': Not used on non-Windows systems
[37.433s] INFO:colcon.colcon_notification.desktop_notification:Sending desktop notification using 'notify2'
[37.446s] DEBUG:colcon.colcon_notification.desktop_notification.notify2:Failed to initialize notify2: org.freedesktop.DBus.Error.ServiceUnknown: The name org.freedesktop.Notifications was not provided by any .service files
[37.447s] DEBUG:colcon.colcon_core.event_reactor:joined thread
[37.610s] INFO:colcon.colcon_core.shell:Creating prefix script '/home/vignesh/micronav_ws/install/local_setup.ps1'
[37.621s] INFO:colcon.colcon_core.shell:Creating prefix util module '/home/vignesh/micronav_ws/install/_local_setup_util_ps1.py'
[37.638s] INFO:colcon.colcon_core.shell:Creating prefix chain script '/home/vignesh/micronav_ws/install/setup.ps1'
[37.807s] INFO:colcon.colcon_core.shell:Creating prefix script '/home/vignesh/micronav_ws/install/local_setup.sh'
[37.815s] INFO:colcon.colcon_core.shell:Creating prefix util module '/home/vignesh/micronav_ws/install/_local_setup_util_sh.py'
[37.821s] INFO:colcon.colcon_core.shell:Creating prefix chain script '/home/vignesh/micronav_ws/install/setup.sh'
[37.986s] INFO:colcon.colcon_core.shell:Creating prefix script '/home/vignesh/micronav_ws/install/local_setup.bash'
[37.994s] INFO:colcon.colcon_core.shell:Creating prefix chain script '/home/vignesh/micronav_ws/install/setup.bash'
[38.158s] INFO:colcon.colcon_core.shell:Creating prefix script '/home/vignesh/micronav_ws/install/local_setup.zsh'
[38.165s] INFO:colcon.colcon_core.shell:Creating prefix chain script '/home/vignesh/micronav_ws/install/setup.zsh'
