[0.686s] DEBUG:colcon:Command line arguments: ['/usr/bin/colcon', 'build', '--symlink-install']
[0.686s] DEBUG:colcon:Parsed command line arguments: Namespace(log_base=None, log_level=None, verb_name='build', build_base='build', install_base='install', merge_install=False, symlink_install=True, test_result_base=None, continue_on_error=False, executor='parallel', parallel_workers=16, event_handlers=None, ignore_user_meta=False, metas=['./colcon.meta'], base_paths=['.'], packages_ignore=None, packages_ignore_regex=None, paths=None, packages_up_to=None, packages_up_to_regex=None, packages_above=None, packages_above_and_dependencies=None, packages_above_depth=None, packages_select_by_dep=None, packages_skip_by_dep=None, packages_skip_up_to=None, packages_select_build_failed=False, packages_skip_build_finished=False, packages_select_test_failures=False, packages_skip_test_passed=False, packages_select=None, packages_skip=None, packages_select_regex=None, packages_skip_regex=None, packages_start=None, packages_end=None, allow_overriding=[], cmake_args=None, cmake_target=None, cmake_target_skip_unavailable=False, cmake_clean_cache=False, cmake_clean_first=False, cmake_force_configure=False, ament_cmake_args=None, catkin_cmake_args=None, catkin_skip_building_tests=False, verb_parser=<colcon_defaults.argument_parser.defaults.DefaultArgumentsDecorator object at 0x7fd536a1a950>, verb_extension=<colcon_core.verb.build.BuildVerb object at 0x7fd536e2eb60>, main=<bound method BuildVerb.main of <colcon_core.verb.build.BuildVerb object at 0x7fd536e2eb60>>)
[0.715s] Level 1:colcon.colcon_core.package_discovery:discover_packages(colcon_meta) check parameters
[0.715s] Level 1:colcon.colcon_core.package_discovery:discover_packages(recursive) check parameters
[0.715s] Level 1:colcon.colcon_core.package_discovery:discover_packages(ignore) check parameters
[0.715s] Level 1:colcon.colcon_core.package_discovery:discover_packages(path) check parameters
[0.715s] Level 1:colcon.colcon_core.package_discovery:discover_packages(colcon_meta) discover
[0.715s] Level 1:colcon.colcon_core.package_discovery:discover_packages(recursive) discover
[0.715s] INFO:colcon.colcon_core.package_discovery:Crawling recursively for packages in '/home/loga/micronav_ws'
[0.715s] Level 1:colcon.colcon_core.package_identification:_identify(.) by extensions ['ignore', 'ignore_ament_install']
[0.715s] Level 1:colcon.colcon_core.package_identification:_identify(.) by extension 'ignore'
[0.715s] Level 1:colcon.colcon_core.package_identification:_identify(.) by extension 'ignore_ament_install'
[0.716s] Level 1:colcon.colcon_core.package_identification:_identify(.) by extensions ['colcon_pkg']
[0.716s] Level 1:colcon.colcon_core.package_identification:_identify(.) by extension 'colcon_pkg'
[0.716s] Level 1:colcon.colcon_core.package_identification:_identify(.) by extensions ['colcon_meta']
[0.716s] Level 1:colcon.colcon_core.package_identification:_identify(.) by extension 'colcon_meta'
[0.716s] Level 1:colcon.colcon_core.package_identification:_identify(.) by extensions ['ros']
[0.716s] Level 1:colcon.colcon_core.package_identification:_identify(.) by extension 'ros'
[0.723s] Level 1:colcon.colcon_core.package_identification:_identify(.) by extensions ['cmake', 'python']
[0.723s] Level 1:colcon.colcon_core.package_identification:_identify(.) by extension 'cmake'
[0.723s] Level 1:colcon.colcon_core.package_identification:_identify(.) by extension 'python'
[0.723s] Level 1:colcon.colcon_core.package_identification:_identify(.) by extensions ['python_setup_py']
[0.723s] Level 1:colcon.colcon_core.package_identification:_identify(.) by extension 'python_setup_py'
[0.723s] Level 1:colcon.colcon_core.package_identification:_identify(build) by extensions ['ignore', 'ignore_ament_install']
[0.723s] Level 1:colcon.colcon_core.package_identification:_identify(build) by extension 'ignore'
[0.723s] Level 1:colcon.colcon_core.package_identification:_identify(build) ignored
[0.723s] Level 1:colcon.colcon_core.package_identification:_identify(install) by extensions ['ignore', 'ignore_ament_install']
[0.723s] Level 1:colcon.colcon_core.package_identification:_identify(install) by extension 'ignore'
[0.723s] Level 1:colcon.colcon_core.package_identification:_identify(install) ignored
[0.723s] Level 1:colcon.colcon_core.package_identification:_identify(log) by extensions ['ignore', 'ignore_ament_install']
[0.724s] Level 1:colcon.colcon_core.package_identification:_identify(log) by extension 'ignore'
[0.724s] Level 1:colcon.colcon_core.package_identification:_identify(log) ignored
[0.724s] Level 1:colcon.colcon_core.package_identification:_identify(src) by extensions ['ignore', 'ignore_ament_install']
[0.724s] Level 1:colcon.colcon_core.package_identification:_identify(src) by extension 'ignore'
[0.724s] Level 1:colcon.colcon_core.package_identification:_identify(src) by extension 'ignore_ament_install'
[0.724s] Level 1:colcon.colcon_core.package_identification:_identify(src) by extensions ['colcon_pkg']
[0.724s] Level 1:colcon.colcon_core.package_identification:_identify(src) by extension 'colcon_pkg'
[0.724s] Level 1:colcon.colcon_core.package_identification:_identify(src) by extensions ['colcon_meta']
[0.724s] Level 1:colcon.colcon_core.package_identification:_identify(src) by extension 'colcon_meta'
[0.724s] Level 1:colcon.colcon_core.package_identification:_identify(src) by extensions ['ros']
[0.724s] Level 1:colcon.colcon_core.package_identification:_identify(src) by extension 'ros'
[0.724s] Level 1:colcon.colcon_core.package_identification:_identify(src) by extensions ['cmake', 'python']
[0.724s] Level 1:colcon.colcon_core.package_identification:_identify(src) by extension 'cmake'
[0.724s] Level 1:colcon.colcon_core.package_identification:_identify(src) by extension 'python'
[0.724s] Level 1:colcon.colcon_core.package_identification:_identify(src) by extensions ['python_setup_py']
[0.724s] Level 1:colcon.colcon_core.package_identification:_identify(src) by extension 'python_setup_py'
[0.724s] Level 1:colcon.colcon_core.package_identification:_identify(src/camera_controller) by extensions ['ignore', 'ignore_ament_install']
[0.724s] Level 1:colcon.colcon_core.package_identification:_identify(src/camera_controller) by extension 'ignore'
[0.724s] Level 1:colcon.colcon_core.package_identification:_identify(src/camera_controller) by extension 'ignore_ament_install'
[0.724s] Level 1:colcon.colcon_core.package_identification:_identify(src/camera_controller) by extensions ['colcon_pkg']
[0.724s] Level 1:colcon.colcon_core.package_identification:_identify(src/camera_controller) by extension 'colcon_pkg'
[0.724s] Level 1:colcon.colcon_core.package_identification:_identify(src/camera_controller) by extensions ['colcon_meta']
[0.724s] Level 1:colcon.colcon_core.package_identification:_identify(src/camera_controller) by extension 'colcon_meta'
[0.724s] Level 1:colcon.colcon_core.package_identification:_identify(src/camera_controller) by extensions ['ros']
[0.724s] Level 1:colcon.colcon_core.package_identification:_identify(src/camera_controller) by extension 'ros'
[0.726s] DEBUG:colcon.colcon_core.package_identification:Package 'src/camera_controller' with type 'ros.ament_python' and name 'camera_controller'
[0.727s] Level 1:colcon.colcon_core.package_identification:_identify(src/serial_controller) by extensions ['ignore', 'ignore_ament_install']
[0.727s] Level 1:colcon.colcon_core.package_identification:_identify(src/serial_controller) by extension 'ignore'
[0.727s] Level 1:colcon.colcon_core.package_identification:_identify(src/serial_controller) by extension 'ignore_ament_install'
[0.727s] Level 1:colcon.colcon_core.package_identification:_identify(src/serial_controller) by extensions ['colcon_pkg']
[0.727s] Level 1:colcon.colcon_core.package_identification:_identify(src/serial_controller) by extension 'colcon_pkg'
[0.727s] Level 1:colcon.colcon_core.package_identification:_identify(src/serial_controller) by extensions ['colcon_meta']
[0.727s] Level 1:colcon.colcon_core.package_identification:_identify(src/serial_controller) by extension 'colcon_meta'
[0.727s] Level 1:colcon.colcon_core.package_identification:_identify(src/serial_controller) by extensions ['ros']
[0.727s] Level 1:colcon.colcon_core.package_identification:_identify(src/serial_controller) by extension 'ros'
[0.728s] DEBUG:colcon.colcon_core.package_identification:Package 'src/serial_controller' with type 'ros.ament_python' and name 'serial_controller'
[0.728s] Level 1:colcon.colcon_core.package_discovery:discover_packages(recursive) using defaults
[0.728s] Level 1:colcon.colcon_core.package_discovery:discover_packages(ignore) discover
[0.728s] Level 1:colcon.colcon_core.package_discovery:discover_packages(ignore) using defaults
[0.728s] Level 1:colcon.colcon_core.package_discovery:discover_packages(path) discover
[0.728s] Level 1:colcon.colcon_core.package_discovery:discover_packages(path) using defaults
[0.789s] Level 1:colcon.colcon_core.package_discovery:discover_packages(prefix_path) check parameters
[0.790s] Level 1:colcon.colcon_core.package_discovery:discover_packages(prefix_path) discover
[0.809s] DEBUG:colcon.colcon_installed_package_information.package_discovery:Found 2 installed packages in /home/loga/micronav_ws/install
[0.818s] DEBUG:colcon.colcon_installed_package_information.package_discovery:Found 311 installed packages in /opt/ros/humble
[0.819s] Level 1:colcon.colcon_core.package_discovery:discover_packages(prefix_path) using defaults
[0.881s] Level 5:colcon.colcon_core.verb:set package 'camera_controller' build argument 'cmake_args' from command line to 'None'
[0.881s] Level 5:colcon.colcon_core.verb:set package 'camera_controller' build argument 'cmake_target' from command line to 'None'
[0.881s] Level 5:colcon.colcon_core.verb:set package 'camera_controller' build argument 'cmake_target_skip_unavailable' from command line to 'False'
[0.881s] Level 5:colcon.colcon_core.verb:set package 'camera_controller' build argument 'cmake_clean_cache' from command line to 'False'
[0.881s] Level 5:colcon.colcon_core.verb:set package 'camera_controller' build argument 'cmake_clean_first' from command line to 'False'
[0.881s] Level 5:colcon.colcon_core.verb:set package 'camera_controller' build argument 'cmake_force_configure' from command line to 'False'
[0.881s] Level 5:colcon.colcon_core.verb:set package 'camera_controller' build argument 'ament_cmake_args' from command line to 'None'
[0.881s] Level 5:colcon.colcon_core.verb:set package 'camera_controller' build argument 'catkin_cmake_args' from command line to 'None'
[0.881s] Level 5:colcon.colcon_core.verb:set package 'camera_controller' build argument 'catkin_skip_building_tests' from command line to 'False'
[0.881s] DEBUG:colcon.colcon_core.verb:Building package 'camera_controller' with the following arguments: {'ament_cmake_args': None, 'build_base': '/home/loga/micronav_ws/build/camera_controller', 'catkin_cmake_args': None, 'catkin_skip_building_tests': False, 'cmake_args': None, 'cmake_clean_cache': False, 'cmake_clean_first': False, 'cmake_force_configure': False, 'cmake_target': None, 'cmake_target_skip_unavailable': False, 'install_base': '/home/loga/micronav_ws/install/camera_controller', 'merge_install': False, 'path': '/home/loga/micronav_ws/src/camera_controller', 'symlink_install': True, 'test_result_base': None}
[0.890s] Level 5:colcon.colcon_core.verb:set package 'serial_controller' build argument 'cmake_args' from command line to 'None'
[0.890s] Level 5:colcon.colcon_core.verb:set package 'serial_controller' build argument 'cmake_target' from command line to 'None'
[0.890s] Level 5:colcon.colcon_core.verb:set package 'serial_controller' build argument 'cmake_target_skip_unavailable' from command line to 'False'
[0.890s] Level 5:colcon.colcon_core.verb:set package 'serial_controller' build argument 'cmake_clean_cache' from command line to 'False'
[0.890s] Level 5:colcon.colcon_core.verb:set package 'serial_controller' build argument 'cmake_clean_first' from command line to 'False'
[0.890s] Level 5:colcon.colcon_core.verb:set package 'serial_controller' build argument 'cmake_force_configure' from command line to 'False'
[0.890s] Level 5:colcon.colcon_core.verb:set package 'serial_controller' build argument 'ament_cmake_args' from command line to 'None'
[0.890s] Level 5:colcon.colcon_core.verb:set package 'serial_controller' build argument 'catkin_cmake_args' from command line to 'None'
[0.890s] Level 5:colcon.colcon_core.verb:set package 'serial_controller' build argument 'catkin_skip_building_tests' from command line to 'False'
[0.890s] DEBUG:colcon.colcon_core.verb:Building package 'serial_controller' with the following arguments: {'ament_cmake_args': None, 'build_base': '/home/loga/micronav_ws/build/serial_controller', 'catkin_cmake_args': None, 'catkin_skip_building_tests': False, 'cmake_args': None, 'cmake_clean_cache': False, 'cmake_clean_first': False, 'cmake_force_configure': False, 'cmake_target': None, 'cmake_target_skip_unavailable': False, 'install_base': '/home/loga/micronav_ws/install/serial_controller', 'merge_install': False, 'path': '/home/loga/micronav_ws/src/serial_controller', 'symlink_install': True, 'test_result_base': None}
[0.899s] INFO:colcon.colcon_core.executor:Executing jobs using 'parallel' executor
[0.908s] DEBUG:colcon.colcon_parallel_executor.executor.parallel:run_until_complete
[0.908s] INFO:colcon.colcon_ros.task.ament_python.build:Building ROS package in '/home/loga/micronav_ws/src/camera_controller' with build type 'ament_python'
[0.908s] Level 1:colcon.colcon_core.shell:create_environment_hook('camera_controller', 'ament_prefix_path')
[0.919s] INFO:colcon.colcon_core.plugin_system:Skipping extension 'colcon_core.shell.bat': Not used on non-Windows systems
[0.919s] INFO:colcon.colcon_core.shell:Creating environment hook '/home/loga/micronav_ws/install/camera_controller/share/camera_controller/hook/ament_prefix_path.ps1'
[0.920s] INFO:colcon.colcon_core.shell:Creating environment descriptor '/home/loga/micronav_ws/install/camera_controller/share/camera_controller/hook/ament_prefix_path.dsv'
[0.920s] INFO:colcon.colcon_core.shell:Creating environment hook '/home/loga/micronav_ws/install/camera_controller/share/camera_controller/hook/ament_prefix_path.sh'
[0.929s] INFO:colcon.colcon_core.shell:Skip shell extension 'powershell' for command environment: Not usable outside of PowerShell
[0.929s] DEBUG:colcon.colcon_core.shell:Skip shell extension 'dsv' for command environment
[0.959s] INFO:colcon.colcon_ros.task.ament_python.build:Building ROS package in '/home/loga/micronav_ws/src/serial_controller' with build type 'ament_python'
[0.959s] Level 1:colcon.colcon_core.shell:create_environment_hook('serial_controller', 'ament_prefix_path')
[0.969s] INFO:colcon.colcon_core.shell:Creating environment hook '/home/loga/micronav_ws/install/serial_controller/share/serial_controller/hook/ament_prefix_path.ps1'
[0.969s] INFO:colcon.colcon_core.shell:Creating environment descriptor '/home/loga/micronav_ws/install/serial_controller/share/serial_controller/hook/ament_prefix_path.dsv'
[0.969s] INFO:colcon.colcon_core.shell:Creating environment hook '/home/loga/micronav_ws/install/serial_controller/share/serial_controller/hook/ament_prefix_path.sh'
[0.978s] INFO:colcon.colcon_core.shell:Skip shell extension 'powershell' for command environment: Not usable outside of PowerShell
[0.978s] DEBUG:colcon.colcon_core.shell:Skip shell extension 'dsv' for command environment
[1.175s] INFO:colcon.colcon_core.task.python.build:Building Python package in '/home/loga/micronav_ws/src/camera_controller'
[1.185s] INFO:colcon.colcon_core.shell:Skip shell extension 'powershell' for command environment: Not usable outside of PowerShell
[1.185s] DEBUG:colcon.colcon_core.shell:Skip shell extension 'dsv' for command environment
[1.399s] INFO:colcon.colcon_core.task.python.build:Building Python package in '/home/loga/micronav_ws/src/serial_controller'
[1.409s] INFO:colcon.colcon_core.shell:Skip shell extension 'powershell' for command environment: Not usable outside of PowerShell
[1.409s] DEBUG:colcon.colcon_core.shell:Skip shell extension 'dsv' for command environment
[1.684s] DEBUG:colcon.colcon_core.event_handler.log_command:Invoking command in '/home/loga/micronav_ws/build/serial_controller': PYTHONPATH=/home/loga/micronav_ws/build/serial_controller/prefix_override:/home/loga/micronav_ws/install/serial_controller/lib/python3.10/site-packages:${PYTHONPATH} /usr/bin/python3 setup.py develop --editable --build-directory /home/loga/micronav_ws/build/serial_controller/build --no-deps install_data
[1.711s] DEBUG:colcon.colcon_core.event_handler.log_command:Invoking command in '/home/loga/micronav_ws/build/camera_controller': PYTHONPATH=/home/loga/micronav_ws/build/camera_controller/prefix_override:/home/loga/micronav_ws/install/camera_controller/lib/python3.10/site-packages:${PYTHONPATH} /usr/bin/python3 setup.py develop --editable --build-directory /home/loga/micronav_ws/build/camera_controller/build --no-deps install_data
[1.991s] Level 1:colcon.colcon_core.shell:create_environment_hook('serial_controller', 'pythonpath_develop')
[1.991s] DEBUG:colcon.colcon_core.event_handler.log_command:Invoked command in '/home/loga/micronav_ws/build/serial_controller' returned '0': PYTHONPATH=/home/loga/micronav_ws/build/serial_controller/prefix_override:/home/loga/micronav_ws/install/serial_controller/lib/python3.10/site-packages:${PYTHONPATH} /usr/bin/python3 setup.py develop --editable --build-directory /home/loga/micronav_ws/build/serial_controller/build --no-deps install_data
[2.001s] INFO:colcon.colcon_core.shell:Creating environment hook '/home/loga/micronav_ws/build/serial_controller/share/serial_controller/hook/pythonpath_develop.ps1'
[2.001s] INFO:colcon.colcon_core.shell:Creating environment descriptor '/home/loga/micronav_ws/build/serial_controller/share/serial_controller/hook/pythonpath_develop.dsv'
[2.001s] INFO:colcon.colcon_core.shell:Creating environment hook '/home/loga/micronav_ws/build/serial_controller/share/serial_controller/hook/pythonpath_develop.sh'
[2.012s] Level 1:colcon.colcon_core.environment:checking '/home/loga/micronav_ws/install/serial_controller' for CMake module files
[2.013s] Level 1:colcon.colcon_core.environment:checking '/home/loga/micronav_ws/install/serial_controller' for CMake config files
[2.013s] Level 1:colcon.colcon_core.environment:checking '/home/loga/micronav_ws/install/serial_controller/lib'
[2.013s] Level 1:colcon.colcon_core.environment:checking '/home/loga/micronav_ws/install/serial_controller/bin'
[2.013s] Level 1:colcon.colcon_core.environment:checking '/home/loga/micronav_ws/install/serial_controller/lib/pkgconfig/serial_controller.pc'
[2.013s] Level 1:colcon.colcon_core.environment:checking '/home/loga/micronav_ws/install/serial_controller/lib/python3.10/site-packages'
[2.013s] Level 1:colcon.colcon_core.shell:create_environment_hook('serial_controller', 'pythonpath')
[2.022s] INFO:colcon.colcon_core.shell:Creating environment hook '/home/loga/micronav_ws/install/serial_controller/share/serial_controller/hook/pythonpath.ps1'
[2.023s] INFO:colcon.colcon_core.shell:Creating environment descriptor '/home/loga/micronav_ws/install/serial_controller/share/serial_controller/hook/pythonpath.dsv'
[2.023s] INFO:colcon.colcon_core.shell:Creating environment hook '/home/loga/micronav_ws/install/serial_controller/share/serial_controller/hook/pythonpath.sh'
[2.023s] Level 1:colcon.colcon_core.environment:checking '/home/loga/micronav_ws/install/serial_controller/bin'
[2.023s] Level 1:colcon.colcon_core.environment:create_environment_scripts_only(serial_controller)
[2.032s] INFO:colcon.colcon_core.shell:Creating package script '/home/loga/micronav_ws/install/serial_controller/share/serial_controller/package.ps1'
[2.033s] INFO:colcon.colcon_core.shell:Creating package descriptor '/home/loga/micronav_ws/install/serial_controller/share/serial_controller/package.dsv'
[2.033s] INFO:colcon.colcon_core.shell:Creating package script '/home/loga/micronav_ws/install/serial_controller/share/serial_controller/package.sh'
[2.033s] INFO:colcon.colcon_core.shell:Creating package script '/home/loga/micronav_ws/install/serial_controller/share/serial_controller/package.bash'
[2.034s] INFO:colcon.colcon_core.shell:Creating package script '/home/loga/micronav_ws/install/serial_controller/share/serial_controller/package.zsh'
[2.034s] Level 1:colcon.colcon_core.environment:create_file_with_runtime_dependencies(/home/loga/micronav_ws/install/serial_controller/share/colcon-core/packages/serial_controller)
[2.036s] Level 1:colcon.colcon_core.shell:create_environment_hook('camera_controller', 'pythonpath_develop')
[2.036s] DEBUG:colcon.colcon_core.event_handler.log_command:Invoked command in '/home/loga/micronav_ws/build/camera_controller' returned '0': PYTHONPATH=/home/loga/micronav_ws/build/camera_controller/prefix_override:/home/loga/micronav_ws/install/camera_controller/lib/python3.10/site-packages:${PYTHONPATH} /usr/bin/python3 setup.py develop --editable --build-directory /home/loga/micronav_ws/build/camera_controller/build --no-deps install_data
[2.045s] INFO:colcon.colcon_core.shell:Creating environment hook '/home/loga/micronav_ws/build/camera_controller/share/camera_controller/hook/pythonpath_develop.ps1'
[2.045s] INFO:colcon.colcon_core.shell:Creating environment descriptor '/home/loga/micronav_ws/build/camera_controller/share/camera_controller/hook/pythonpath_develop.dsv'
[2.046s] INFO:colcon.colcon_core.shell:Creating environment hook '/home/loga/micronav_ws/build/camera_controller/share/camera_controller/hook/pythonpath_develop.sh'
[2.054s] Level 1:colcon.colcon_core.environment:checking '/home/loga/micronav_ws/install/camera_controller' for CMake module files
[2.055s] Level 1:colcon.colcon_core.environment:checking '/home/loga/micronav_ws/install/camera_controller' for CMake config files
[2.055s] Level 1:colcon.colcon_core.environment:checking '/home/loga/micronav_ws/install/camera_controller/lib'
[2.055s] Level 1:colcon.colcon_core.environment:checking '/home/loga/micronav_ws/install/camera_controller/bin'
[2.055s] Level 1:colcon.colcon_core.environment:checking '/home/loga/micronav_ws/install/camera_controller/lib/pkgconfig/camera_controller.pc'
[2.055s] Level 1:colcon.colcon_core.environment:checking '/home/loga/micronav_ws/install/camera_controller/lib/python3.10/site-packages'
[2.055s] Level 1:colcon.colcon_core.shell:create_environment_hook('camera_controller', 'pythonpath')
[2.064s] INFO:colcon.colcon_core.shell:Creating environment hook '/home/loga/micronav_ws/install/camera_controller/share/camera_controller/hook/pythonpath.ps1'
[2.064s] INFO:colcon.colcon_core.shell:Creating environment descriptor '/home/loga/micronav_ws/install/camera_controller/share/camera_controller/hook/pythonpath.dsv'
[2.064s] INFO:colcon.colcon_core.shell:Creating environment hook '/home/loga/micronav_ws/install/camera_controller/share/camera_controller/hook/pythonpath.sh'
[2.064s] Level 1:colcon.colcon_core.environment:checking '/home/loga/micronav_ws/install/camera_controller/bin'
[2.065s] Level 1:colcon.colcon_core.environment:create_environment_scripts_only(camera_controller)
[2.073s] INFO:colcon.colcon_core.shell:Creating package script '/home/loga/micronav_ws/install/camera_controller/share/camera_controller/package.ps1'
[2.074s] INFO:colcon.colcon_core.shell:Creating package descriptor '/home/loga/micronav_ws/install/camera_controller/share/camera_controller/package.dsv'
[2.074s] INFO:colcon.colcon_core.shell:Creating package script '/home/loga/micronav_ws/install/camera_controller/share/camera_controller/package.sh'
[2.074s] INFO:colcon.colcon_core.shell:Creating package script '/home/loga/micronav_ws/install/camera_controller/share/camera_controller/package.bash'
[2.074s] INFO:colcon.colcon_core.shell:Creating package script '/home/loga/micronav_ws/install/camera_controller/share/camera_controller/package.zsh'
[2.075s] Level 1:colcon.colcon_core.environment:create_file_with_runtime_dependencies(/home/loga/micronav_ws/install/camera_controller/share/colcon-core/packages/camera_controller)
[2.075s] DEBUG:colcon.colcon_parallel_executor.executor.parallel:closing loop
[2.075s] DEBUG:colcon.colcon_parallel_executor.executor.parallel:loop closed
[2.075s] DEBUG:colcon.colcon_parallel_executor.executor.parallel:run_until_complete finished with '0'
[2.075s] DEBUG:colcon.colcon_core.event_reactor:joining thread
[2.114s] INFO:colcon.colcon_core.plugin_system:Skipping extension 'colcon_notification.desktop_notification.notify_send': Could not find 'notify-send'
[2.114s] INFO:colcon.colcon_core.plugin_system:Skipping extension 'colcon_notification.desktop_notification.terminal_notifier': Not used on non-Darwin systems
[2.114s] INFO:colcon.colcon_core.plugin_system:Skipping extension 'colcon_notification.desktop_notification.win32': Not used on non-Windows systems
[2.114s] INFO:colcon.colcon_notification.desktop_notification:Sending desktop notification using 'notify2'
[2.116s] DEBUG:colcon.colcon_notification.desktop_notification.notify2:Failed to initialize notify2: org.freedesktop.DBus.Error.ServiceUnknown: The name org.freedesktop.Notifications was not provided by any .service files
[2.116s] DEBUG:colcon.colcon_core.event_reactor:joined thread
[2.125s] INFO:colcon.colcon_core.shell:Creating prefix script '/home/loga/micronav_ws/install/local_setup.ps1'
[2.126s] INFO:colcon.colcon_core.shell:Creating prefix util module '/home/loga/micronav_ws/install/_local_setup_util_ps1.py'
[2.127s] INFO:colcon.colcon_core.shell:Creating prefix chain script '/home/loga/micronav_ws/install/setup.ps1'
[2.136s] INFO:colcon.colcon_core.shell:Creating prefix script '/home/loga/micronav_ws/install/local_setup.sh'
[2.136s] INFO:colcon.colcon_core.shell:Creating prefix util module '/home/loga/micronav_ws/install/_local_setup_util_sh.py'
[2.136s] INFO:colcon.colcon_core.shell:Creating prefix chain script '/home/loga/micronav_ws/install/setup.sh'
[2.145s] INFO:colcon.colcon_core.shell:Creating prefix script '/home/loga/micronav_ws/install/local_setup.bash'
[2.145s] INFO:colcon.colcon_core.shell:Creating prefix chain script '/home/loga/micronav_ws/install/setup.bash'
[2.155s] INFO:colcon.colcon_core.shell:Creating prefix script '/home/loga/micronav_ws/install/local_setup.zsh'
[2.155s] INFO:colcon.colcon_core.shell:Creating prefix chain script '/home/loga/micronav_ws/install/setup.zsh'
