[15.503s] Invoking command in '/home/vignesh/micronav_ws/src/serial_controller': PYTHONPATH=/home/vignesh/micronav_ws/build/serial_controller/prefix_override:/home/vignesh/micronav_ws/install/serial_controller/lib/python3.10/site-packages:${PYTHONPATH} /usr/bin/python3 setup.py egg_info --egg-base ../../build/serial_controller build --build-base /home/vignesh/micronav_ws/build/serial_controller/build install --record /home/vignesh/micronav_ws/build/serial_controller/install.log --single-version-externally-managed
[18.950s] running egg_info
[18.954s] writing ../../build/serial_controller/serial_controller.egg-info/PKG-INFO
[18.978s] writing dependency_links to ../../build/serial_controller/serial_controller.egg-info/dependency_links.txt
[18.979s] writing entry points to ../../build/serial_controller/serial_controller.egg-info/entry_points.txt
[18.980s] writing requirements to ../../build/serial_controller/serial_controller.egg-info/requires.txt
[18.982s] writing top-level names to ../../build/serial_controller/serial_controller.egg-info/top_level.txt
[18.993s] reading manifest file '../../build/serial_controller/serial_controller.egg-info/SOURCES.txt'
[19.008s] writing manifest file '../../build/serial_controller/serial_controller.egg-info/SOURCES.txt'
[19.009s] running build
[19.012s] running build_py
[19.017s] copying serial_controller/serial_node.py -> /home/vignesh/micronav_ws/build/serial_controller/build/lib/serial_controller
[19.018s] running install
[19.020s] running install_lib
[19.030s] copying /home/vignesh/micronav_ws/build/serial_controller/build/lib/serial_controller/serial_node.py -> /home/vignesh/micronav_ws/install/serial_controller/lib/python3.10/site-packages/serial_controller
[19.038s] byte-compiling /home/vignesh/micronav_ws/install/serial_controller/lib/python3.10/site-packages/serial_controller/serial_node.py to serial_node.cpython-310.pyc
[19.045s] running install_data
[19.050s] running install_egg_info
[19.077s] removing '/home/vignesh/micronav_ws/install/serial_controller/lib/python3.10/site-packages/serial_controller-0.0.0-py3.10.egg-info' (and everything under it)
[19.082s] Copying ../../build/serial_controller/serial_controller.egg-info to /home/vignesh/micronav_ws/install/serial_controller/lib/python3.10/site-packages/serial_controller-0.0.0-py3.10.egg-info
[19.101s] running install_scripts
[19.322s] Installing serilcom script to /home/vignesh/micronav_ws/install/serial_controller/lib/serial_controller
[19.330s] writing list of installed files to '/home/vignesh/micronav_ws/build/serial_controller/install.log'
[20.478s] Invoked command in '/home/vignesh/micronav_ws/src/serial_controller' returned '0': PYTHONPATH=/home/vignesh/micronav_ws/build/serial_controller/prefix_override:/home/vignesh/micronav_ws/install/serial_controller/lib/python3.10/site-packages:${PYTHONPATH} /usr/bin/python3 setup.py egg_info --egg-base ../../build/serial_controller build --build-base /home/vignesh/micronav_ws/build/serial_controller/build install --record /home/vignesh/micronav_ws/build/serial_controller/install.log --single-version-externally-managed
