[16.110s] Invoking command in '/home/vignesh/micronav_ws/src/camera_controller': PYTHONPATH=/home/vignesh/micronav_ws/build/camera_controller/prefix_override:/home/vignesh/micronav_ws/install/camera_controller/lib/python3.10/site-packages:${PYTHONPATH} /usr/bin/python3 setup.py egg_info --egg-base ../../build/camera_controller build --build-base /home/vignesh/micronav_ws/build/camera_controller/build install --record /home/vignesh/micronav_ws/build/camera_controller/install.log --single-version-externally-managed
[19.528s] running egg_info
[19.531s] writing ../../build/camera_controller/camera_controller.egg-info/PKG-INFO
[19.540s] writing dependency_links to ../../build/camera_controller/camera_controller.egg-info/dependency_links.txt
[19.546s] writing entry points to ../../build/camera_controller/camera_controller.egg-info/entry_points.txt
[19.551s] writing requirements to ../../build/camera_controller/camera_controller.egg-info/requires.txt
[19.556s] writing top-level names to ../../build/camera_controller/camera_controller.egg-info/top_level.txt
[19.567s] reading manifest file '../../build/camera_controller/camera_controller.egg-info/SOURCES.txt'
[19.600s] writing manifest file '../../build/camera_controller/camera_controller.egg-info/SOURCES.txt'
[19.602s] running build
[19.603s] running build_py
[19.610s] running install
[19.611s] running install_lib
[19.619s] running install_data
[19.630s] running install_egg_info
[19.662s] removing '/home/vignesh/micronav_ws/install/camera_controller/lib/python3.10/site-packages/camera_controller-0.0.0-py3.10.egg-info' (and everything under it)
[19.675s] Copying ../../build/camera_controller/camera_controller.egg-info to /home/vignesh/micronav_ws/install/camera_controller/lib/python3.10/site-packages/camera_controller-0.0.0-py3.10.egg-info
[19.695s] running install_scripts
[19.924s] writing list of installed files to '/home/vignesh/micronav_ws/build/camera_controller/install.log'
[20.276s] Invoked command in '/home/vignesh/micronav_ws/src/camera_controller' returned '0': PYTHONPATH=/home/vignesh/micronav_ws/build/camera_controller/prefix_override:/home/vignesh/micronav_ws/install/camera_controller/lib/python3.10/site-packages:${PYTHONPATH} /usr/bin/python3 setup.py egg_info --egg-base ../../build/camera_controller build --build-base /home/vignesh/micronav_ws/build/camera_controller/build install --record /home/vignesh/micronav_ws/build/camera_controller/install.log --single-version-externally-managed
