running develop
Removing /home/vignesh/micronav_ws/install/camera_controller/lib/python3.10/site-packages/camera-controller.egg-link (link to .)
running egg_info
writing ../../build/camera_controller/camera_controller.egg-info/PKG-INFO
writing dependency_links to ../../build/camera_controller/camera_controller.egg-info/dependency_links.txt
writing entry points to ../../build/camera_controller/camera_controller.egg-info/entry_points.txt
writing requirements to ../../build/camera_controller/camera_controller.egg-info/requires.txt
writing top-level names to ../../build/camera_controller/camera_controller.egg-info/top_level.txt
reading manifest file '../../build/camera_controller/camera_controller.egg-info/SOURCES.txt'
writing manifest file '../../build/camera_controller/camera_controller.egg-info/SOURCES.txt'
running build
running build_py
running install
running install_lib
creating /home/vignesh/micronav_ws/install/camera_controller/lib/python3.10/site-packages/camera_controller
copying /home/vignesh/micronav_ws/build/camera_controller/build/lib/camera_controller/__init__.py -> /home/vignesh/micronav_ws/install/camera_controller/lib/python3.10/site-packages/camera_controller
copying /home/vignesh/micronav_ws/build/camera_controller/build/lib/camera_controller/cam_pub.py -> /home/vignesh/micronav_ws/install/camera_controller/lib/python3.10/site-packages/camera_controller
byte-compiling /home/vignesh/micronav_ws/install/camera_controller/lib/python3.10/site-packages/camera_controller/__init__.py to __init__.cpython-310.pyc
byte-compiling /home/vignesh/micronav_ws/install/camera_controller/lib/python3.10/site-packages/camera_controller/cam_pub.py to cam_pub.cpython-310.pyc
running install_data
running install_egg_info
Copying ../../build/camera_controller/camera_controller.egg-info to /home/vignesh/micronav_ws/install/camera_controller/lib/python3.10/site-packages/camera_controller-0.0.0-py3.10.egg-info
running install_scripts
writing list of installed files to '/home/vignesh/micronav_ws/build/camera_controller/install.log'
