[16.411s] Invoking command in '/home/vignesh/micronav_ws/build/camera_controller': PYTHONPATH=/home/vignesh/micronav_ws/build/camera_controller/prefix_override:/home/vignesh/micronav_ws/install/camera_controller/lib/python3.10/site-packages:${PYTHONPATH} /usr/bin/python3 setup.py develop --uninstall --editable --build-directory /home/vignesh/micronav_ws/build/camera_controller/build
[19.980s] running develop
[22.139s] Removing /home/vignesh/micronav_ws/install/camera_controller/lib/python3.10/site-packages/camera-controller.egg-link (link to .)
[22.562s] Invoked command in '/home/vignesh/micronav_ws/build/camera_controller' returned '0': PYTHONPATH=/home/vignesh/micronav_ws/build/camera_controller/prefix_override:/home/vignesh/micronav_ws/install/camera_controller/lib/python3.10/site-packages:${PYTHONPATH} /usr/bin/python3 setup.py develop --uninstall --editable --build-directory /home/vignesh/micronav_ws/build/camera_controller/build
[22.579s] Invoking command in '/home/vignesh/micronav_ws/src/camera_controller': PYTHONPATH=/home/vignesh/micronav_ws/build/camera_controller/prefix_override:/home/vignesh/micronav_ws/install/camera_controller/lib/python3.10/site-packages:${PYTHONPATH} /usr/bin/python3 setup.py egg_info --egg-base ../../build/camera_controller build --build-base /home/vignesh/micronav_ws/build/camera_controller/build install --record /home/vignesh/micronav_ws/build/camera_controller/install.log --single-version-externally-managed
[25.797s] running egg_info
[25.800s] writing ../../build/camera_controller/camera_controller.egg-info/PKG-INFO
[25.803s] writing dependency_links to ../../build/camera_controller/camera_controller.egg-info/dependency_links.txt
[25.816s] writing entry points to ../../build/camera_controller/camera_controller.egg-info/entry_points.txt
[25.818s] writing requirements to ../../build/camera_controller/camera_controller.egg-info/requires.txt
[25.820s] writing top-level names to ../../build/camera_controller/camera_controller.egg-info/top_level.txt
[25.826s] reading manifest file '../../build/camera_controller/camera_controller.egg-info/SOURCES.txt'
[25.851s] writing manifest file '../../build/camera_controller/camera_controller.egg-info/SOURCES.txt'
[25.853s] running build
[25.856s] running build_py
[25.861s] running install
[25.866s] running install_lib
[25.871s] creating /home/vignesh/micronav_ws/install/camera_controller/lib/python3.10/site-packages/camera_controller
[25.873s] copying /home/vignesh/micronav_ws/build/camera_controller/build/lib/camera_controller/__init__.py -> /home/vignesh/micronav_ws/install/camera_controller/lib/python3.10/site-packages/camera_controller
[25.876s] copying /home/vignesh/micronav_ws/build/camera_controller/build/lib/camera_controller/cam_pub.py -> /home/vignesh/micronav_ws/install/camera_controller/lib/python3.10/site-packages/camera_controller
[25.879s] byte-compiling /home/vignesh/micronav_ws/install/camera_controller/lib/python3.10/site-packages/camera_controller/__init__.py to __init__.cpython-310.pyc
[25.881s] byte-compiling /home/vignesh/micronav_ws/install/camera_controller/lib/python3.10/site-packages/camera_controller/cam_pub.py to cam_pub.cpython-310.pyc
[25.885s] running install_data
[25.891s] running install_egg_info
[25.915s] Copying ../../build/camera_controller/camera_controller.egg-info to /home/vignesh/micronav_ws/install/camera_controller/lib/python3.10/site-packages/camera_controller-0.0.0-py3.10.egg-info
[25.940s] running install_scripts
[26.148s] writing list of installed files to '/home/vignesh/micronav_ws/build/camera_controller/install.log'
[27.318s] Invoked command in '/home/vignesh/micronav_ws/src/camera_controller' returned '0': PYTHONPATH=/home/vignesh/micronav_ws/build/camera_controller/prefix_override:/home/vignesh/micronav_ws/install/camera_controller/lib/python3.10/site-packages:${PYTHONPATH} /usr/bin/python3 setup.py egg_info --egg-base ../../build/camera_controller build --build-base /home/vignesh/micronav_ws/build/camera_controller/build install --record /home/vignesh/micronav_ws/build/camera_controller/install.log --single-version-externally-managed
