[11.256s] DEBUG:colcon:Command line arguments: ['/usr/bin/colcon', 'build']
[11.257s] DEBUG:colcon:Parsed command line arguments: Namespace(log_base=None, log_level=None, verb_name='build', build_base='build', install_base='install', merge_install=False, symlink_install=False, test_result_base=None, continue_on_error=False, executor='parallel', parallel_workers=4, event_handlers=None, ignore_user_meta=False, metas=['./colcon.meta'], base_paths=['.'], packages_ignore=None, packages_ignore_regex=None, paths=None, packages_up_to=None, packages_up_to_regex=None, packages_above=None, packages_above_and_dependencies=None, packages_above_depth=None, packages_select_by_dep=None, packages_skip_by_dep=None, packages_skip_up_to=None, packages_select_build_failed=False, packages_skip_build_finished=False, packages_select_test_failures=False, packages_skip_test_passed=False, packages_select=None, packages_skip=None, packages_select_regex=None, packages_skip_regex=None, packages_start=None, packages_end=None, allow_overriding=[], cmake_args=None, cmake_target=None, cmake_target_skip_unavailable=False, cmake_clean_cache=False, cmake_clean_first=False, cmake_force_configure=False, ament_cmake_args=None, catkin_cmake_args=None, catkin_skip_building_tests=False, verb_parser=<colcon_defaults.argument_parser.defaults.DefaultArgumentsDecorator object at 0xffff8604ffa0>, verb_extension=<colcon_core.verb.build.BuildVerb object at 0xffff863e44f0>, main=<bound method BuildVerb.main of <colcon_core.verb.build.BuildVerb object at 0xffff863e44f0>>)
[11.775s] Level 1:colcon.colcon_core.package_discovery:discover_packages(colcon_meta) check parameters
[11.776s] Level 1:colcon.colcon_core.package_discovery:discover_packages(recursive) check parameters
[11.776s] Level 1:colcon.colcon_core.package_discovery:discover_packages(ignore) check parameters
[11.777s] Level 1:colcon.colcon_core.package_discovery:discover_packages(path) check parameters
[11.777s] Level 1:colcon.colcon_core.package_discovery:discover_packages(colcon_meta) discover
[11.778s] Level 1:colcon.colcon_core.package_discovery:discover_packages(recursive) discover
[11.778s] INFO:colcon.colcon_core.package_discovery:Crawling recursively for packages in '/home/vignesh/micronav_ws'
[11.779s] Level 1:colcon.colcon_core.package_identification:_identify(.) by extensions ['ignore', 'ignore_ament_install']
[11.780s] Level 1:colcon.colcon_core.package_identification:_identify(.) by extension 'ignore'
[11.781s] Level 1:colcon.colcon_core.package_identification:_identify(.) by extension 'ignore_ament_install'
[11.782s] Level 1:colcon.colcon_core.package_identification:_identify(.) by extensions ['colcon_pkg']
[11.783s] Level 1:colcon.colcon_core.package_identification:_identify(.) by extension 'colcon_pkg'
[11.783s] Level 1:colcon.colcon_core.package_identification:_identify(.) by extensions ['colcon_meta']
[11.784s] Level 1:colcon.colcon_core.package_identification:_identify(.) by extension 'colcon_meta'
[11.784s] Level 1:colcon.colcon_core.package_identification:_identify(.) by extensions ['ros']
[11.785s] Level 1:colcon.colcon_core.package_identification:_identify(.) by extension 'ros'
[11.952s] Level 1:colcon.colcon_core.package_identification:_identify(.) by extensions ['cmake', 'python']
[11.953s] Level 1:colcon.colcon_core.package_identification:_identify(.) by extension 'cmake'
[11.954s] Level 1:colcon.colcon_core.package_identification:_identify(.) by extension 'python'
[11.955s] Level 1:colcon.colcon_core.package_identification:_identify(.) by extensions ['python_setup_py']
[11.956s] Level 1:colcon.colcon_core.package_identification:_identify(.) by extension 'python_setup_py'
[11.957s] Level 1:colcon.colcon_core.package_identification:_identify(build) by extensions ['ignore', 'ignore_ament_install']
[11.959s] Level 1:colcon.colcon_core.package_identification:_identify(build) by extension 'ignore'
[11.960s] Level 1:colcon.colcon_core.package_identification:_identify(build) ignored
[11.962s] Level 1:colcon.colcon_core.package_identification:_identify(install) by extensions ['ignore', 'ignore_ament_install']
[11.963s] Level 1:colcon.colcon_core.package_identification:_identify(install) by extension 'ignore'
[11.964s] Level 1:colcon.colcon_core.package_identification:_identify(install) ignored
[11.966s] Level 1:colcon.colcon_core.package_identification:_identify(log) by extensions ['ignore', 'ignore_ament_install']
[11.967s] Level 1:colcon.colcon_core.package_identification:_identify(log) by extension 'ignore'
[11.968s] Level 1:colcon.colcon_core.package_identification:_identify(log) ignored
[11.969s] Level 1:colcon.colcon_core.package_identification:_identify(src) by extensions ['ignore', 'ignore_ament_install']
[11.970s] Level 1:colcon.colcon_core.package_identification:_identify(src) by extension 'ignore'
[11.971s] Level 1:colcon.colcon_core.package_identification:_identify(src) by extension 'ignore_ament_install'
[11.972s] Level 1:colcon.colcon_core.package_identification:_identify(src) by extensions ['colcon_pkg']
[11.972s] Level 1:colcon.colcon_core.package_identification:_identify(src) by extension 'colcon_pkg'
[11.973s] Level 1:colcon.colcon_core.package_identification:_identify(src) by extensions ['colcon_meta']
[11.973s] Level 1:colcon.colcon_core.package_identification:_identify(src) by extension 'colcon_meta'
[11.974s] Level 1:colcon.colcon_core.package_identification:_identify(src) by extensions ['ros']
[11.974s] Level 1:colcon.colcon_core.package_identification:_identify(src) by extension 'ros'
[11.975s] Level 1:colcon.colcon_core.package_identification:_identify(src) by extensions ['cmake', 'python']
[11.976s] Level 1:colcon.colcon_core.package_identification:_identify(src) by extension 'cmake'
[11.977s] Level 1:colcon.colcon_core.package_identification:_identify(src) by extension 'python'
[11.977s] Level 1:colcon.colcon_core.package_identification:_identify(src) by extensions ['python_setup_py']
[11.977s] Level 1:colcon.colcon_core.package_identification:_identify(src) by extension 'python_setup_py'
[11.979s] Level 1:colcon.colcon_core.package_identification:_identify(src/camera_controller) by extensions ['ignore', 'ignore_ament_install']
[11.980s] Level 1:colcon.colcon_core.package_identification:_identify(src/camera_controller) by extension 'ignore'
[11.981s] Level 1:colcon.colcon_core.package_identification:_identify(src/camera_controller) by extension 'ignore_ament_install'
[11.982s] Level 1:colcon.colcon_core.package_identification:_identify(src/camera_controller) by extensions ['colcon_pkg']
[11.982s] Level 1:colcon.colcon_core.package_identification:_identify(src/camera_controller) by extension 'colcon_pkg'
[11.983s] Level 1:colcon.colcon_core.package_identification:_identify(src/camera_controller) by extensions ['colcon_meta']
[11.983s] Level 1:colcon.colcon_core.package_identification:_identify(src/camera_controller) by extension 'colcon_meta'
[11.984s] Level 1:colcon.colcon_core.package_identification:_identify(src/camera_controller) by extensions ['ros']
[11.984s] Level 1:colcon.colcon_core.package_identification:_identify(src/camera_controller) by extension 'ros'
[12.014s] DEBUG:colcon.colcon_core.package_identification:Package 'src/camera_controller' with type 'ros.ament_python' and name 'camera_controller'
[12.015s] Level 1:colcon.colcon_core.package_identification:_identify(src/serial_controller) by extensions ['ignore', 'ignore_ament_install']
[12.016s] Level 1:colcon.colcon_core.package_identification:_identify(src/serial_controller) by extension 'ignore'
[12.017s] Level 1:colcon.colcon_core.package_identification:_identify(src/serial_controller) by extension 'ignore_ament_install'
[12.018s] Level 1:colcon.colcon_core.package_identification:_identify(src/serial_controller) by extensions ['colcon_pkg']
[12.019s] Level 1:colcon.colcon_core.package_identification:_identify(src/serial_controller) by extension 'colcon_pkg'
[12.019s] Level 1:colcon.colcon_core.package_identification:_identify(src/serial_controller) by extensions ['colcon_meta']
[12.020s] Level 1:colcon.colcon_core.package_identification:_identify(src/serial_controller) by extension 'colcon_meta'
[12.020s] Level 1:colcon.colcon_core.package_identification:_identify(src/serial_controller) by extensions ['ros']
[12.021s] Level 1:colcon.colcon_core.package_identification:_identify(src/serial_controller) by extension 'ros'
[12.028s] DEBUG:colcon.colcon_core.package_identification:Package 'src/serial_controller' with type 'ros.ament_python' and name 'serial_controller'
[12.029s] Level 1:colcon.colcon_core.package_discovery:discover_packages(recursive) using defaults
[12.030s] Level 1:colcon.colcon_core.package_discovery:discover_packages(ignore) discover
[12.030s] Level 1:colcon.colcon_core.package_discovery:discover_packages(ignore) using defaults
[12.030s] Level 1:colcon.colcon_core.package_discovery:discover_packages(path) discover
[12.031s] Level 1:colcon.colcon_core.package_discovery:discover_packages(path) using defaults
[13.047s] Level 1:colcon.colcon_core.package_discovery:discover_packages(prefix_path) check parameters
[13.047s] Level 1:colcon.colcon_core.package_discovery:discover_packages(prefix_path) discover
[13.376s] DEBUG:colcon.colcon_installed_package_information.package_discovery:Found 2 installed packages in /home/vignesh/micronav_ws/install
[13.547s] DEBUG:colcon.colcon_installed_package_information.package_discovery:Found 183 installed packages in /opt/ros/humble
[13.559s] Level 1:colcon.colcon_core.package_discovery:discover_packages(prefix_path) using defaults
[14.519s] Level 5:colcon.colcon_core.verb:set package 'camera_controller' build argument 'cmake_args' from command line to 'None'
[14.520s] Level 5:colcon.colcon_core.verb:set package 'camera_controller' build argument 'cmake_target' from command line to 'None'
[14.520s] Level 5:colcon.colcon_core.verb:set package 'camera_controller' build argument 'cmake_target_skip_unavailable' from command line to 'False'
[14.520s] Level 5:colcon.colcon_core.verb:set package 'camera_controller' build argument 'cmake_clean_cache' from command line to 'False'
[14.521s] Level 5:colcon.colcon_core.verb:set package 'camera_controller' build argument 'cmake_clean_first' from command line to 'False'
[14.521s] Level 5:colcon.colcon_core.verb:set package 'camera_controller' build argument 'cmake_force_configure' from command line to 'False'
[14.521s] Level 5:colcon.colcon_core.verb:set package 'camera_controller' build argument 'ament_cmake_args' from command line to 'None'
[14.521s] Level 5:colcon.colcon_core.verb:set package 'camera_controller' build argument 'catkin_cmake_args' from command line to 'None'
[14.522s] Level 5:colcon.colcon_core.verb:set package 'camera_controller' build argument 'catkin_skip_building_tests' from command line to 'False'
[14.522s] DEBUG:colcon.colcon_core.verb:Building package 'camera_controller' with the following arguments: {'ament_cmake_args': None, 'build_base': '/home/vignesh/micronav_ws/build/camera_controller', 'catkin_cmake_args': None, 'catkin_skip_building_tests': False, 'cmake_args': None, 'cmake_clean_cache': False, 'cmake_clean_first': False, 'cmake_force_configure': False, 'cmake_target': None, 'cmake_target_skip_unavailable': False, 'install_base': '/home/vignesh/micronav_ws/install/camera_controller', 'merge_install': False, 'path': '/home/vignesh/micronav_ws/src/camera_controller', 'symlink_install': False, 'test_result_base': None}
[14.681s] Level 5:colcon.colcon_core.verb:set package 'serial_controller' build argument 'cmake_args' from command line to 'None'
[14.682s] Level 5:colcon.colcon_core.verb:set package 'serial_controller' build argument 'cmake_target' from command line to 'None'
[14.682s] Level 5:colcon.colcon_core.verb:set package 'serial_controller' build argument 'cmake_target_skip_unavailable' from command line to 'False'
[14.683s] Level 5:colcon.colcon_core.verb:set package 'serial_controller' build argument 'cmake_clean_cache' from command line to 'False'
[14.683s] Level 5:colcon.colcon_core.verb:set package 'serial_controller' build argument 'cmake_clean_first' from command line to 'False'
[14.683s] Level 5:colcon.colcon_core.verb:set package 'serial_controller' build argument 'cmake_force_configure' from command line to 'False'
[14.684s] Level 5:colcon.colcon_core.verb:set package 'serial_controller' build argument 'ament_cmake_args' from command line to 'None'
[14.684s] Level 5:colcon.colcon_core.verb:set package 'serial_controller' build argument 'catkin_cmake_args' from command line to 'None'
[14.684s] Level 5:colcon.colcon_core.verb:set package 'serial_controller' build argument 'catkin_skip_building_tests' from command line to 'False'
[14.685s] DEBUG:colcon.colcon_core.verb:Building package 'serial_controller' with the following arguments: {'ament_cmake_args': None, 'build_base': '/home/vignesh/micronav_ws/build/serial_controller', 'catkin_cmake_args': None, 'catkin_skip_building_tests': False, 'cmake_args': None, 'cmake_clean_cache': False, 'cmake_clean_first': False, 'cmake_force_configure': False, 'cmake_target': None, 'cmake_target_skip_unavailable': False, 'install_base': '/home/vignesh/micronav_ws/install/serial_controller', 'merge_install': False, 'path': '/home/vignesh/micronav_ws/src/serial_controller', 'symlink_install': False, 'test_result_base': None}
[14.840s] INFO:colcon.colcon_core.executor:Executing jobs using 'parallel' executor
[14.997s] DEBUG:colcon.colcon_parallel_executor.executor.parallel:run_until_complete
[15.000s] INFO:colcon.colcon_ros.task.ament_python.build:Building ROS package in '/home/vignesh/micronav_ws/src/camera_controller' with build type 'ament_python'
[15.001s] Level 1:colcon.colcon_core.shell:create_environment_hook('camera_controller', 'ament_prefix_path')
[15.197s] INFO:colcon.colcon_core.plugin_system:Skipping extension 'colcon_core.shell.bat': Not used on non-Windows systems
[15.200s] INFO:colcon.colcon_core.shell:Creating environment hook '/home/vignesh/micronav_ws/install/camera_controller/share/camera_controller/hook/ament_prefix_path.ps1'
[15.216s] INFO:colcon.colcon_core.shell:Creating environment descriptor '/home/vignesh/micronav_ws/install/camera_controller/share/camera_controller/hook/ament_prefix_path.dsv'
[15.222s] INFO:colcon.colcon_core.shell:Creating environment hook '/home/vignesh/micronav_ws/install/camera_controller/share/camera_controller/hook/ament_prefix_path.sh'
[15.393s] INFO:colcon.colcon_core.shell:Skip shell extension 'powershell' for command environment: Not usable outside of PowerShell
[15.394s] DEBUG:colcon.colcon_core.shell:Skip shell extension 'dsv' for command environment
[15.915s] INFO:colcon.colcon_ros.task.ament_python.build:Building ROS package in '/home/vignesh/micronav_ws/src/serial_controller' with build type 'ament_python'
[15.916s] Level 1:colcon.colcon_core.shell:create_environment_hook('serial_controller', 'ament_prefix_path')
[16.088s] INFO:colcon.colcon_core.shell:Creating environment hook '/home/vignesh/micronav_ws/install/serial_controller/share/serial_controller/hook/ament_prefix_path.ps1'
[16.093s] INFO:colcon.colcon_core.shell:Creating environment descriptor '/home/vignesh/micronav_ws/install/serial_controller/share/serial_controller/hook/ament_prefix_path.dsv'
[16.097s] INFO:colcon.colcon_core.shell:Creating environment hook '/home/vignesh/micronav_ws/install/serial_controller/share/serial_controller/hook/ament_prefix_path.sh'
[16.308s] INFO:colcon.colcon_core.shell:Skip shell extension 'powershell' for command environment: Not usable outside of PowerShell
[16.309s] DEBUG:colcon.colcon_core.shell:Skip shell extension 'dsv' for command environment
[20.276s] INFO:colcon.colcon_core.task.python.build:Building Python package in '/home/vignesh/micronav_ws/src/camera_controller'
[20.444s] INFO:colcon.colcon_core.shell:Skip shell extension 'powershell' for command environment: Not usable outside of PowerShell
[20.445s] DEBUG:colcon.colcon_core.shell:Skip shell extension 'dsv' for command environment
[24.125s] INFO:colcon.colcon_core.task.python.build:Building Python package in '/home/vignesh/micronav_ws/src/serial_controller'
[24.290s] INFO:colcon.colcon_core.shell:Skip shell extension 'powershell' for command environment: Not usable outside of PowerShell
[24.291s] DEBUG:colcon.colcon_core.shell:Skip shell extension 'dsv' for command environment
[31.423s] DEBUG:colcon.colcon_core.event_handler.log_command:Invoking command in '/home/vignesh/micronav_ws/src/serial_controller': PYTHONPATH=/home/vignesh/micronav_ws/build/serial_controller/prefix_override:/home/vignesh/micronav_ws/install/serial_controller/lib/python3.10/site-packages:${PYTHONPATH} /usr/bin/python3 setup.py egg_info --egg-base ../../build/serial_controller build --build-base /home/vignesh/micronav_ws/build/serial_controller/build install --record /home/vignesh/micronav_ws/build/serial_controller/install.log --single-version-externally-managed
[31.565s] DEBUG:colcon.colcon_core.event_handler.log_command:Invoking command in '/home/vignesh/micronav_ws/src/camera_controller': PYTHONPATH=/home/vignesh/micronav_ws/build/camera_controller/prefix_override:/home/vignesh/micronav_ws/install/camera_controller/lib/python3.10/site-packages:${PYTHONPATH} /usr/bin/python3 setup.py egg_info --egg-base ../../build/camera_controller build --build-base /home/vignesh/micronav_ws/build/camera_controller/build install --record /home/vignesh/micronav_ws/build/camera_controller/install.log --single-version-externally-managed
[35.580s] DEBUG:colcon.colcon_core.event_handler.log_command:Invoked command in '/home/vignesh/micronav_ws/src/camera_controller' returned '0': PYTHONPATH=/home/vignesh/micronav_ws/build/camera_controller/prefix_override:/home/vignesh/micronav_ws/install/camera_controller/lib/python3.10/site-packages:${PYTHONPATH} /usr/bin/python3 setup.py egg_info --egg-base ../../build/camera_controller build --build-base /home/vignesh/micronav_ws/build/camera_controller/build install --record /home/vignesh/micronav_ws/build/camera_controller/install.log --single-version-externally-managed
[35.870s] Level 1:colcon.colcon_core.environment:checking '/home/vignesh/micronav_ws/install/camera_controller' for CMake module files
[35.880s] Level 1:colcon.colcon_core.environment:checking '/home/vignesh/micronav_ws/install/camera_controller' for CMake config files
[35.916s] Level 1:colcon.colcon_core.environment:checking '/home/vignesh/micronav_ws/install/camera_controller/lib'
[35.920s] Level 1:colcon.colcon_core.environment:checking '/home/vignesh/micronav_ws/install/camera_controller/bin'
[35.921s] Level 1:colcon.colcon_core.environment:checking '/home/vignesh/micronav_ws/install/camera_controller/lib/pkgconfig/camera_controller.pc'
[35.924s] Level 1:colcon.colcon_core.environment:checking '/home/vignesh/micronav_ws/install/camera_controller/lib/python3.10/site-packages'
[35.926s] Level 1:colcon.colcon_core.shell:create_environment_hook('camera_controller', 'pythonpath')
[36.097s] INFO:colcon.colcon_core.shell:Creating environment hook '/home/vignesh/micronav_ws/install/camera_controller/share/camera_controller/hook/pythonpath.ps1'
[36.121s] INFO:colcon.colcon_core.shell:Creating environment descriptor '/home/vignesh/micronav_ws/install/camera_controller/share/camera_controller/hook/pythonpath.dsv'
[36.128s] INFO:colcon.colcon_core.shell:Creating environment hook '/home/vignesh/micronav_ws/install/camera_controller/share/camera_controller/hook/pythonpath.sh'
[36.136s] Level 1:colcon.colcon_core.environment:checking '/home/vignesh/micronav_ws/install/camera_controller/bin'
[36.138s] Level 1:colcon.colcon_core.environment:create_environment_scripts_only(camera_controller)
[36.301s] INFO:colcon.colcon_core.shell:Creating package script '/home/vignesh/micronav_ws/install/camera_controller/share/camera_controller/package.ps1'
[36.315s] INFO:colcon.colcon_core.shell:Creating package descriptor '/home/vignesh/micronav_ws/install/camera_controller/share/camera_controller/package.dsv'
[36.324s] INFO:colcon.colcon_core.shell:Creating package script '/home/vignesh/micronav_ws/install/camera_controller/share/camera_controller/package.sh'
[36.336s] INFO:colcon.colcon_core.shell:Creating package script '/home/vignesh/micronav_ws/install/camera_controller/share/camera_controller/package.bash'
[36.350s] INFO:colcon.colcon_core.shell:Creating package script '/home/vignesh/micronav_ws/install/camera_controller/share/camera_controller/package.zsh'
[36.365s] Level 1:colcon.colcon_core.environment:create_file_with_runtime_dependencies(/home/vignesh/micronav_ws/install/camera_controller/share/colcon-core/packages/camera_controller)
[36.396s] DEBUG:colcon.colcon_core.event_handler.log_command:Invoked command in '/home/vignesh/micronav_ws/src/serial_controller' returned '0': PYTHONPATH=/home/vignesh/micronav_ws/build/serial_controller/prefix_override:/home/vignesh/micronav_ws/install/serial_controller/lib/python3.10/site-packages:${PYTHONPATH} /usr/bin/python3 setup.py egg_info --egg-base ../../build/serial_controller build --build-base /home/vignesh/micronav_ws/build/serial_controller/build install --record /home/vignesh/micronav_ws/build/serial_controller/install.log --single-version-externally-managed
[36.556s] Level 1:colcon.colcon_core.environment:checking '/home/vignesh/micronav_ws/install/serial_controller' for CMake module files
[36.565s] Level 1:colcon.colcon_core.environment:checking '/home/vignesh/micronav_ws/install/serial_controller' for CMake config files
[36.578s] Level 1:colcon.colcon_core.environment:checking '/home/vignesh/micronav_ws/install/serial_controller/lib'
[36.579s] Level 1:colcon.colcon_core.environment:checking '/home/vignesh/micronav_ws/install/serial_controller/bin'
[36.580s] Level 1:colcon.colcon_core.environment:checking '/home/vignesh/micronav_ws/install/serial_controller/lib/pkgconfig/serial_controller.pc'
[36.583s] Level 1:colcon.colcon_core.environment:checking '/home/vignesh/micronav_ws/install/serial_controller/lib/python3.10/site-packages'
[36.584s] Level 1:colcon.colcon_core.shell:create_environment_hook('serial_controller', 'pythonpath')
[36.747s] INFO:colcon.colcon_core.shell:Creating environment hook '/home/vignesh/micronav_ws/install/serial_controller/share/serial_controller/hook/pythonpath.ps1'
[36.751s] INFO:colcon.colcon_core.shell:Creating environment descriptor '/home/vignesh/micronav_ws/install/serial_controller/share/serial_controller/hook/pythonpath.dsv'
[36.756s] INFO:colcon.colcon_core.shell:Creating environment hook '/home/vignesh/micronav_ws/install/serial_controller/share/serial_controller/hook/pythonpath.sh'
[36.763s] Level 1:colcon.colcon_core.environment:checking '/home/vignesh/micronav_ws/install/serial_controller/bin'
[36.764s] Level 1:colcon.colcon_core.environment:create_environment_scripts_only(serial_controller)
[36.949s] INFO:colcon.colcon_core.shell:Creating package script '/home/vignesh/micronav_ws/install/serial_controller/share/serial_controller/package.ps1'
[36.954s] INFO:colcon.colcon_core.shell:Creating package descriptor '/home/vignesh/micronav_ws/install/serial_controller/share/serial_controller/package.dsv'
[36.960s] INFO:colcon.colcon_core.shell:Creating package script '/home/vignesh/micronav_ws/install/serial_controller/share/serial_controller/package.sh'
[36.965s] INFO:colcon.colcon_core.shell:Creating package script '/home/vignesh/micronav_ws/install/serial_controller/share/serial_controller/package.bash'
[36.969s] INFO:colcon.colcon_core.shell:Creating package script '/home/vignesh/micronav_ws/install/serial_controller/share/serial_controller/package.zsh'
[36.975s] Level 1:colcon.colcon_core.environment:create_file_with_runtime_dependencies(/home/vignesh/micronav_ws/install/serial_controller/share/colcon-core/packages/serial_controller)
[36.979s] DEBUG:colcon.colcon_parallel_executor.executor.parallel:closing loop
[36.987s] DEBUG:colcon.colcon_parallel_executor.executor.parallel:loop closed
[36.988s] DEBUG:colcon.colcon_parallel_executor.executor.parallel:run_until_complete finished with '0'
[36.989s] DEBUG:colcon.colcon_core.event_reactor:joining thread
[37.325s] INFO:colcon.colcon_core.plugin_system:Skipping extension 'colcon_notification.desktop_notification.notify_send': Could not find 'notify-send'
[37.326s] INFO:colcon.colcon_core.plugin_system:Skipping extension 'colcon_notification.desktop_notification.terminal_notifier': Not used on non-Darwin systems
[37.327s] INFO:colcon.colcon_core.plugin_system:Skipping extension 'colcon_notification.desktop_notification.win32': Not used on non-Windows systems
[37.328s] INFO:colcon.colcon_notification.desktop_notification:Sending desktop notification using 'notify2'
[37.336s] DEBUG:colcon.colcon_notification.desktop_notification.notify2:Failed to initialize notify2: org.freedesktop.DBus.Error.ServiceUnknown: The name org.freedesktop.Notifications was not provided by any .service files
[37.337s] DEBUG:colcon.colcon_core.event_reactor:joined thread
[37.509s] INFO:colcon.colcon_core.shell:Creating prefix script '/home/vignesh/micronav_ws/install/local_setup.ps1'
[37.521s] INFO:colcon.colcon_core.shell:Creating prefix util module '/home/vignesh/micronav_ws/install/_local_setup_util_ps1.py'
[37.539s] INFO:colcon.colcon_core.shell:Creating prefix chain script '/home/vignesh/micronav_ws/install/setup.ps1'
[37.710s] INFO:colcon.colcon_core.shell:Creating prefix script '/home/vignesh/micronav_ws/install/local_setup.sh'
[37.719s] INFO:colcon.colcon_core.shell:Creating prefix util module '/home/vignesh/micronav_ws/install/_local_setup_util_sh.py'
[37.724s] INFO:colcon.colcon_core.shell:Creating prefix chain script '/home/vignesh/micronav_ws/install/setup.sh'
[37.919s] INFO:colcon.colcon_core.shell:Creating prefix script '/home/vignesh/micronav_ws/install/local_setup.bash'
[37.928s] INFO:colcon.colcon_core.shell:Creating prefix chain script '/home/vignesh/micronav_ws/install/setup.bash'
[38.111s] INFO:colcon.colcon_core.shell:Creating prefix script '/home/vignesh/micronav_ws/install/local_setup.zsh'
[38.118s] INFO:colcon.colcon_core.shell:Creating prefix chain script '/home/vignesh/micronav_ws/install/setup.zsh'
