[17.913s] Invoking command in '/home/vignesh/micronav_ws/src/serial_controller': PYTHONPATH=/home/vignesh/micronav_ws/build/serial_controller/prefix_override:/home/vignesh/micronav_ws/install/serial_controller/lib/python3.10/site-packages:${PYTHONPATH} /usr/bin/python3 setup.py egg_info --egg-base ../../build/serial_controller build --build-base /home/vignesh/micronav_ws/build/serial_controller/build install --record /home/vignesh/micronav_ws/build/serial_controller/install.log --single-version-externally-managed
[21.583s] running egg_info
[21.590s] writing ../../build/serial_controller/serial_controller.egg-info/PKG-INFO
[21.617s] writing dependency_links to ../../build/serial_controller/serial_controller.egg-info/dependency_links.txt
[21.622s] writing entry points to ../../build/serial_controller/serial_controller.egg-info/entry_points.txt
[21.626s] writing requirements to ../../build/serial_controller/serial_controller.egg-info/requires.txt
[21.627s] writing top-level names to ../../build/serial_controller/serial_controller.egg-info/top_level.txt
[21.643s] reading manifest file '../../build/serial_controller/serial_controller.egg-info/SOURCES.txt'
[21.691s] writing manifest file '../../build/serial_controller/serial_controller.egg-info/SOURCES.txt'
[21.692s] running build
[21.694s] running build_py
[21.697s] copying serial_controller/serial_node.py -> /home/vignesh/micronav_ws/build/serial_controller/build/lib/serial_controller
[21.713s] running install
[21.716s] running install_lib
[21.730s] copying /home/vignesh/micronav_ws/build/serial_controller/build/lib/serial_controller/serial_node.py -> /home/vignesh/micronav_ws/install/serial_controller/lib/python3.10/site-packages/serial_controller
[21.748s] byte-compiling /home/vignesh/micronav_ws/install/serial_controller/lib/python3.10/site-packages/serial_controller/serial_node.py to serial_node.cpython-310.pyc
[21.757s] running install_data
[21.788s] running install_egg_info
[21.820s] removing '/home/vignesh/micronav_ws/install/serial_controller/lib/python3.10/site-packages/serial_controller-0.0.0-py3.10.egg-info' (and everything under it)
[21.829s] Copying ../../build/serial_controller/serial_controller.egg-info to /home/vignesh/micronav_ws/install/serial_controller/lib/python3.10/site-packages/serial_controller-0.0.0-py3.10.egg-info
[21.863s] running install_scripts
[22.102s] Installing serilcom script to /home/vignesh/micronav_ws/install/serial_controller/lib/serial_controller
[22.110s] writing list of installed files to '/home/vignesh/micronav_ws/build/serial_controller/install.log'
[23.493s] Invoked command in '/home/vignesh/micronav_ws/src/serial_controller' returned '0': PYTHONPATH=/home/vignesh/micronav_ws/build/serial_controller/prefix_override:/home/vignesh/micronav_ws/install/serial_controller/lib/python3.10/site-packages:${PYTHONPATH} /usr/bin/python3 setup.py egg_info --egg-base ../../build/serial_controller build --build-base /home/vignesh/micronav_ws/build/serial_controller/build install --record /home/vignesh/micronav_ws/build/serial_controller/install.log --single-version-externally-managed
