[0.785s] Invoking command in '/home/loga/micronav_ws/src/serial_controller': PYTHONPATH=/home/loga/micronav_ws/build/serial_controller/prefix_override:/home/loga/micronav_ws/install/serial_controller/lib/python3.10/site-packages:${PYTHONPATH} /usr/bin/python3 setup.py egg_info --egg-base ../../build/serial_controller build --build-base /home/loga/micronav_ws/build/serial_controller/build install --record /home/loga/micronav_ws/build/serial_controller/install.log --single-version-externally-managed
[0.945s] running egg_info
[0.946s] writing ../../build/serial_controller/serial_controller.egg-info/PKG-INFO
[0.946s] writing dependency_links to ../../build/serial_controller/serial_controller.egg-info/dependency_links.txt
[0.946s] writing entry points to ../../build/serial_controller/serial_controller.egg-info/entry_points.txt
[0.946s] writing requirements to ../../build/serial_controller/serial_controller.egg-info/requires.txt
[0.946s] writing top-level names to ../../build/serial_controller/serial_controller.egg-info/top_level.txt
[0.948s] reading manifest file '../../build/serial_controller/serial_controller.egg-info/SOURCES.txt'
[0.948s] writing manifest file '../../build/serial_controller/serial_controller.egg-info/SOURCES.txt'
[0.948s] running build
[0.949s] running build_py
[0.949s] running install
[0.949s] running install_lib
[0.950s] running install_data
[0.950s] running install_egg_info
[0.951s] removing '/home/loga/micronav_ws/install/serial_controller/lib/python3.10/site-packages/serial_controller-0.0.0-py3.10.egg-info' (and everything under it)
[0.951s] Copying ../../build/serial_controller/serial_controller.egg-info to /home/loga/micronav_ws/install/serial_controller/lib/python3.10/site-packages/serial_controller-0.0.0-py3.10.egg-info
[0.952s] running install_scripts
[0.967s] Installing serilcom script to /home/loga/micronav_ws/install/serial_controller/lib/serial_controller
[0.967s] writing list of installed files to '/home/loga/micronav_ws/build/serial_controller/install.log'
[0.993s] Invoked command in '/home/loga/micronav_ws/src/serial_controller' returned '0': PYTHONPATH=/home/loga/micronav_ws/build/serial_controller/prefix_override:/home/loga/micronav_ws/install/serial_controller/lib/python3.10/site-packages:${PYTHONPATH} /usr/bin/python3 setup.py egg_info --egg-base ../../build/serial_controller build --build-base /home/loga/micronav_ws/build/serial_controller/build install --record /home/loga/micronav_ws/build/serial_controller/install.log --single-version-externally-managed
