[17.721s] DEBUG:colcon:Command line arguments: ['/usr/bin/colcon', 'build']
[17.735s] DEBUG:colcon:Parsed command line arguments: Namespace(log_base=None, log_level=None, verb_name='build', build_base='build', install_base='install', merge_install=False, symlink_install=False, test_result_base=None, continue_on_error=False, executor='parallel', parallel_workers=4, event_handlers=None, ignore_user_meta=False, metas=['./colcon.meta'], base_paths=['.'], packages_ignore=None, packages_ignore_regex=None, paths=None, packages_up_to=None, packages_up_to_regex=None, packages_above=None, packages_above_and_dependencies=None, packages_above_depth=None, packages_select_by_dep=None, packages_skip_by_dep=None, packages_skip_up_to=None, packages_select_build_failed=False, packages_skip_build_finished=False, packages_select_test_failures=False, packages_skip_test_passed=False, packages_select=None, packages_skip=None, packages_select_regex=None, packages_skip_regex=None, packages_start=None, packages_end=None, allow_overriding=[], cmake_args=None, cmake_target=None, cmake_target_skip_unavailable=False, cmake_clean_cache=False, cmake_clean_first=False, cmake_force_configure=False, ament_cmake_args=None, catkin_cmake_args=None, catkin_skip_building_tests=False, verb_parser=<colcon_defaults.argument_parser.defaults.DefaultArgumentsDecorator object at 0xffff9530fe20>, verb_extension=<colcon_core.verb.build.BuildVerb object at 0xffff9564a1d0>, main=<bound method BuildVerb.main of <colcon_core.verb.build.BuildVerb object at 0xffff9564a1d0>>)
[19.906s] Level 1:colcon.colcon_core.package_discovery:discover_packages(colcon_meta) check parameters
[19.956s] Level 1:colcon.colcon_core.package_discovery:discover_packages(recursive) check parameters
[19.957s] Level 1:colcon.colcon_core.package_discovery:discover_packages(ignore) check parameters
[19.957s] Level 1:colcon.colcon_core.package_discovery:discover_packages(path) check parameters
[19.958s] Level 1:colcon.colcon_core.package_discovery:discover_packages(colcon_meta) discover
[19.973s] Level 1:colcon.colcon_core.package_discovery:discover_packages(recursive) discover
[19.987s] INFO:colcon.colcon_core.package_discovery:Crawling recursively for packages in '/home/vignesh/micronav_ws'
[20.002s] Level 1:colcon.colcon_core.package_identification:_identify(.) by extensions ['ignore', 'ignore_ament_install']
[20.021s] Level 1:colcon.colcon_core.package_identification:_identify(.) by extension 'ignore'
[20.028s] Level 1:colcon.colcon_core.package_identification:_identify(.) by extension 'ignore_ament_install'
[20.030s] Level 1:colcon.colcon_core.package_identification:_identify(.) by extensions ['colcon_pkg']
[20.030s] Level 1:colcon.colcon_core.package_identification:_identify(.) by extension 'colcon_pkg'
[20.031s] Level 1:colcon.colcon_core.package_identification:_identify(.) by extensions ['colcon_meta']
[20.032s] Level 1:colcon.colcon_core.package_identification:_identify(.) by extension 'colcon_meta'
[20.033s] Level 1:colcon.colcon_core.package_identification:_identify(.) by extensions ['ros']
[20.033s] Level 1:colcon.colcon_core.package_identification:_identify(.) by extension 'ros'
[20.916s] Level 1:colcon.colcon_core.package_identification:_identify(.) by extensions ['cmake', 'python']
[20.998s] Level 1:colcon.colcon_core.package_identification:_identify(.) by extension 'cmake'
[21.000s] Level 1:colcon.colcon_core.package_identification:_identify(.) by extension 'python'
[21.001s] Level 1:colcon.colcon_core.package_identification:_identify(.) by extensions ['python_setup_py']
[21.001s] Level 1:colcon.colcon_core.package_identification:_identify(.) by extension 'python_setup_py'
[21.023s] Level 1:colcon.colcon_core.package_identification:_identify(build) by extensions ['ignore', 'ignore_ament_install']
[21.025s] Level 1:colcon.colcon_core.package_identification:_identify(build) by extension 'ignore'
[21.026s] Level 1:colcon.colcon_core.package_identification:_identify(build) ignored
[21.032s] Level 1:colcon.colcon_core.package_identification:_identify(install) by extensions ['ignore', 'ignore_ament_install']
[21.033s] Level 1:colcon.colcon_core.package_identification:_identify(install) by extension 'ignore'
[21.034s] Level 1:colcon.colcon_core.package_identification:_identify(install) ignored
[21.037s] Level 1:colcon.colcon_core.package_identification:_identify(log) by extensions ['ignore', 'ignore_ament_install']
[21.038s] Level 1:colcon.colcon_core.package_identification:_identify(log) by extension 'ignore'
[21.038s] Level 1:colcon.colcon_core.package_identification:_identify(log) ignored
[21.040s] Level 1:colcon.colcon_core.package_identification:_identify(src) by extensions ['ignore', 'ignore_ament_install']
[21.041s] Level 1:colcon.colcon_core.package_identification:_identify(src) by extension 'ignore'
[21.042s] Level 1:colcon.colcon_core.package_identification:_identify(src) by extension 'ignore_ament_install'
[21.043s] Level 1:colcon.colcon_core.package_identification:_identify(src) by extensions ['colcon_pkg']
[21.043s] Level 1:colcon.colcon_core.package_identification:_identify(src) by extension 'colcon_pkg'
[21.044s] Level 1:colcon.colcon_core.package_identification:_identify(src) by extensions ['colcon_meta']
[21.044s] Level 1:colcon.colcon_core.package_identification:_identify(src) by extension 'colcon_meta'
[21.045s] Level 1:colcon.colcon_core.package_identification:_identify(src) by extensions ['ros']
[21.045s] Level 1:colcon.colcon_core.package_identification:_identify(src) by extension 'ros'
[21.046s] Level 1:colcon.colcon_core.package_identification:_identify(src) by extensions ['cmake', 'python']
[21.046s] Level 1:colcon.colcon_core.package_identification:_identify(src) by extension 'cmake'
[21.047s] Level 1:colcon.colcon_core.package_identification:_identify(src) by extension 'python'
[21.048s] Level 1:colcon.colcon_core.package_identification:_identify(src) by extensions ['python_setup_py']
[21.048s] Level 1:colcon.colcon_core.package_identification:_identify(src) by extension 'python_setup_py'
[21.049s] Level 1:colcon.colcon_core.package_discovery:discover_packages(recursive) using defaults
[21.049s] Level 1:colcon.colcon_core.package_discovery:discover_packages(ignore) discover
[21.049s] Level 1:colcon.colcon_core.package_discovery:discover_packages(ignore) using defaults
[21.050s] Level 1:colcon.colcon_core.package_discovery:discover_packages(path) discover
[21.050s] Level 1:colcon.colcon_core.package_discovery:discover_packages(path) using defaults
[37.963s] Level 1:colcon.colcon_core.package_discovery:discover_packages(prefix_path) check parameters
[37.989s] Level 1:colcon.colcon_core.package_discovery:discover_packages(prefix_path) discover
[44.170s] DEBUG:colcon.colcon_installed_package_information.package_discovery:Found 183 installed packages in /opt/ros/humble
[44.217s] Level 1:colcon.colcon_core.package_discovery:discover_packages(prefix_path) using defaults
